TN:
SF:Gruntfile.js
FN:2,(anonymous_0)
FN:173,(anonymous_1)
FN:179,(anonymous_2)
FN:185,(anonymous_3)
FN:191,(anonymous_4)
FN:197,(anonymous_5)
FN:203,(anonymous_6)
FN:209,(anonymous_7)
FN:215,(anonymous_8)
FN:221,(anonymous_9)
FN:227,(anonymous_10)
FN:233,(anonymous_11)
FN:239,(anonymous_12)
FN:245,(anonymous_13)
FN:251,(anonymous_14)
FN:257,(anonymous_15)
FN:263,(anonymous_16)
FN:269,(anonymous_17)
FN:275,(anonymous_18)
FN:281,(anonymous_19)
FN:287,(anonymous_20)
FN:293,(anonymous_21)
FN:299,(anonymous_22)
FN:305,(anonymous_23)
FN:311,(anonymous_24)
FN:359,(anonymous_25)
FN:447,(anonymous_26)
FN:453,str_escape
FN:461,str_unescape
FN:469,readTransifexApiKey
FN:484,updateTxSource
FN:510,(anonymous_31)
FN:523,listLanguages
FN:528,(anonymous_33)
FN:542,fetchTxTranslationsPO
FN:571,(anonymous_35)
FN:575,(anonymous_36)
FN:578,(anonymous_37)
FN:583,(anonymous_38)
FN:609,fetchTxTranslationsForLanguage
FN:614,(anonymous_40)
FN:631,fetchTxTranslations
FN:636,(anonymous_42)
FN:637,(anonymous_43)
FN:651,(anonymous_44)
FN:652,(anonymous_45)
FN:681,(anonymous_46)
FN:706,addString
FN:717,extractStringsFromHTMLFile
FN:735,extractStringsFromJSONFile
FN:746,extractStringsFromTXTFile
FN:758,extractStringsFromFile
FN:770,extractStringsFromDir
FN:771,(anonymous_53)
FN:779,(anonymous_54)
FN:786,(anonymous_55)
FN:797,(anonymous_56)
FN:801,(anonymous_57)
FN:808,(anonymous_58)
FN:836,(anonymous_59)
FN:843,(anonymous_60)
FN:853,(anonymous_61)
FN:858,(anonymous_62)
FN:868,(anonymous_63)
FN:885,(anonymous_64)
FN:893,(anonymous_65)
FN:894,(anonymous_66)
FN:901,(anonymous_67)
FN:908,(anonymous_68)
FN:943,(anonymous_69)
FN:953,(anonymous_70)
FN:961,(anonymous_71)
FN:972,(anonymous_72)
FN:978,recordFailure
FN:983,checkIfRightTagsUsed
FN:984,(anonymous_75)
FN:991,checkForBrokenTags
FN:1012,(anonymous_77)
FN:1033,(anonymous_78)
FNF:79
FNH:0
FNDA:0,(anonymous_0)
FNDA:0,(anonymous_1)
FNDA:0,(anonymous_2)
FNDA:0,(anonymous_3)
FNDA:0,(anonymous_4)
FNDA:0,(anonymous_5)
FNDA:0,(anonymous_6)
FNDA:0,(anonymous_7)
FNDA:0,(anonymous_8)
FNDA:0,(anonymous_9)
FNDA:0,(anonymous_10)
FNDA:0,(anonymous_11)
FNDA:0,(anonymous_12)
FNDA:0,(anonymous_13)
FNDA:0,(anonymous_14)
FNDA:0,(anonymous_15)
FNDA:0,(anonymous_16)
FNDA:0,(anonymous_17)
FNDA:0,(anonymous_18)
FNDA:0,(anonymous_19)
FNDA:0,(anonymous_20)
FNDA:0,(anonymous_21)
FNDA:0,(anonymous_22)
FNDA:0,(anonymous_23)
FNDA:0,(anonymous_24)
FNDA:0,(anonymous_25)
FNDA:0,(anonymous_26)
FNDA:0,str_escape
FNDA:0,str_unescape
FNDA:0,readTransifexApiKey
FNDA:0,updateTxSource
FNDA:0,(anonymous_31)
FNDA:0,listLanguages
FNDA:0,(anonymous_33)
FNDA:0,fetchTxTranslationsPO
FNDA:0,(anonymous_35)
FNDA:0,(anonymous_36)
FNDA:0,(anonymous_37)
FNDA:0,(anonymous_38)
FNDA:0,fetchTxTranslationsForLanguage
FNDA:0,(anonymous_40)
FNDA:0,fetchTxTranslations
FNDA:0,(anonymous_42)
FNDA:0,(anonymous_43)
FNDA:0,(anonymous_44)
FNDA:0,(anonymous_45)
FNDA:0,(anonymous_46)
FNDA:0,addString
FNDA:0,extractStringsFromHTMLFile
FNDA:0,extractStringsFromJSONFile
FNDA:0,extractStringsFromTXTFile
FNDA:0,extractStringsFromFile
FNDA:0,extractStringsFromDir
FNDA:0,(anonymous_53)
FNDA:0,(anonymous_54)
FNDA:0,(anonymous_55)
FNDA:0,(anonymous_56)
FNDA:0,(anonymous_57)
FNDA:0,(anonymous_58)
FNDA:0,(anonymous_59)
FNDA:0,(anonymous_60)
FNDA:0,(anonymous_61)
FNDA:0,(anonymous_62)
FNDA:0,(anonymous_63)
FNDA:0,(anonymous_64)
FNDA:0,(anonymous_65)
FNDA:0,(anonymous_66)
FNDA:0,(anonymous_67)
FNDA:0,(anonymous_68)
FNDA:0,(anonymous_69)
FNDA:0,(anonymous_70)
FNDA:0,(anonymous_71)
FNDA:0,(anonymous_72)
FNDA:0,recordFailure
FNDA:0,checkIfRightTagsUsed
FNDA:0,(anonymous_75)
FNDA:0,checkForBrokenTags
FNDA:0,(anonymous_77)
FNDA:0,(anonymous_78)
DA:2,0
DA:3,0
DA:4,0
DA:5,0
DA:6,0
DA:7,0
DA:9,0
DA:174,0
DA:180,0
DA:186,0
DA:192,0
DA:198,0
DA:204,0
DA:210,0
DA:216,0
DA:222,0
DA:228,0
DA:234,0
DA:240,0
DA:246,0
DA:252,0
DA:258,0
DA:264,0
DA:270,0
DA:276,0
DA:282,0
DA:288,0
DA:294,0
DA:300,0
DA:306,0
DA:312,0
DA:360,0
DA:433,0
DA:434,0
DA:435,0
DA:436,0
DA:437,0
DA:438,0
DA:439,0
DA:440,0
DA:441,0
DA:442,0
DA:443,0
DA:444,0
DA:445,0
DA:447,0
DA:448,0
DA:451,0
DA:454,0
DA:455,0
DA:458,0
DA:462,0
DA:463,0
DA:466,0
DA:470,0
DA:472,0
DA:473,0
DA:476,0
DA:479,0
DA:480,0
DA:481,0
DA:482,0
DA:485,0
DA:487,0
DA:507,0
DA:511,0
DA:512,0
DA:513,0
DA:515,0
DA:518,0
DA:524,0
DA:526,0
DA:529,0
DA:530,0
DA:531,0
DA:532,0
DA:534,0
DA:537,0
DA:543,0
DA:545,0
DA:572,0
DA:573,0
DA:575,0
DA:576,0
DA:579,0
DA:580,0
DA:581,0
DA:583,0
DA:584,0
DA:587,0
DA:592,0
DA:595,0
DA:596,0
DA:601,0
DA:603,0
DA:604,0
DA:610,0
DA:612,0
DA:615,0
DA:616,0
DA:619,0
DA:620,0
DA:622,0
DA:625,0
DA:626,0
DA:632,0
DA:634,0
DA:636,0
DA:637,0
DA:638,0
DA:639,0
DA:642,0
DA:643,0
DA:646,0
DA:649,0
DA:651,0
DA:652,0
DA:653,0
DA:654,0
DA:655,0
DA:658,0
DA:660,0
DA:661,0
DA:663,0
DA:665,0
DA:666,0
DA:670,0
DA:672,0
DA:677,0
DA:681,0
DA:682,0
DA:699,0
DA:700,0
DA:701,0
DA:702,0
DA:704,0
DA:707,0
DA:708,0
DA:711,0
DA:718,0
DA:721,0
DA:722,0
DA:723,0
DA:724,0
DA:727,0
DA:728,0
DA:729,0
DA:730,0
DA:736,0
DA:739,0
DA:740,0
DA:741,0
DA:742,0
DA:747,0
DA:748,0
DA:750,0
DA:752,0
DA:753,0
DA:759,0
DA:761,0
DA:762,0
DA:763,0
DA:764,0
DA:765,0
DA:766,0
DA:771,0
DA:772,0
DA:773,0
DA:777,0
DA:780,0
DA:783,0
DA:787,0
DA:790,0
DA:792,0
DA:794,0
DA:797,0
DA:798,0
DA:801,0
DA:802,0
DA:803,0
DA:806,0
DA:808,0
DA:809,0
DA:810,0
DA:812,0
DA:813,0
DA:815,0
DA:817,0
DA:819,0
DA:820,0
DA:821,0
DA:824,0
DA:827,0
DA:829,0
DA:832,0
DA:836,0
DA:837,0
DA:838,0
DA:839,0
DA:841,0
DA:843,0
DA:844,0
DA:847,0
DA:848,0
DA:849,0
DA:850,0
DA:851,0
DA:853,0
DA:854,0
DA:855,0
DA:856,0
DA:858,0
DA:859,0
DA:860,0
DA:861,0
DA:862,0
DA:868,0
DA:870,0
DA:872,0
DA:873,0
DA:876,0
DA:877,0
DA:880,0
DA:881,0
DA:885,0
DA:886,0
DA:888,0
DA:889,0
DA:893,0
DA:894,0
DA:895,0
DA:899,0
DA:901,0
DA:902,0
DA:903,0
DA:905,0
DA:908,0
DA:909,0
DA:910,0
DA:912,0
DA:913,0
DA:914,0
DA:917,0
DA:919,0
DA:921,0
DA:922,0
DA:923,0
DA:924,0
DA:928,0
DA:929,0
DA:933,0
DA:937,0
DA:938,0
DA:939,0
DA:941,0
DA:942,0
DA:943,0
DA:944,0
DA:945,0
DA:949,0
DA:951,0
DA:953,0
DA:954,0
DA:955,0
DA:956,0
DA:957,0
DA:958,0
DA:961,0
DA:962,0
DA:963,0
DA:964,0
DA:965,0
DA:966,0
DA:969,0
DA:972,0
DA:973,0
DA:974,0
DA:976,0
DA:979,0
DA:980,0
DA:984,0
DA:985,0
DA:986,0
DA:992,0
DA:993,0
DA:995,0
DA:997,0
DA:998,0
DA:1000,0
DA:1001,0
DA:1005,0
DA:1009,0
DA:1012,0
DA:1013,0
DA:1014,0
DA:1020,0
DA:1021,0
DA:1022,0
DA:1023,0
DA:1025,0
DA:1026,0
DA:1027,0
DA:1028,0
DA:1032,0
DA:1033,0
DA:1034,0
DA:1037,0
DA:1039,0
DA:1044,0
DA:1047,0
DA:1050,0
DA:1054,0
DA:1055,0
DA:1057,0
LF:314
LH:0
BRDA:454,0,0,0
BRDA:454,0,1,0
BRDA:462,1,0,0
BRDA:462,1,1,0
BRDA:472,2,0,0
BRDA:472,2,1,0
BRDA:511,3,0,0
BRDA:511,3,1,0
BRDA:512,4,0,0
BRDA:512,4,1,0
BRDA:529,5,0,0
BRDA:529,5,1,0
BRDA:530,6,0,0
BRDA:530,6,1,0
BRDA:572,7,0,0
BRDA:572,7,1,0
BRDA:572,8,0,0
BRDA:572,8,1,0
BRDA:579,9,0,0
BRDA:579,9,1,0
BRDA:579,10,0,0
BRDA:579,10,1,0
BRDA:580,11,0,0
BRDA:580,11,1,0
BRDA:615,12,0,0
BRDA:615,12,1,0
BRDA:615,13,0,0
BRDA:615,13,1,0
BRDA:619,14,0,0
BRDA:619,14,1,0
BRDA:638,15,0,0
BRDA:638,15,1,0
BRDA:642,16,0,0
BRDA:642,16,1,0
BRDA:653,17,0,0
BRDA:653,17,1,0
BRDA:660,18,0,0
BRDA:660,18,1,0
BRDA:707,19,0,0
BRDA:707,19,1,0
BRDA:752,20,0,0
BRDA:752,20,1,0
BRDA:752,21,0,0
BRDA:752,21,1,0
BRDA:761,22,0,0
BRDA:761,22,1,0
BRDA:763,23,0,0
BRDA:763,23,1,0
BRDA:765,24,0,0
BRDA:765,24,1,0
BRDA:772,25,0,0
BRDA:772,25,1,0
BRDA:772,26,0,0
BRDA:772,26,1,0
BRDA:820,27,0,0
BRDA:820,27,1,0
BRDA:855,28,0,0
BRDA:855,28,1,0
BRDA:861,29,0,0
BRDA:861,29,1,0
BRDA:903,30,0,0
BRDA:903,30,1,0
BRDA:903,31,0,0
BRDA:903,31,1,0
BRDA:913,32,0,0
BRDA:913,32,1,0
BRDA:923,33,0,0
BRDA:923,33,1,0
BRDA:928,34,0,0
BRDA:928,34,1,0
BRDA:928,35,0,0
BRDA:928,35,1,0
BRDA:954,36,0,0
BRDA:954,36,1,0
BRDA:954,37,0,0
BRDA:954,37,1,0
BRDA:955,38,0,0
BRDA:955,38,1,0
BRDA:955,39,0,0
BRDA:955,39,1,0
BRDA:962,40,0,0
BRDA:962,40,1,0
BRDA:962,41,0,0
BRDA:962,41,1,0
BRDA:963,42,0,0
BRDA:963,42,1,0
BRDA:963,43,0,0
BRDA:963,43,1,0
BRDA:985,44,0,0
BRDA:985,44,1,0
BRDA:992,45,0,0
BRDA:992,45,1,0
BRDA:993,46,0,0
BRDA:993,46,1,0
BRDA:995,47,0,0
BRDA:995,47,1,0
BRDA:997,48,0,0
BRDA:997,48,1,0
BRDA:1000,49,0,0
BRDA:1000,49,1,0
BRDA:1005,50,0,0
BRDA:1005,50,1,0
BRDA:1005,51,0,0
BRDA:1005,51,1,0
BRDA:1005,51,2,0
BRDA:1005,51,3,0
BRDA:1013,52,0,0
BRDA:1013,52,1,0
BRDA:1023,53,0,0
BRDA:1023,53,1,0
BRDA:1032,54,0,0
BRDA:1032,54,1,0
BRF:112
BRH:0
end_of_record
TN:
SF:build/js/app.js
FN:26,(anonymous_0)
FN:29,(anonymous_1)
FN:32,(anonymous_2)
FN:35,(anonymous_3)
FN:38,(anonymous_4)
FN:42,(anonymous_5)
FN:43,(anonymous_6)
FN:48,(anonymous_7)
FN:59,(anonymous_8)
FN:62,(anonymous_9)
FN:67,(anonymous_10)
FN:68,requireAuth
FN:69,(anonymous_12)
FN:72,fetchResources
FN:73,(anonymous_14)
FN:75,(anonymous_15)
FN:76,(anonymous_16)
FN:77,(anonymous_17)
FN:78,(anonymous_18)
FN:79,(anonymous_19)
FN:80,(anonymous_20)
FN:81,(anonymous_21)
FN:82,(anonymous_22)
FN:83,(anonymous_23)
FN:84,(anonymous_24)
FN:85,(anonymous_25)
FN:86,(anonymous_26)
FN:87,(anonymous_27)
FN:88,(anonymous_28)
FN:89,(anonymous_29)
FN:92,(anonymous_30)
FN:100,(anonymous_31)
FN:400,(anonymous_32)
FN:409,(anonymous_33)
FN:413,(anonymous_34)
FN:417,(anonymous_35)
FN:424,(anonymous_36)
FN:427,(anonymous_37)
FN:448,(anonymous_38)
FN:452,(anonymous_39)
FN:459,(anonymous_40)
FN:478,(anonymous_41)
FN:481,(anonymous_42)
FN:486,(anonymous_43)
FN:490,(anonymous_44)
FN:495,(anonymous_45)
FN:499,(anonymous_46)
FN:503,(anonymous_47)
FN:511,(anonymous_48)
FN:517,(anonymous_49)
FN:517,(anonymous_50)
FN:523,(anonymous_51)
FN:533,(anonymous_52)
FN:541,(anonymous_53)
FN:542,(anonymous_54)
FN:582,(anonymous_55)
FN:587,(anonymous_56)
FN:603,(anonymous_57)
FN:622,(anonymous_58)
FN:625,(anonymous_59)
FN:631,(anonymous_60)
FN:639,(anonymous_61)
FN:643,(anonymous_62)
FN:652,(anonymous_63)
FN:664,(anonymous_64)
FN:673,(anonymous_65)
FN:679,(anonymous_66)
FN:683,(anonymous_67)
FN:691,(anonymous_68)
FN:694,(anonymous_69)
FN:703,(anonymous_70)
FN:709,(anonymous_71)
FN:724,(anonymous_72)
FN:726,(anonymous_73)
FN:733,(anonymous_74)
FN:741,(anonymous_75)
FN:774,(anonymous_76)
FN:781,(anonymous_77)
FN:784,(anonymous_78)
FN:787,(anonymous_79)
FN:791,(anonymous_80)
FNF:81
FNH:53
FNDA:8,(anonymous_0)
FNDA:8,(anonymous_1)
FNDA:8,(anonymous_2)
FNDA:8,(anonymous_3)
FNDA:8,(anonymous_4)
FNDA:8,(anonymous_5)
FNDA:8,(anonymous_6)
FNDA:297,(anonymous_7)
FNDA:8,(anonymous_8)
FNDA:8,(anonymous_9)
FNDA:8,(anonymous_10)
FNDA:176,requireAuth
FNDA:17,(anonymous_12)
FNDA:176,fetchResources
FNDA:17,(anonymous_14)
FNDA:0,(anonymous_15)
FNDA:17,(anonymous_16)
FNDA:0,(anonymous_17)
FNDA:0,(anonymous_18)
FNDA:17,(anonymous_19)
FNDA:0,(anonymous_20)
FNDA:0,(anonymous_21)
FNDA:0,(anonymous_22)
FNDA:0,(anonymous_23)
FNDA:0,(anonymous_24)
FNDA:0,(anonymous_25)
FNDA:12,(anonymous_26)
FNDA:0,(anonymous_27)
FNDA:0,(anonymous_28)
FNDA:17,(anonymous_29)
FNDA:17,(anonymous_30)
FNDA:17,(anonymous_31)
FNDA:8,(anonymous_32)
FNDA:8,(anonymous_33)
FNDA:8,(anonymous_34)
FNDA:8,(anonymous_35)
FNDA:8,(anonymous_36)
FNDA:8,(anonymous_37)
FNDA:8,(anonymous_38)
FNDA:8,(anonymous_39)
FNDA:8,(anonymous_40)
FNDA:0,(anonymous_41)
FNDA:0,(anonymous_42)
FNDA:0,(anonymous_43)
FNDA:0,(anonymous_44)
FNDA:0,(anonymous_45)
FNDA:0,(anonymous_46)
FNDA:0,(anonymous_47)
FNDA:0,(anonymous_48)
FNDA:0,(anonymous_49)
FNDA:0,(anonymous_50)
FNDA:0,(anonymous_51)
FNDA:0,(anonymous_52)
FNDA:15,(anonymous_53)
FNDA:13,(anonymous_54)
FNDA:13,(anonymous_55)
FNDA:39,(anonymous_56)
FNDA:1027,(anonymous_57)
FNDA:1854,(anonymous_58)
FNDA:1121,(anonymous_59)
FNDA:1854,(anonymous_60)
FNDA:298,(anonymous_61)
FNDA:14,(anonymous_62)
FNDA:23,(anonymous_63)
FNDA:21,(anonymous_64)
FNDA:0,(anonymous_65)
FNDA:7,(anonymous_66)
FNDA:389,(anonymous_67)
FNDA:7,(anonymous_68)
FNDA:7,(anonymous_69)
FNDA:0,(anonymous_70)
FNDA:0,(anonymous_71)
FNDA:8,(anonymous_72)
FNDA:435,(anonymous_73)
FNDA:5,(anonymous_74)
FNDA:2,(anonymous_75)
FNDA:8,(anonymous_76)
FNDA:30,(anonymous_77)
FNDA:0,(anonymous_78)
FNDA:0,(anonymous_79)
FNDA:13296,(anonymous_80)
DA:7,8
DA:9,8
DA:27,8
DA:30,8
DA:33,8
DA:36,8
DA:39,8
DA:40,8
DA:43,8
DA:46,8
DA:48,8
DA:49,297
DA:50,297
DA:53,297
DA:56,8
DA:60,8
DA:65,8
DA:69,176
DA:73,176
DA:74,17
DA:75,0
DA:76,17
DA:77,0
DA:78,0
DA:79,17
DA:80,0
DA:81,0
DA:82,0
DA:83,0
DA:84,0
DA:85,0
DA:86,12
DA:87,0
DA:88,0
DA:89,17
DA:92,17
DA:93,17
DA:95,17
DA:96,63
DA:97,63
DA:100,17
DA:101,17
DA:103,17
DA:104,17
DA:106,17
DA:107,0
DA:108,17
DA:109,0
DA:117,8
DA:401,8
DA:406,8
DA:407,8
DA:410,8
DA:411,8
DA:414,8
DA:415,8
DA:418,8
DA:419,8
DA:420,8
DA:421,8
DA:422,8
DA:425,8
DA:428,8
DA:444,8
DA:446,8
DA:450,8
DA:453,8
DA:454,8
DA:455,8
DA:456,8
DA:460,8
DA:462,8
DA:463,8
DA:464,8
DA:465,8
DA:466,8
DA:467,8
DA:468,8
DA:469,8
DA:471,8
DA:473,8
DA:479,0
DA:482,0
DA:486,8
DA:487,0
DA:490,8
DA:491,0
DA:492,0
DA:495,8
DA:496,0
DA:499,8
DA:500,0
DA:503,8
DA:504,0
DA:511,8
DA:512,0
DA:517,0
DA:523,8
DA:524,0
DA:528,0
DA:529,0
DA:533,8
DA:534,0
DA:535,0
DA:538,0
DA:541,8
DA:542,15
DA:545,13
DA:547,13
DA:548,13
DA:549,13
DA:550,13
DA:551,6
DA:552,6
DA:553,6
DA:554,6
DA:555,6
DA:556,6
DA:560,13
DA:561,0
DA:562,0
DA:563,0
DA:564,0
DA:565,0
DA:566,0
DA:570,13
DA:571,0
DA:575,13
DA:576,13
DA:577,13
DA:579,13
DA:580,13
DA:582,13
DA:583,13
DA:584,13
DA:587,13
DA:588,39
DA:589,39
DA:590,0
DA:594,13
DA:598,13
DA:600,13
DA:601,13
DA:602,13
DA:603,13
DA:604,1027
DA:605,1027
DA:606,26
DA:607,26
DA:611,13
DA:612,13
DA:614,13
DA:621,8
DA:622,8
DA:623,1854
DA:624,1121
DA:625,1121
DA:626,1121
DA:627,1121
DA:631,8
DA:632,1854
DA:633,1854
DA:634,2341
DA:635,2341
DA:638,1854
DA:640,298
DA:643,8
DA:644,14
DA:645,6
DA:646,0
DA:647,0
DA:652,8
DA:653,23
DA:654,23
DA:655,0
DA:656,0
DA:657,0
DA:662,8
DA:664,8
DA:665,21
DA:666,21
DA:667,21
DA:668,21
DA:669,21
DA:673,8
DA:674,0
DA:675,0
DA:679,8
DA:680,7
DA:683,8
DA:684,389
DA:686,0
DA:687,0
DA:691,8
DA:692,7
DA:694,7
DA:695,7
DA:697,7
DA:698,0
DA:703,8
DA:704,0
DA:705,0
DA:709,8
DA:710,0
DA:711,0
DA:712,0
DA:714,0
DA:715,0
DA:720,8
DA:722,8
DA:725,8
DA:727,435
DA:728,435
DA:730,435
DA:732,435
DA:733,5
DA:734,5
DA:735,5
DA:738,430
DA:746,2
DA:747,2
DA:748,2
DA:750,2
DA:751,2
DA:758,2
DA:759,2
DA:760,2
DA:761,0
DA:762,0
DA:763,0
DA:767,2
DA:770,2
DA:778,8
DA:780,8
DA:782,30
DA:785,0
DA:788,0
DA:789,0
DA:792,13296
LF:239
LH:179
BRDA:103,0,0,17
BRDA:103,0,1,0
BRDA:106,1,0,0
BRDA:106,1,1,17
BRDA:108,2,0,0
BRDA:108,2,1,17
BRDA:524,3,0,0
BRDA:524,3,1,0
BRDA:524,4,0,0
BRDA:524,4,1,0
BRDA:524,4,2,0
BRDA:524,4,3,0
BRDA:534,5,0,0
BRDA:534,5,1,0
BRDA:547,6,0,13
BRDA:547,6,1,0
BRDA:548,7,0,13
BRDA:548,7,1,0
BRDA:550,8,0,6
BRDA:550,8,1,7
BRDA:560,9,0,0
BRDA:560,9,1,13
BRDA:562,10,0,0
BRDA:562,10,1,0
BRDA:570,11,0,0
BRDA:570,11,1,13
BRDA:589,12,0,0
BRDA:589,12,1,39
BRDA:595,13,0,13
BRDA:595,13,1,13
BRDA:605,14,0,26
BRDA:605,14,1,1001
BRDA:623,15,0,733
BRDA:623,15,1,1121
BRDA:634,16,0,2341
BRDA:634,16,1,0
BRDA:644,17,0,6
BRDA:644,17,1,8
BRDA:645,18,0,0
BRDA:645,18,1,6
BRDA:645,19,0,6
BRDA:645,19,1,6
BRDA:654,20,0,0
BRDA:654,20,1,23
BRDA:655,21,0,0
BRDA:655,21,1,0
BRDA:665,22,0,21
BRDA:665,22,1,0
BRDA:674,23,0,0
BRDA:674,23,1,0
BRDA:684,24,0,0
BRDA:684,24,1,389
BRDA:684,25,0,389
BRDA:684,25,1,389
BRDA:684,25,2,12
BRDA:684,25,3,12
BRDA:684,26,0,389
BRDA:684,26,1,0
BRDA:685,27,0,389
BRDA:685,27,1,0
BRDA:697,28,0,0
BRDA:697,28,1,7
BRDA:704,29,0,0
BRDA:704,29,1,0
BRDA:704,30,0,0
BRDA:704,30,1,0
BRDA:710,31,0,0
BRDA:710,31,1,0
BRDA:710,32,0,0
BRDA:710,32,1,0
BRDA:711,33,0,0
BRDA:711,33,1,0
BRDA:732,34,0,5
BRDA:732,34,1,430
BRDA:732,35,0,435
BRDA:732,35,1,79
BRDA:732,35,2,74
BRDA:750,36,0,2
BRDA:750,36,1,0
BRDA:758,37,0,2
BRDA:758,37,1,0
BRDA:761,38,0,0
BRDA:761,38,1,0
BRDA:761,39,0,0
BRDA:761,39,1,0
BRDA:762,40,0,0
BRDA:762,40,1,0
BRF:87
BRH:39
end_of_record
TN:
SF:build/js/constants.js
FNF:0
FNH:0
DA:1,8
LF:1
LH:1
BRF:0
BRH:0
end_of_record
TN:
SF:build/js/crypto.js
FN:1,(anonymous_0)
FN:7,(anonymous_1)
FN:16,(anonymous_2)
FN:19,(anonymous_3)
FN:28,(anonymous_4)
FN:31,(anonymous_5)
FN:36,(anonymous_6)
FN:54,(anonymous_7)
FNF:8
FNH:7
FNDA:8,(anonymous_0)
FNDA:1269,(anonymous_1)
FNDA:8,(anonymous_2)
FNDA:1269,(anonymous_3)
FNDA:5,(anonymous_4)
FNDA:1269,(anonymous_5)
FNDA:1269,(anonymous_6)
FNDA:0,(anonymous_7)
DA:1,8
DA:2,8
DA:8,1269
DA:9,1269
DA:10,84481
DA:12,1269
DA:19,8
DA:20,1269
DA:21,0
DA:24,1269
DA:27,8
DA:29,5
DA:31,5
DA:32,1269
DA:33,1269
DA:36,1269
DA:37,1269
DA:38,1269
DA:39,5
DA:41,1264
DA:45,1269
DA:46,1269
DA:48,0
DA:51,1269
DA:52,1269
DA:54,0
DA:58,5
DA:60,5
LF:28
LH:25
BRDA:20,0,0,0
BRDA:20,0,1,1269
BRDA:20,1,0,1269
BRDA:20,1,1,1269
BRDA:38,2,0,5
BRDA:38,2,1,1264
BRDA:45,3,0,1269
BRDA:45,3,1,0
BRDA:51,4,0,1269
BRDA:51,4,1,0
BRF:10
BRH:7
end_of_record
TN:
SF:build/js/directives.js
FN:2,(anonymous_0)
FN:11,(anonymous_1)
FN:18,(anonymous_2)
FN:31,(anonymous_3)
FN:37,(anonymous_4)
FN:66,(anonymous_5)
FN:73,(anonymous_6)
FN:76,postLink
FN:79,(anonymous_8)
FN:88,(anonymous_9)
FN:96,(anonymous_10)
FN:99,(anonymous_11)
FN:101,(anonymous_12)
FN:130,(anonymous_13)
FN:133,(anonymous_14)
FN:135,(anonymous_15)
FN:164,(anonymous_16)
FN:167,(anonymous_17)
FN:168,(anonymous_18)
FN:178,(anonymous_19)
FN:184,(anonymous_20)
FN:188,(anonymous_21)
FN:203,(anonymous_22)
FN:206,(anonymous_23)
FN:207,(anonymous_24)
FN:217,(anonymous_25)
FN:224,(anonymous_26)
FN:228,(anonymous_27)
FN:230,(anonymous_28)
FN:243,(anonymous_29)
FN:256,(anonymous_30)
FN:259,(anonymous_31)
FN:260,(anonymous_32)
FN:266,(anonymous_33)
FN:273,(anonymous_34)
FN:281,(anonymous_35)
FN:282,(anonymous_36)
FN:284,(anonymous_37)
FN:292,(anonymous_38)
FN:294,(anonymous_39)
FN:295,(anonymous_40)
FN:301,(anonymous_41)
FN:304,(anonymous_42)
FN:305,(anonymous_43)
FN:311,(anonymous_44)
FN:314,(anonymous_45)
FN:315,(anonymous_46)
FN:318,(anonymous_47)
FN:324,(anonymous_48)
FN:325,link
FN:326,(anonymous_50)
FNF:51
FNH:9
FNDA:0,(anonymous_0)
FNDA:0,(anonymous_1)
FNDA:0,(anonymous_2)
FNDA:0,(anonymous_3)
FNDA:0,(anonymous_4)
FNDA:0,(anonymous_5)
FNDA:0,(anonymous_6)
FNDA:0,postLink
FNDA:0,(anonymous_8)
FNDA:0,(anonymous_9)
FNDA:2,(anonymous_10)
FNDA:2,(anonymous_11)
FNDA:0,(anonymous_12)
FNDA:0,(anonymous_13)
FNDA:0,(anonymous_14)
FNDA:0,(anonymous_15)
FNDA:0,(anonymous_16)
FNDA:0,(anonymous_17)
FNDA:0,(anonymous_18)
FNDA:0,(anonymous_19)
FNDA:0,(anonymous_20)
FNDA:0,(anonymous_21)
FNDA:5,(anonymous_22)
FNDA:33,(anonymous_23)
FNDA:33,(anonymous_24)
FNDA:5,(anonymous_25)
FNDA:5,(anonymous_26)
FNDA:44,(anonymous_27)
FNDA:0,(anonymous_28)
FNDA:5,(anonymous_29)
FNDA:0,(anonymous_30)
FNDA:0,(anonymous_31)
FNDA:0,(anonymous_32)
FNDA:0,(anonymous_33)
FNDA:0,(anonymous_34)
FNDA:0,(anonymous_35)
FNDA:0,(anonymous_36)
FNDA:0,(anonymous_37)
FNDA:0,(anonymous_38)
FNDA:0,(anonymous_39)
FNDA:0,(anonymous_40)
FNDA:0,(anonymous_41)
FNDA:0,(anonymous_42)
FNDA:0,(anonymous_43)
FNDA:0,(anonymous_44)
FNDA:0,(anonymous_45)
FNDA:0,(anonymous_46)
FNDA:0,(anonymous_47)
FNDA:0,(anonymous_48)
FNDA:0,link
FNDA:0,(anonymous_50)
DA:1,8
DA:3,0
DA:12,0
DA:17,0
DA:19,0
DA:20,0
DA:21,0
DA:22,0
DA:23,0
DA:24,0
DA:27,0
DA:31,0
DA:32,0
DA:33,0
DA:34,0
DA:37,0
DA:38,0
DA:39,0
DA:40,0
DA:41,0
DA:42,0
DA:43,0
DA:44,0
DA:45,0
DA:46,0
DA:49,0
DA:50,0
DA:51,0
DA:54,0
DA:55,0
DA:56,0
DA:58,0
DA:61,0
DA:62,0
DA:66,0
DA:67,0
DA:74,0
DA:77,0
DA:79,0
DA:80,0
DA:82,0
DA:83,0
DA:84,0
DA:88,0
DA:89,0
DA:92,0
DA:97,2
DA:100,2
DA:101,2
DA:102,0
DA:104,0
DA:105,0
DA:107,0
DA:108,0
DA:109,0
DA:110,0
DA:111,0
DA:113,0
DA:115,0
DA:119,0
DA:121,0
DA:122,0
DA:125,0
DA:131,0
DA:134,0
DA:135,0
DA:136,0
DA:138,0
DA:139,0
DA:141,0
DA:142,0
DA:143,0
DA:144,0
DA:145,0
DA:147,0
DA:149,0
DA:153,0
DA:155,0
DA:156,0
DA:159,0
DA:165,0
DA:168,0
DA:169,0
DA:170,0
DA:171,0
DA:172,0
DA:173,0
DA:179,0
DA:185,0
DA:186,0
DA:188,0
DA:189,0
DA:190,0
DA:191,0
DA:192,0
DA:193,0
DA:194,0
DA:196,0
DA:197,0
DA:204,5
DA:207,33
DA:209,33
DA:212,33
DA:219,5
DA:225,5
DA:229,44
DA:230,44
DA:231,0
DA:232,0
DA:233,0
DA:235,0
DA:236,0
DA:237,0
DA:244,5
DA:257,0
DA:260,0
DA:261,0
DA:267,0
DA:274,0
DA:282,0
DA:283,0
DA:284,0
DA:285,0
DA:293,0
DA:295,0
DA:296,0
DA:302,0
DA:305,0
DA:306,0
DA:312,0
DA:315,0
DA:316,0
DA:318,0
DA:319,0
DA:326,0
DA:327,0
DA:335,0
DA:336,0
DA:337,0
DA:338,0
DA:340,0
DA:342,0
DA:343,0
DA:347,0
DA:348,0
DA:349,0
DA:350,0
DA:354,0
DA:355,0
DA:356,0
DA:357,0
DA:359,0
DA:363,0
DA:365,0
DA:369,0
LF:155
LH:13
BRDA:21,0,0,0
BRDA:21,0,1,0
BRDA:21,1,0,0
BRDA:21,1,1,0
BRDA:21,1,2,0
BRDA:23,2,0,0
BRDA:23,2,1,0
BRDA:23,3,0,0
BRDA:23,3,1,0
BRDA:38,4,0,0
BRDA:38,4,1,0
BRDA:39,5,0,0
BRDA:39,5,1,0
BRDA:41,6,0,0
BRDA:41,6,1,0
BRDA:41,7,0,0
BRDA:41,7,1,0
BRDA:44,8,0,0
BRDA:44,8,1,0
BRDA:44,9,0,0
BRDA:44,9,1,0
BRDA:54,10,0,0
BRDA:54,10,1,0
BRDA:54,11,0,0
BRDA:54,11,1,0
BRDA:54,11,2,0
BRDA:54,11,3,0
BRDA:55,12,0,0
BRDA:55,12,1,0
BRDA:55,13,0,0
BRDA:55,13,1,0
BRDA:61,14,0,0
BRDA:61,14,1,0
BRDA:67,15,0,0
BRDA:67,15,1,0
BRDA:83,16,0,0
BRDA:83,16,1,0
BRDA:109,17,0,0
BRDA:109,17,1,0
BRDA:110,18,0,0
BRDA:110,18,1,0
BRDA:121,19,0,0
BRDA:121,19,1,0
BRDA:143,20,0,0
BRDA:143,20,1,0
BRDA:144,21,0,0
BRDA:144,21,1,0
BRDA:155,22,0,0
BRDA:155,22,1,0
BRDA:189,23,0,0
BRDA:189,23,1,0
BRDA:192,24,0,0
BRDA:192,24,1,0
BRDA:231,25,0,0
BRDA:231,25,1,0
BRDA:232,26,0,0
BRDA:232,26,1,0
BRDA:283,27,0,0
BRDA:283,27,1,0
BRDA:283,28,0,0
BRDA:283,28,1,0
BRDA:316,29,0,0
BRDA:316,29,1,0
BRDA:319,30,0,0
BRDA:319,30,1,0
BRDA:340,31,0,0
BRDA:340,31,1,0
BRDA:343,32,0,0
BRDA:343,32,1,0
BRDA:348,33,0,0
BRDA:348,33,1,0
BRDA:354,34,0,0
BRDA:354,34,1,0
BRDA:354,35,0,0
BRDA:354,35,1,0
BRDA:354,35,2,0
BRDA:356,36,0,0
BRDA:356,36,1,0
BRDA:356,37,0,0
BRDA:356,37,1,0
BRDA:356,37,2,0
BRF:81
BRH:0
end_of_record
TN:
SF:build/js/filters.js
FN:1,(anonymous_0)
FN:2,(anonymous_1)
FN:13,(anonymous_2)
FN:14,(anonymous_3)
FN:25,(anonymous_4)
FN:26,(anonymous_5)
FN:30,(anonymous_6)
FN:31,escapeHtml
FN:35,escapeRegexp
FN:39,(anonymous_9)
FNF:10
FNH:0
FNDA:0,(anonymous_0)
FNDA:0,(anonymous_1)
FNDA:0,(anonymous_2)
FNDA:0,(anonymous_3)
FNDA:0,(anonymous_4)
FNDA:0,(anonymous_5)
FNDA:0,(anonymous_6)
FNDA:0,escapeHtml
FNDA:0,escapeRegexp
FNDA:0,(anonymous_9)
DA:1,8
DA:2,0
DA:3,0
DA:4,0
DA:6,0
DA:8,0
DA:10,0
DA:14,0
DA:15,0
DA:16,0
DA:19,0
DA:20,0
DA:21,0
DA:22,0
DA:26,0
DA:27,0
DA:32,0
DA:36,0
DA:39,0
DA:40,0
DA:41,0
LF:21
LH:1
BRDA:15,0,0,0
BRDA:15,0,1,0
BRDA:41,1,0,0
BRDA:41,1,1,0
BRDA:41,2,0,0
BRDA:41,2,1,0
BRF:6
BRH:0
end_of_record
TN:
SF:build/js/mocks.js
FN:1,(anonymous_0)
FN:4,(anonymous_1)
FN:43,(anonymous_2)
FN:62,(anonymous_3)
FNF:4
FNH:2
FNDA:8,(anonymous_0)
FNDA:0,(anonymous_1)
FNDA:1121,(anonymous_2)
FNDA:0,(anonymous_3)
DA:1,8
DA:2,8
DA:4,8
DA:5,0
DA:6,0
DA:7,0
DA:8,0
DA:9,0
DA:10,0
DA:12,0
DA:16,0
DA:17,0
DA:18,0
DA:21,0
DA:22,0
DA:25,0
DA:27,0
DA:28,0
DA:29,0
DA:32,0
DA:34,0
DA:35,0
DA:36,0
DA:37,0
DA:43,8
DA:44,1121
DA:47,1121
DA:48,0
DA:49,0
DA:50,0
DA:51,0
DA:52,0
DA:54,0
DA:62,8
DA:63,0
DA:64,0
DA:67,0
DA:68,0
DA:71,0
DA:72,0
DA:75,0
DA:77,0
DA:80,8
LF:43
LH:8
BRDA:6,0,0,0
BRDA:6,0,1,0
BRDA:7,1,0,0
BRDA:7,1,1,0
BRDA:7,2,0,0
BRDA:7,2,1,0
BRDA:9,3,0,0
BRDA:9,3,1,0
BRDA:16,4,0,0
BRDA:16,4,1,0
BRDA:17,5,0,0
BRDA:17,5,1,0
BRDA:17,6,0,0
BRDA:17,6,1,0
BRDA:21,7,0,0
BRDA:21,7,1,0
BRDA:27,8,0,0
BRDA:27,8,1,0
BRDA:34,9,0,0
BRDA:34,9,1,0
BRDA:36,10,0,0
BRDA:36,10,1,0
BRDA:48,11,0,0
BRDA:48,11,1,0
BRDA:48,12,0,0
BRDA:48,12,1,0
BRDA:63,13,0,0
BRDA:63,13,1,0
BRDA:67,14,0,0
BRDA:67,14,1,0
BRDA:71,15,0,0
BRDA:71,15,1,0
BRF:32
BRH:0
end_of_record
TN:
SF:build/js/services.js
FN:1,(anonymous_0)
FN:2,(anonymous_1)
FN:16,(anonymous_2)
FN:17,Session
FN:31,(anonymous_4)
FN:44,(anonymous_5)
FN:50,(anonymous_6)
FN:57,(anonymous_7)
FN:83,(anonymous_8)
FN:110,(anonymous_9)
FN:115,(anonymous_10)
FN:121,(anonymous_11)
FN:126,(anonymous_12)
FN:135,(anonymous_13)
FN:150,(anonymous_14)
FN:158,(anonymous_15)
FN:173,(anonymous_16)
FN:179,(anonymous_17)
FN:187,(anonymous_18)
FN:198,(anonymous_19)
FN:201,(anonymous_20)
FN:204,(anonymous_21)
FN:209,(anonymous_22)
FN:211,(anonymous_23)
FN:220,(anonymous_24)
FN:224,(anonymous_25)
FN:226,(anonymous_26)
FN:244,(anonymous_27)
FN:255,(anonymous_28)
FN:276,(anonymous_29)
FN:286,(anonymous_30)
FN:309,(anonymous_31)
FN:311,(anonymous_32)
FN:317,(anonymous_33)
FN:327,(anonymous_34)
FN:330,(anonymous_35)
FN:333,(anonymous_36)
FN:334,(anonymous_37)
FN:338,(anonymous_38)
FN:341,(anonymous_39)
FN:342,(anonymous_40)
FN:346,(anonymous_41)
FN:347,(anonymous_42)
FN:352,(anonymous_43)
FN:353,(anonymous_44)
FN:356,(anonymous_45)
FN:361,(anonymous_46)
FN:364,(anonymous_47)
FN:370,(anonymous_48)
FN:379,(anonymous_49)
FN:380,(anonymous_50)
FN:385,(anonymous_51)
FN:395,(anonymous_52)
FN:398,(anonymous_53)
FN:401,(anonymous_54)
FN:402,(anonymous_55)
FN:407,(anonymous_56)
FN:408,(anonymous_57)
FN:411,(anonymous_58)
FN:419,(anonymous_59)
FN:429,(anonymous_60)
FN:432,(anonymous_61)
FN:438,(anonymous_62)
FN:448,(anonymous_63)
FN:451,(anonymous_64)
FN:454,(anonymous_65)
FN:457,(anonymous_66)
FN:460,(anonymous_67)
FN:463,(anonymous_68)
FN:466,(anonymous_69)
FN:469,(anonymous_70)
FN:472,(anonymous_71)
FN:475,(anonymous_72)
FN:478,(anonymous_73)
FN:481,(anonymous_74)
FN:484,(anonymous_75)
FN:487,(anonymous_76)
FN:490,(anonymous_77)
FN:493,(anonymous_78)
FN:496,(anonymous_79)
FN:499,(anonymous_80)
FN:505,(anonymous_81)
FN:508,(anonymous_82)
FN:511,(anonymous_83)
FN:515,(anonymous_84)
FN:517,(anonymous_85)
FN:544,(anonymous_86)
FN:553,(anonymous_87)
FN:566,(anonymous_88)
FN:595,(anonymous_89)
FN:622,(anonymous_90)
FN:647,(anonymous_91)
FN:651,(anonymous_92)
FN:661,(anonymous_93)
FN:664,(anonymous_94)
FN:667,(anonymous_95)
FN:670,(anonymous_96)
FN:673,(anonymous_97)
FN:676,(anonymous_98)
FN:677,(anonymous_99)
FN:682,(anonymous_100)
FN:684,(anonymous_101)
FN:686,(anonymous_102)
FN:692,(anonymous_103)
FN:720,(anonymous_104)
FN:722,(anonymous_105)
FN:735,(anonymous_106)
FN:740,(anonymous_107)
FN:741,(anonymous_108)
FN:762,(anonymous_109)
FN:774,(anonymous_110)
FN:793,(anonymous_111)
FN:797,(anonymous_112)
FN:805,(anonymous_113)
FN:817,(anonymous_114)
FN:819,(anonymous_115)
FN:822,(anonymous_116)
FN:828,(anonymous_117)
FN:832,(anonymous_118)
FN:836,(anonymous_119)
FN:844,(anonymous_120)
FN:852,(anonymous_121)
FN:856,(anonymous_122)
FN:867,(anonymous_123)
FN:871,(anonymous_124)
FN:875,(anonymous_125)
FN:879,(anonymous_126)
FN:883,(anonymous_127)
FN:890,(anonymous_128)
FN:894,(anonymous_129)
FN:903,(anonymous_130)
FN:910,(anonymous_131)
FN:922,(anonymous_132)
FN:934,(anonymous_133)
FN:942,(anonymous_134)
FN:950,(anonymous_135)
FN:961,(anonymous_136)
FN:969,(anonymous_137)
FN:979,(anonymous_138)
FN:983,(anonymous_139)
FN:986,(anonymous_140)
FN:991,(anonymous_141)
FN:996,(anonymous_142)
FN:1003,(anonymous_143)
FN:1008,(anonymous_144)
FN:1017,(anonymous_145)
FN:1025,(anonymous_146)
FN:1026,(anonymous_147)
FN:1031,(anonymous_148)
FN:1032,(anonymous_149)
FN:1037,(anonymous_150)
FN:1044,(anonymous_151)
FN:1053,(anonymous_152)
FN:1073,(anonymous_153)
FN:1081,(anonymous_154)
FN:1085,(anonymous_155)
FN:1089,(anonymous_156)
FN:1090,(anonymous_157)
FN:1101,(anonymous_158)
FN:1107,(anonymous_159)
FN:1113,(anonymous_160)
FN:1114,(anonymous_161)
FN:1116,(anonymous_162)
FN:1117,(anonymous_163)
FN:1129,(anonymous_164)
FN:1135,(anonymous_165)
FN:1140,(anonymous_166)
FN:1146,(anonymous_167)
FN:1153,(anonymous_168)
FN:1158,(anonymous_169)
FN:1161,(anonymous_170)
FN:1172,(anonymous_171)
FN:1195,(anonymous_172)
FN:1207,(anonymous_173)
FN:1214,(anonymous_174)
FN:1228,(anonymous_175)
FN:1235,(anonymous_176)
FN:1242,(anonymous_177)
FN:1246,(anonymous_178)
FN:1250,(anonymous_179)
FN:1254,(anonymous_180)
FN:1265,(anonymous_181)
FN:1272,scrub
FN:1280,(anonymous_183)
FN:1281,(anonymous_184)
FN:1292,(anonymous_185)
FN:1300,(anonymous_186)
FN:1316,(anonymous_187)
FN:1320,(anonymous_188)
FN:1324,(anonymous_189)
FN:1338,(anonymous_190)
FN:1339,(anonymous_191)
FN:1344,(anonymous_192)
FN:1348,(anonymous_193)
FN:1352,(anonymous_194)
FN:1356,(anonymous_195)
FN:1374,(anonymous_196)
FN:1420,(anonymous_197)
FN:1445,(anonymous_198)
FN:1446,(anonymous_199)
FN:1465,(anonymous_200)
FN:1471,(anonymous_201)
FN:1497,(anonymous_202)
FN:1560,(anonymous_203)
FN:1576,(anonymous_204)
FN:1590,(anonymous_205)
FN:1602,(anonymous_206)
FN:1607,(anonymous_207)
FN:1615,(anonymous_208)
FN:1618,(anonymous_209)
FN:1625,(anonymous_210)
FN:1628,(anonymous_211)
FN:1637,(anonymous_212)
FN:1656,initializeStartLanguage
FN:1667,validLang
FN:1681,updateTranslationServices
FN:1687,(anonymous_216)
FN:1701,setLang
FN:1712,isSelectable
FN:1729,bestLanguage
FN:1747,determineLanguage
FN:1761,(anonymous_221)
FN:1769,(anonymous_222)
FNF:223
FNH:72
FNDA:8,(anonymous_0)
FNDA:154,(anonymous_1)
FNDA:8,(anonymous_2)
FNDA:8,Session
FNDA:5,(anonymous_4)
FNDA:8,(anonymous_5)
FNDA:5,(anonymous_6)
FNDA:5,(anonymous_7)
FNDA:0,(anonymous_8)
FNDA:5,(anonymous_9)
FNDA:3,(anonymous_10)
FNDA:0,(anonymous_11)
FNDA:3,(anonymous_12)
FNDA:5,(anonymous_13)
FNDA:0,(anonymous_14)
FNDA:435,(anonymous_15)
FNDA:8,(anonymous_16)
FNDA:0,(anonymous_17)
FNDA:34,(anonymous_18)
FNDA:8,(anonymous_19)
FNDA:8,(anonymous_20)
FNDA:8,(anonymous_21)
FNDA:5,(anonymous_22)
FNDA:5,(anonymous_23)
FNDA:0,(anonymous_24)
FNDA:0,(anonymous_25)
FNDA:0,(anonymous_26)
FNDA:0,(anonymous_27)
FNDA:0,(anonymous_28)
FNDA:0,(anonymous_29)
FNDA:0,(anonymous_30)
FNDA:0,(anonymous_31)
FNDA:0,(anonymous_32)
FNDA:0,(anonymous_33)
FNDA:0,(anonymous_34)
FNDA:0,(anonymous_35)
FNDA:0,(anonymous_36)
FNDA:0,(anonymous_37)
FNDA:0,(anonymous_38)
FNDA:0,(anonymous_39)
FNDA:0,(anonymous_40)
FNDA:0,(anonymous_41)
FNDA:0,(anonymous_42)
FNDA:0,(anonymous_43)
FNDA:0,(anonymous_44)
FNDA:0,(anonymous_45)
FNDA:0,(anonymous_46)
FNDA:0,(anonymous_47)
FNDA:0,(anonymous_48)
FNDA:0,(anonymous_49)
FNDA:0,(anonymous_50)
FNDA:0,(anonymous_51)
FNDA:0,(anonymous_52)
FNDA:0,(anonymous_53)
FNDA:0,(anonymous_54)
FNDA:0,(anonymous_55)
FNDA:0,(anonymous_56)
FNDA:0,(anonymous_57)
FNDA:0,(anonymous_58)
FNDA:0,(anonymous_59)
FNDA:0,(anonymous_60)
FNDA:0,(anonymous_61)
FNDA:0,(anonymous_62)
FNDA:5,(anonymous_63)
FNDA:0,(anonymous_64)
FNDA:5,(anonymous_65)
FNDA:8,(anonymous_66)
FNDA:8,(anonymous_67)
FNDA:8,(anonymous_68)
FNDA:8,(anonymous_69)
FNDA:8,(anonymous_70)
FNDA:8,(anonymous_71)
FNDA:8,(anonymous_72)
FNDA:8,(anonymous_73)
FNDA:5,(anonymous_74)
FNDA:0,(anonymous_75)
FNDA:8,(anonymous_76)
FNDA:5,(anonymous_77)
FNDA:8,(anonymous_78)
FNDA:5,(anonymous_79)
FNDA:0,(anonymous_80)
FNDA:0,(anonymous_81)
FNDA:0,(anonymous_82)
FNDA:0,(anonymous_83)
FNDA:8,(anonymous_84)
FNDA:0,(anonymous_85)
FNDA:0,(anonymous_86)
FNDA:0,(anonymous_87)
FNDA:0,(anonymous_88)
FNDA:0,(anonymous_89)
FNDA:0,(anonymous_90)
FNDA:0,(anonymous_91)
FNDA:0,(anonymous_92)
FNDA:5,(anonymous_93)
FNDA:5,(anonymous_94)
FNDA:5,(anonymous_95)
FNDA:5,(anonymous_96)
FNDA:5,(anonymous_97)
FNDA:0,(anonymous_98)
FNDA:0,(anonymous_99)
FNDA:8,(anonymous_100)
FNDA:52,(anonymous_101)
FNDA:130,(anonymous_102)
FNDA:34,(anonymous_103)
FNDA:0,(anonymous_104)
FNDA:0,(anonymous_105)
FNDA:0,(anonymous_106)
FNDA:0,(anonymous_107)
FNDA:0,(anonymous_108)
FNDA:0,(anonymous_109)
FNDA:43,(anonymous_110)
FNDA:0,(anonymous_111)
FNDA:0,(anonymous_112)
FNDA:0,(anonymous_113)
FNDA:7,(anonymous_114)
FNDA:7,(anonymous_115)
FNDA:0,(anonymous_116)
FNDA:0,(anonymous_117)
FNDA:3438,(anonymous_118)
FNDA:1747,(anonymous_119)
FNDA:1192,(anonymous_120)
FNDA:1192,(anonymous_121)
FNDA:0,(anonymous_122)
FNDA:0,(anonymous_123)
FNDA:0,(anonymous_124)
FNDA:0,(anonymous_125)
FNDA:0,(anonymous_126)
FNDA:0,(anonymous_127)
FNDA:0,(anonymous_128)
FNDA:0,(anonymous_129)
FNDA:0,(anonymous_130)
FNDA:0,(anonymous_131)
FNDA:0,(anonymous_132)
FNDA:0,(anonymous_133)
FNDA:1,(anonymous_134)
FNDA:1,(anonymous_135)
FNDA:0,(anonymous_136)
FNDA:0,(anonymous_137)
FNDA:0,(anonymous_138)
FNDA:0,(anonymous_139)
FNDA:0,(anonymous_140)
FNDA:0,(anonymous_141)
FNDA:0,(anonymous_142)
FNDA:0,(anonymous_143)
FNDA:0,(anonymous_144)
FNDA:0,(anonymous_145)
FNDA:0,(anonymous_146)
FNDA:0,(anonymous_147)
FNDA:0,(anonymous_148)
FNDA:0,(anonymous_149)
FNDA:0,(anonymous_150)
FNDA:0,(anonymous_151)
FNDA:0,(anonymous_152)
FNDA:3,(anonymous_153)
FNDA:1,(anonymous_154)
FNDA:0,(anonymous_155)
FNDA:0,(anonymous_156)
FNDA:0,(anonymous_157)
FNDA:0,(anonymous_158)
FNDA:0,(anonymous_159)
FNDA:0,(anonymous_160)
FNDA:0,(anonymous_161)
FNDA:0,(anonymous_162)
FNDA:0,(anonymous_163)
FNDA:0,(anonymous_164)
FNDA:0,(anonymous_165)
FNDA:0,(anonymous_166)
FNDA:0,(anonymous_167)
FNDA:0,(anonymous_168)
FNDA:0,(anonymous_169)
FNDA:0,(anonymous_170)
FNDA:0,(anonymous_171)
FNDA:0,(anonymous_172)
FNDA:0,(anonymous_173)
FNDA:0,(anonymous_174)
FNDA:0,(anonymous_175)
FNDA:0,(anonymous_176)
FNDA:0,(anonymous_177)
FNDA:0,(anonymous_178)
FNDA:0,(anonymous_179)
FNDA:0,(anonymous_180)
FNDA:0,(anonymous_181)
FNDA:0,scrub
FNDA:8,(anonymous_183)
FNDA:0,(anonymous_184)
FNDA:0,(anonymous_185)
FNDA:0,(anonymous_186)
FNDA:0,(anonymous_187)
FNDA:0,(anonymous_188)
FNDA:0,(anonymous_189)
FNDA:0,(anonymous_190)
FNDA:0,(anonymous_191)
FNDA:0,(anonymous_192)
FNDA:0,(anonymous_193)
FNDA:0,(anonymous_194)
FNDA:0,(anonymous_195)
FNDA:0,(anonymous_196)
FNDA:0,(anonymous_197)
FNDA:0,(anonymous_198)
FNDA:0,(anonymous_199)
FNDA:0,(anonymous_200)
FNDA:0,(anonymous_201)
FNDA:0,(anonymous_202)
FNDA:0,(anonymous_203)
FNDA:0,(anonymous_204)
FNDA:156,(anonymous_205)
FNDA:117,(anonymous_206)
FNDA:0,(anonymous_207)
FNDA:13,(anonymous_208)
FNDA:156,(anonymous_209)
FNDA:13,(anonymous_210)
FNDA:13,(anonymous_211)
FNDA:8,(anonymous_212)
FNDA:8,initializeStartLanguage
FNDA:0,validLang
FNDA:30,updateTranslationServices
FNDA:30,(anonymous_216)
FNDA:0,setLang
FNDA:128,isSelectable
FNDA:38,bestLanguage
FNDA:38,determineLanguage
FNDA:13,(anonymous_221)
FNDA:17,(anonymous_222)
DA:1,8
DA:2,8
DA:3,154
DA:9,154
DA:11,154
DA:18,8
DA:20,8
DA:21,8
DA:22,8
DA:24,8
DA:26,8
DA:27,0
DA:28,0
DA:31,8
DA:32,5
DA:34,5
DA:35,5
DA:37,5
DA:38,5
DA:40,5
DA:44,8
DA:45,8
DA:46,8
DA:47,8
DA:50,8
DA:51,5
DA:52,5
DA:55,5
DA:57,5
DA:58,5
DA:60,5
DA:61,0
DA:64,5
DA:66,5
DA:67,5
DA:68,0
DA:71,5
DA:72,0
DA:73,0
DA:74,0
DA:77,5
DA:83,5
DA:84,0
DA:86,0
DA:87,0
DA:88,0
DA:89,0
DA:90,0
DA:96,5
DA:97,0
DA:99,5
DA:100,0
DA:101,0
DA:103,5
DA:107,5
DA:110,8
DA:111,5
DA:112,5
DA:115,8
DA:118,3
DA:120,3
DA:121,0
DA:122,0
DA:123,0
DA:126,3
DA:127,3
DA:128,3
DA:132,3
DA:135,8
DA:136,5
DA:138,5
DA:139,3
DA:141,3
DA:142,0
DA:145,3
DA:146,3
DA:150,8
DA:151,0
DA:152,0
DA:155,0
DA:158,8
DA:159,435
DA:161,435
DA:162,356
DA:165,435
DA:167,435
DA:171,8
DA:174,8
DA:180,0
DA:181,0
DA:183,0
DA:188,34
DA:189,34
DA:191,0
DA:196,8
DA:199,8
DA:202,8
DA:205,8
DA:210,5
DA:211,5
DA:212,5
DA:213,5
DA:221,0
DA:226,0
DA:235,0
DA:237,0
DA:238,0
DA:239,0
DA:240,0
DA:241,0
DA:242,0
DA:244,0
DA:245,0
DA:248,0
DA:249,0
DA:252,0
DA:253,0
DA:255,0
DA:256,0
DA:258,0
DA:259,0
DA:262,0
DA:264,0
DA:265,0
DA:267,0
DA:270,0
DA:271,0
DA:276,0
DA:277,0
DA:286,0
DA:287,0
DA:289,0
DA:298,0
DA:309,0
DA:310,0
DA:311,0
DA:312,0
DA:313,0
DA:317,0
DA:318,0
DA:319,0
DA:320,0
DA:324,0
DA:328,0
DA:331,0
DA:334,0
DA:335,0
DA:339,0
DA:342,0
DA:343,0
DA:347,0
DA:348,0
DA:353,0
DA:354,0
DA:356,0
DA:357,0
DA:358,0
DA:359,0
DA:361,0
DA:362,0
DA:363,0
DA:364,0
DA:365,0
DA:366,0
DA:370,0
DA:371,0
DA:376,0
DA:379,0
DA:380,0
DA:381,0
DA:385,0
DA:386,0
DA:389,0
DA:390,0
DA:396,0
DA:399,0
DA:402,0
DA:403,0
DA:408,0
DA:409,0
DA:411,0
DA:412,0
DA:413,0
DA:414,0
DA:416,0
DA:417,0
DA:419,0
DA:420,0
DA:421,0
DA:422,0
DA:429,0
DA:430,0
DA:431,0
DA:432,0
DA:433,0
DA:434,0
DA:438,0
DA:439,0
DA:442,0
DA:443,0
DA:449,5
DA:452,0
DA:455,5
DA:458,8
DA:461,8
DA:464,8
DA:467,8
DA:470,8
DA:473,8
DA:476,8
DA:479,8
DA:482,5
DA:485,0
DA:488,8
DA:491,5
DA:494,8
DA:497,5
DA:500,0
DA:506,0
DA:509,0
DA:512,0
DA:516,8
DA:518,0
DA:519,0
DA:520,0
DA:521,0
DA:522,0
DA:523,0
DA:524,0
DA:525,0
DA:526,0
DA:527,0
DA:528,0
DA:529,0
DA:530,0
DA:531,0
DA:532,0
DA:533,0
DA:534,0
DA:535,0
DA:536,0
DA:537,0
DA:538,0
DA:539,0
DA:540,0
DA:541,0
DA:545,0
DA:546,0
DA:547,0
DA:548,0
DA:549,0
DA:550,0
DA:554,0
DA:555,0
DA:556,0
DA:557,0
DA:558,0
DA:559,0
DA:560,0
DA:561,0
DA:562,0
DA:563,0
DA:567,0
DA:568,0
DA:569,0
DA:570,0
DA:571,0
DA:572,0
DA:573,0
DA:574,0
DA:575,0
DA:576,0
DA:577,0
DA:578,0
DA:579,0
DA:580,0
DA:581,0
DA:582,0
DA:583,0
DA:584,0
DA:585,0
DA:586,0
DA:587,0
DA:588,0
DA:589,0
DA:590,0
DA:591,0
DA:592,0
DA:596,0
DA:597,0
DA:598,0
DA:599,0
DA:600,0
DA:601,0
DA:602,0
DA:603,0
DA:604,0
DA:605,0
DA:606,0
DA:607,0
DA:608,0
DA:609,0
DA:610,0
DA:611,0
DA:612,0
DA:613,0
DA:614,0
DA:615,0
DA:616,0
DA:617,0
DA:618,0
DA:619,0
DA:623,0
DA:624,0
DA:625,0
DA:626,0
DA:627,0
DA:628,0
DA:629,0
DA:630,0
DA:631,0
DA:632,0
DA:633,0
DA:634,0
DA:635,0
DA:636,0
DA:637,0
DA:638,0
DA:639,0
DA:640,0
DA:641,0
DA:642,0
DA:643,0
DA:644,0
DA:648,0
DA:652,0
DA:653,0
DA:654,0
DA:655,0
DA:656,0
DA:657,0
DA:662,5
DA:665,5
DA:668,5
DA:671,5
DA:674,5
DA:677,0
DA:678,0
DA:683,8
DA:685,52
DA:686,52
DA:687,130
DA:689,52
DA:693,34
DA:694,1
DA:697,33
DA:698,33
DA:700,33
DA:701,30
DA:702,3
DA:703,0
DA:706,33
DA:708,33
DA:709,33
DA:711,33
DA:712,26
DA:714,7
DA:717,33
DA:721,0
DA:722,0
DA:723,0
DA:724,0
DA:725,0
DA:727,0
DA:728,0
DA:732,0
DA:736,0
DA:737,0
DA:739,0
DA:740,0
DA:741,0
DA:742,0
DA:743,0
DA:744,0
DA:745,0
DA:747,0
DA:748,0
DA:749,0
DA:752,0
DA:753,0
DA:759,0
DA:763,0
DA:764,0
DA:765,0
DA:766,0
DA:767,0
DA:768,0
DA:770,0
DA:775,43
DA:776,43
DA:777,39
DA:780,43
DA:781,9
DA:784,34
DA:785,0
DA:786,34
DA:787,0
DA:788,34
DA:789,0
DA:794,0
DA:798,0
DA:799,0
DA:800,0
DA:802,0
DA:806,0
DA:807,0
DA:808,0
DA:809,0
DA:810,0
DA:811,0
DA:813,0
DA:818,7
DA:820,7
DA:823,0
DA:829,0
DA:833,3438
DA:837,1747
DA:845,1192
DA:853,1192
DA:857,0
DA:864,0
DA:868,0
DA:872,0
DA:876,0
DA:880,0
DA:884,0
DA:885,0
DA:886,0
DA:891,0
DA:895,0
DA:896,0
DA:899,0
DA:900,0
DA:901,0
DA:902,0
DA:903,0
DA:904,0
DA:905,0
DA:911,0
DA:912,0
DA:915,0
DA:919,0
DA:923,0
DA:924,0
DA:925,0
DA:926,0
DA:931,0
DA:935,0
DA:936,0
DA:937,0
DA:943,1
DA:945,1
DA:951,1
DA:958,1
DA:962,0
DA:963,0
DA:970,0
DA:976,0
DA:980,0
DA:984,0
DA:987,0
DA:992,0
DA:993,0
DA:997,0
DA:998,0
DA:999,0
DA:1000,0
DA:1004,0
DA:1006,0
DA:1008,0
DA:1009,0
DA:1012,0
DA:1014,0
DA:1018,0
DA:1026,0
DA:1027,0
DA:1032,0
DA:1033,0
DA:1038,0
DA:1039,0
DA:1040,0
DA:1041,0
DA:1042,0
DA:1044,0
DA:1045,0
DA:1046,0
DA:1050,0
DA:1055,0
DA:1056,0
DA:1057,0
DA:1059,0
DA:1060,0
DA:1061,0
DA:1062,0
DA:1063,0
DA:1066,0
DA:1070,0
DA:1074,3
DA:1075,2
DA:1077,1
DA:1082,1
DA:1086,0
DA:1090,0
DA:1091,0
DA:1092,0
DA:1093,0
DA:1094,0
DA:1096,0
DA:1102,0
DA:1103,0
DA:1104,0
DA:1107,0
DA:1108,0
DA:1114,0
DA:1115,0
DA:1117,0
DA:1126,0
DA:1130,0
DA:1131,0
DA:1138,0
DA:1140,0
DA:1143,0
DA:1145,0
DA:1146,0
DA:1147,0
DA:1150,0
DA:1154,0
DA:1155,0
DA:1156,0
DA:1157,0
DA:1158,0
DA:1162,0
DA:1164,0
DA:1165,0
DA:1166,0
DA:1169,0
DA:1173,0
DA:1174,0
DA:1176,0
DA:1186,0
DA:1187,0
DA:1190,0
DA:1191,0
DA:1194,0
DA:1195,0
DA:1196,0
DA:1208,0
DA:1209,0
DA:1212,0
DA:1214,0
DA:1218,0
DA:1220,0
DA:1229,0
DA:1230,0
DA:1233,0
DA:1239,0
DA:1243,0
DA:1247,0
DA:1251,0
DA:1255,0
DA:1256,0
DA:1257,0
DA:1258,0
DA:1262,0
DA:1266,0
DA:1267,0
DA:1269,0
DA:1270,0
DA:1273,0
DA:1276,0
DA:1281,8
DA:1282,0
DA:1283,0
DA:1284,0
DA:1286,0
DA:1287,0
DA:1291,8
DA:1293,0
DA:1294,0
DA:1297,0
DA:1301,0
DA:1309,0
DA:1310,0
DA:1312,0
DA:1317,0
DA:1321,0
DA:1322,0
DA:1324,0
DA:1325,0
DA:1326,0
DA:1327,0
DA:1330,0
DA:1333,0
DA:1339,0
DA:1340,0
DA:1345,0
DA:1349,0
DA:1353,0
DA:1359,0
DA:1360,0
DA:1361,0
DA:1364,0
DA:1365,0
DA:1366,0
DA:1367,0
DA:1371,0
DA:1375,0
DA:1378,0
DA:1380,0
DA:1381,0
DA:1384,0
DA:1385,0
DA:1388,0
DA:1389,0
DA:1390,0
DA:1393,0
DA:1394,0
DA:1395,0
DA:1396,0
DA:1397,0
DA:1401,0
DA:1403,0
DA:1404,0
DA:1405,0
DA:1408,0
DA:1412,0
DA:1413,0
DA:1414,0
DA:1417,0
DA:1421,0
DA:1424,0
DA:1425,0
DA:1426,0
DA:1427,0
DA:1428,0
DA:1429,0
DA:1430,0
DA:1434,0
DA:1435,0
DA:1436,0
DA:1437,0
DA:1438,0
DA:1439,0
DA:1440,0
DA:1444,0
DA:1445,0
DA:1446,0
DA:1447,0
DA:1451,0
DA:1454,0
DA:1456,0
DA:1457,0
DA:1458,0
DA:1459,0
DA:1461,0
DA:1466,0
DA:1467,0
DA:1468,0
DA:1471,0
DA:1472,0
DA:1473,0
DA:1474,0
DA:1477,0
DA:1478,0
DA:1482,0
DA:1483,0
DA:1484,0
DA:1487,0
DA:1490,0
DA:1491,0
DA:1494,0
DA:1496,0
DA:1497,0
DA:1498,0
DA:1502,0
DA:1503,0
DA:1506,0
DA:1507,0
DA:1508,0
DA:1509,0
DA:1510,0
DA:1512,0
DA:1513,0
DA:1514,0
DA:1515,0
DA:1516,0
DA:1520,0
DA:1521,0
DA:1523,0
DA:1526,0
DA:1529,0
DA:1530,0
DA:1531,0
DA:1532,0
DA:1533,0
DA:1534,0
DA:1535,0
DA:1538,0
DA:1539,0
DA:1543,0
DA:1544,0
DA:1545,0
DA:1548,0
DA:1549,0
DA:1557,0
DA:1561,0
DA:1562,0
DA:1563,0
DA:1564,0
DA:1565,0
DA:1566,0
DA:1568,0
DA:1569,0
DA:1572,0
DA:1573,0
DA:1576,0
DA:1577,0
DA:1579,0
DA:1582,0
DA:1583,0
DA:1584,0
DA:1587,0
DA:1591,156
DA:1593,156
DA:1594,13
DA:1595,13
DA:1596,13
DA:1599,156
DA:1600,39
DA:1601,39
DA:1602,39
DA:1603,117
DA:1606,117
DA:1607,0
DA:1608,0
DA:1612,156
DA:1616,13
DA:1618,13
DA:1619,156
DA:1622,13
DA:1626,13
DA:1628,13
DA:1629,13
DA:1632,13
DA:1640,8
DA:1648,8
DA:1650,8
DA:1654,8
DA:1657,8
DA:1658,8
DA:1659,0
DA:1660,0
DA:1664,8
DA:1668,0
DA:1669,0
DA:1673,0
DA:1674,0
DA:1677,0
DA:1683,30
DA:1684,30
DA:1687,30
DA:1693,30
DA:1695,30
DA:1702,0
DA:1703,0
DA:1706,0
DA:1707,0
DA:1708,0
DA:1713,128
DA:1714,98
DA:1717,30
DA:1718,30
DA:1721,0
DA:1730,38
DA:1731,38
DA:1732,0
DA:1733,38
DA:1734,0
DA:1735,38
DA:1736,24
DA:1737,14
DA:1738,6
DA:1741,38
DA:1748,38
DA:1749,38
DA:1750,30
DA:1751,30
DA:1755,8
DA:1762,13
DA:1764,13
DA:1766,13
DA:1770,17
DA:1771,17
LF:803
LH:193
BRDA:26,0,0,0
BRDA:26,0,1,8
BRDA:34,1,0,5
BRDA:34,1,1,0
BRDA:35,2,0,0
BRDA:35,2,1,5
BRDA:51,3,0,5
BRDA:51,3,1,0
BRDA:60,4,0,0
BRDA:60,4,1,5
BRDA:67,5,0,0
BRDA:67,5,1,5
BRDA:71,6,0,0
BRDA:71,6,1,5
BRDA:72,7,0,0
BRDA:72,7,1,0
BRDA:86,8,0,0
BRDA:86,8,1,0
BRDA:86,9,0,0
BRDA:86,9,1,0
BRDA:87,10,0,0
BRDA:87,10,1,0
BRDA:89,11,0,0
BRDA:89,11,1,0
BRDA:96,12,0,0
BRDA:96,12,1,5
BRDA:99,13,0,0
BRDA:99,13,1,5
BRDA:120,14,0,0
BRDA:120,14,1,3
BRDA:138,15,0,3
BRDA:138,15,1,2
BRDA:141,16,0,0
BRDA:141,16,1,3
BRDA:151,17,0,0
BRDA:151,17,1,0
BRDA:161,18,0,356
BRDA:161,18,1,79
BRDA:180,19,0,0
BRDA:180,19,1,0
BRDA:188,20,0,34
BRDA:188,20,1,0
BRDA:188,21,0,34
BRDA:188,21,1,34
BRDA:188,21,2,34
BRDA:248,22,0,0
BRDA:248,22,1,0
BRDA:248,23,0,0
BRDA:248,23,1,0
BRDA:258,24,0,0
BRDA:258,24,1,0
BRDA:264,25,0,0
BRDA:264,25,1,0
BRDA:270,26,0,0
BRDA:270,26,1,0
BRDA:270,27,0,0
BRDA:270,27,1,0
BRDA:312,28,0,0
BRDA:312,28,1,0
BRDA:380,29,0,0
BRDA:380,29,1,0
BRDA:389,30,0,0
BRDA:389,30,1,0
BRDA:420,31,0,0
BRDA:420,31,1,0
BRDA:442,32,0,0
BRDA:442,32,1,0
BRDA:693,33,0,1
BRDA:693,33,1,33
BRDA:700,34,0,30
BRDA:700,34,1,3
BRDA:702,35,0,0
BRDA:702,35,1,3
BRDA:708,36,0,0
BRDA:708,36,1,33
BRDA:709,37,0,33
BRDA:709,37,1,0
BRDA:711,38,0,26
BRDA:711,38,1,7
BRDA:727,39,0,0
BRDA:727,39,1,0
BRDA:727,40,0,0
BRDA:727,40,1,0
BRDA:727,40,2,0
BRDA:727,40,3,0
BRDA:727,40,4,0
BRDA:727,40,5,0
BRDA:727,40,6,0
BRDA:727,40,7,0
BRDA:727,40,8,0
BRDA:727,40,9,0
BRDA:727,40,10,0
BRDA:727,40,11,0
BRDA:727,40,12,0
BRDA:727,40,13,0
BRDA:727,40,14,0
BRDA:727,40,15,0
BRDA:727,40,16,0
BRDA:727,40,17,0
BRDA:736,41,0,0
BRDA:736,41,1,0
BRDA:742,42,0,0
BRDA:742,42,1,0
BRDA:744,43,0,0
BRDA:744,43,1,0
BRDA:747,44,0,0
BRDA:747,44,1,0
BRDA:748,45,0,0
BRDA:748,45,1,0
BRDA:752,46,0,0
BRDA:752,46,1,0
BRDA:763,47,0,0
BRDA:763,47,1,0
BRDA:765,48,0,0
BRDA:765,48,1,0
BRDA:767,49,0,0
BRDA:767,49,1,0
BRDA:776,50,0,39
BRDA:776,50,1,4
BRDA:780,51,0,9
BRDA:780,51,1,34
BRDA:784,52,0,0
BRDA:784,52,1,34
BRDA:786,53,0,0
BRDA:786,53,1,34
BRDA:786,54,0,34
BRDA:786,54,1,2
BRDA:788,55,0,0
BRDA:788,55,1,34
BRDA:788,56,0,34
BRDA:788,56,1,32
BRDA:788,56,2,2
BRDA:788,56,3,0
BRDA:799,57,0,0
BRDA:799,57,1,0
BRDA:806,58,0,0
BRDA:806,58,1,0
BRDA:808,59,0,0
BRDA:808,59,1,0
BRDA:810,60,0,0
BRDA:810,60,1,0
BRDA:820,61,0,7
BRDA:820,61,1,0
BRDA:823,62,0,0
BRDA:823,62,1,0
BRDA:845,63,0,1192
BRDA:845,63,1,1192
BRDA:845,63,2,1192
BRDA:845,63,3,1192
BRDA:845,63,4,492
BRDA:885,64,0,0
BRDA:885,64,1,0
BRDA:895,65,0,0
BRDA:895,65,1,0
BRDA:900,66,0,0
BRDA:900,66,1,0
BRDA:912,67,0,0
BRDA:912,67,1,0
BRDA:912,68,0,0
BRDA:912,68,1,0
BRDA:912,68,2,0
BRDA:923,69,0,0
BRDA:923,69,1,0
BRDA:925,70,0,0
BRDA:925,70,1,0
BRDA:936,71,0,0
BRDA:936,71,1,0
BRDA:943,72,0,1
BRDA:943,72,1,0
BRDA:962,73,0,0
BRDA:962,73,1,0
BRDA:1045,74,0,0
BRDA:1045,74,1,0
BRDA:1056,75,0,0
BRDA:1056,75,1,0
BRDA:1061,76,0,0
BRDA:1061,76,1,0
BRDA:1074,77,0,2
BRDA:1074,77,1,1
BRDA:1103,78,0,0
BRDA:1103,78,1,0
BRDA:1130,79,0,0
BRDA:1130,79,1,0
BRDA:1130,80,0,0
BRDA:1130,80,1,0
BRDA:1164,81,0,0
BRDA:1164,81,1,0
BRDA:1165,82,0,0
BRDA:1165,82,1,0
BRDA:1186,83,0,0
BRDA:1186,83,1,0
BRDA:1190,84,0,0
BRDA:1190,84,1,0
BRDA:1194,85,0,0
BRDA:1194,85,1,0
BRDA:1208,86,0,0
BRDA:1208,86,1,0
BRDA:1229,87,0,0
BRDA:1229,87,1,0
BRDA:1256,88,0,0
BRDA:1256,88,1,0
BRDA:1282,89,0,0
BRDA:1282,89,1,0
BRDA:1293,90,0,0
BRDA:1293,90,1,0
BRDA:1297,91,0,0
BRDA:1297,91,1,0
BRDA:1302,92,0,0
BRDA:1302,92,1,0
BRDA:1309,93,0,0
BRDA:1309,93,1,0
BRDA:1325,94,0,0
BRDA:1325,94,1,0
BRDA:1360,95,0,0
BRDA:1360,95,1,0
BRDA:1364,96,0,0
BRDA:1364,96,1,0
BRDA:1364,97,0,0
BRDA:1364,97,1,0
BRDA:1364,97,2,0
BRDA:1366,98,0,0
BRDA:1366,98,1,0
BRDA:1380,99,0,0
BRDA:1380,99,1,0
BRDA:1380,100,0,0
BRDA:1380,100,1,0
BRDA:1380,100,2,0
BRDA:1380,100,3,0
BRDA:1380,100,4,0
BRDA:1384,101,0,0
BRDA:1384,101,1,0
BRDA:1388,102,0,0
BRDA:1388,102,1,0
BRDA:1388,103,0,0
BRDA:1388,103,1,0
BRDA:1396,104,0,0
BRDA:1396,104,1,0
BRDA:1401,105,0,0
BRDA:1401,105,1,0
BRDA:1401,106,0,0
BRDA:1401,106,1,0
BRDA:1401,106,2,0
BRDA:1403,107,0,0
BRDA:1403,107,1,0
BRDA:1412,108,0,0
BRDA:1412,108,1,0
BRDA:1424,109,0,0
BRDA:1424,109,1,0
BRDA:1426,110,0,0
BRDA:1426,110,1,0
BRDA:1427,111,0,0
BRDA:1427,111,1,0
BRDA:1429,112,0,0
BRDA:1429,112,1,0
BRDA:1434,113,0,0
BRDA:1434,113,1,0
BRDA:1436,114,0,0
BRDA:1436,114,1,0
BRDA:1437,115,0,0
BRDA:1437,115,1,0
BRDA:1439,116,0,0
BRDA:1439,116,1,0
BRDA:1444,117,0,0
BRDA:1444,117,1,0
BRDA:1456,118,0,0
BRDA:1456,118,1,0
BRDA:1458,119,0,0
BRDA:1458,119,1,0
BRDA:1472,120,0,0
BRDA:1472,120,1,0
BRDA:1473,121,0,0
BRDA:1473,121,1,0
BRDA:1477,122,0,0
BRDA:1477,122,1,0
BRDA:1482,123,0,0
BRDA:1482,123,1,0
BRDA:1490,124,0,0
BRDA:1490,124,1,0
BRDA:1496,125,0,0
BRDA:1496,125,1,0
BRDA:1506,126,0,0
BRDA:1506,126,1,0
BRDA:1507,127,0,0
BRDA:1507,127,1,0
BRDA:1507,127,2,0
BRDA:1508,128,0,0
BRDA:1508,128,1,0
BRDA:1509,129,0,0
BRDA:1509,129,1,0
BRDA:1514,130,0,0
BRDA:1514,130,1,0
BRDA:1520,131,0,0
BRDA:1520,131,1,0
BRDA:1521,132,0,0
BRDA:1521,132,1,0
BRDA:1521,132,2,0
BRDA:1523,133,0,0
BRDA:1523,133,1,0
BRDA:1529,134,0,0
BRDA:1529,134,1,0
BRDA:1533,135,0,0
BRDA:1533,135,1,0
BRDA:1534,136,0,0
BRDA:1534,136,1,0
BRDA:1538,137,0,0
BRDA:1538,137,1,0
BRDA:1543,138,0,0
BRDA:1543,138,1,0
BRDA:1544,139,0,0
BRDA:1544,139,1,0
BRDA:1548,140,0,0
BRDA:1548,140,1,0
BRDA:1568,141,0,0
BRDA:1568,141,1,0
BRDA:1572,142,0,0
BRDA:1572,142,1,0
BRDA:1582,143,0,0
BRDA:1582,143,1,0
BRDA:1593,144,0,13
BRDA:1593,144,1,143
BRDA:1599,145,0,39
BRDA:1599,145,1,117
BRDA:1606,146,0,0
BRDA:1606,146,1,117
BRDA:1658,147,0,0
BRDA:1658,147,1,8
BRDA:1659,148,0,0
BRDA:1659,148,1,0
BRDA:1668,149,0,0
BRDA:1668,149,1,0
BRDA:1673,150,0,0
BRDA:1673,150,1,0
BRDA:1684,151,0,0
BRDA:1684,151,1,30
BRDA:1702,152,0,0
BRDA:1702,152,1,0
BRDA:1706,153,0,0
BRDA:1706,153,1,0
BRDA:1713,154,0,98
BRDA:1713,154,1,30
BRDA:1717,155,0,30
BRDA:1717,155,1,0
BRDA:1731,156,0,0
BRDA:1731,156,1,38
BRDA:1733,157,0,0
BRDA:1733,157,1,38
BRDA:1735,158,0,24
BRDA:1735,158,1,14
BRDA:1737,159,0,6
BRDA:1737,159,1,8
BRDA:1749,160,0,30
BRDA:1749,160,1,8
BRF:352
BRH:67
end_of_record
TN:
SF:build/js/templates.js
FNF:0
FNH:0
LF:0
LH:0
BRF:0
BRH:0
end_of_record
TN:
SF:build/js/controllers/custodian.js
FN:2,(anonymous_0)
FN:5,(anonymous_1)
FN:7,(anonymous_2)
FN:12,(anonymous_3)
FN:17,(anonymous_4)
FN:25,(anonymous_5)
FN:27,(anonymous_6)
FN:31,(anonymous_7)
FN:34,(anonymous_8)
FNF:9
FNH:0
FNDA:0,(anonymous_0)
FNDA:0,(anonymous_1)
FNDA:0,(anonymous_2)
FNDA:0,(anonymous_3)
FNDA:0,(anonymous_4)
FNDA:0,(anonymous_5)
FNDA:0,(anonymous_6)
FNDA:0,(anonymous_7)
FNDA:0,(anonymous_8)
DA:1,8
DA:3,0
DA:5,0
DA:6,0
DA:8,0
DA:12,0
DA:13,0
DA:18,0
DA:26,0
DA:27,0
DA:28,0
DA:31,0
DA:32,0
DA:33,0
DA:35,0
LF:15
LH:1
BRF:0
BRH:0
end_of_record
TN:
SF:build/js/controllers/empty.js
FN:1,(anonymous_0)
FNF:1
FNH:0
FNDA:0,(anonymous_0)
DA:1,8
LF:1
LH:1
BRF:0
BRH:0
end_of_record
TN:
SF:build/js/controllers/fileupload.js
FN:1,(anonymous_0)
FN:5,(anonymous_1)
FN:7,(anonymous_2)
FN:14,(anonymous_3)
FN:17,(anonymous_4)
FN:25,(anonymous_5)
FN:28,(anonymous_6)
FN:35,(anonymous_7)
FN:47,onDataAvailable
FN:51,onStop
FN:79,(anonymous_10)
FN:92,(anonymous_11)
FN:109,(anonymous_12)
FN:126,(anonymous_13)
FN:137,(anonymous_14)
FN:158,(anonymous_15)
FN:162,(anonymous_16)
FN:166,(anonymous_17)
FN:170,(anonymous_18)
FNF:19
FNH:2
FNDA:5,(anonymous_0)
FNDA:0,(anonymous_1)
FNDA:0,(anonymous_2)
FNDA:0,(anonymous_3)
FNDA:0,(anonymous_4)
FNDA:0,(anonymous_5)
FNDA:0,(anonymous_6)
FNDA:0,(anonymous_7)
FNDA:0,onDataAvailable
FNDA:0,onStop
FNDA:0,(anonymous_10)
FNDA:0,(anonymous_11)
FNDA:0,(anonymous_12)
FNDA:0,(anonymous_13)
FNDA:0,(anonymous_14)
FNDA:22,(anonymous_15)
FNDA:0,(anonymous_16)
FNDA:0,(anonymous_17)
FNDA:0,(anonymous_18)
DA:1,8
DA:4,5
DA:6,0
DA:7,0
DA:8,0
DA:10,0
DA:15,0
DA:17,0
DA:18,0
DA:20,0
DA:22,0
DA:26,0
DA:28,0
DA:29,0
DA:31,0
DA:32,0
DA:36,0
DA:37,0
DA:38,0
DA:39,0
DA:40,0
DA:42,0
DA:43,0
DA:44,0
DA:45,0
DA:48,0
DA:52,0
DA:53,0
DA:54,0
DA:56,0
DA:62,0
DA:64,0
DA:65,0
DA:68,0
DA:69,0
DA:72,0
DA:73,0
DA:76,0
DA:79,0
DA:80,0
DA:81,0
DA:84,0
DA:85,0
DA:86,0
DA:87,0
DA:88,0
DA:89,0
DA:92,0
DA:93,0
DA:94,0
DA:97,0
DA:99,0
DA:100,0
DA:109,0
DA:110,0
DA:111,0
DA:112,0
DA:113,0
DA:114,0
DA:115,0
DA:117,0
DA:120,0
DA:121,0
DA:122,0
DA:123,0
DA:125,0
DA:127,0
DA:129,0
DA:131,0
DA:133,0
DA:137,0
DA:138,0
DA:140,0
DA:141,0
DA:142,0
DA:143,0
DA:144,0
DA:145,0
DA:147,0
DA:148,0
DA:149,0
DA:152,0
DA:153,0
DA:159,22
DA:160,22
DA:162,22
DA:163,0
DA:166,22
DA:167,0
DA:171,0
DA:172,0
DA:174,0
LF:92
LH:6
BRDA:64,0,0,0
BRDA:64,0,1,0
BRDA:68,1,0,0
BRDA:68,1,1,0
BRDA:72,2,0,0
BRDA:72,2,1,0
BRDA:80,3,0,0
BRDA:80,3,1,0
BRDA:93,4,0,0
BRDA:93,4,1,0
BRDA:99,5,0,0
BRDA:99,5,1,0
BRDA:111,6,0,0
BRDA:111,6,1,0
BRDA:147,7,0,0
BRDA:147,7,1,0
BRDA:152,8,0,0
BRDA:152,8,1,0
BRDA:152,9,0,0
BRDA:152,9,1,0
BRDA:152,9,2,0
BRDA:171,10,0,0
BRDA:171,10,1,0
BRF:23
BRH:0
end_of_record
TN:
SF:build/js/controllers/login.js
FN:1,(anonymous_0)
FNF:1
FNH:1
FNDA:8,(anonymous_0)
DA:1,8
DA:2,8
DA:9,8
DA:10,0
DA:13,8
DA:14,0
DA:16,8
DA:19,8
DA:20,8
DA:21,0
LF:10
LH:7
BRDA:9,0,0,0
BRDA:9,0,1,8
BRDA:9,1,0,8
BRDA:9,1,1,0
BRDA:13,2,0,0
BRDA:13,2,1,8
BRDA:13,3,0,8
BRDA:13,3,1,8
BRDA:20,4,0,0
BRDA:20,4,1,8
BRF:10
BRH:6
end_of_record
TN:
SF:build/js/controllers/modal.js
FN:3,(anonymous_0)
FN:8,(anonymous_1)
FN:16,(anonymous_2)
FN:30,(anonymous_3)
FN:34,(anonymous_4)
FN:39,(anonymous_5)
FN:55,(anonymous_6)
FN:61,(anonymous_7)
FN:65,(anonymous_8)
FNF:9
FNH:2
FNDA:1,(anonymous_0)
FNDA:0,(anonymous_1)
FNDA:1,(anonymous_2)
FNDA:0,(anonymous_3)
FNDA:0,(anonymous_4)
FNDA:0,(anonymous_5)
FNDA:0,(anonymous_6)
FNDA:0,(anonymous_7)
FNDA:0,(anonymous_8)
DA:1,8
DA:4,1
DA:5,1
DA:6,1
DA:8,1
DA:9,0
DA:10,0
DA:13,0
DA:16,1
DA:17,1
DA:18,0
DA:21,1
DA:31,0
DA:32,0
DA:33,0
DA:34,0
DA:35,0
DA:39,0
DA:40,0
DA:41,0
DA:42,0
DA:43,0
DA:44,0
DA:45,0
DA:46,0
DA:47,0
DA:48,0
DA:49,0
DA:51,0
DA:55,0
DA:56,0
DA:58,0
DA:61,0
DA:62,0
DA:63,0
DA:65,0
DA:66,0
DA:70,0
LF:38
LH:8
BRDA:9,0,0,0
BRDA:9,0,1,0
BRDA:17,1,0,0
BRDA:17,1,1,1
BRDA:40,2,0,0
BRDA:40,2,1,0
BRDA:42,3,0,0
BRDA:42,3,1,0
BRDA:44,4,0,0
BRDA:44,4,1,0
BRDA:46,5,0,0
BRDA:46,5,1,0
BRDA:46,6,0,0
BRDA:46,6,1,0
BRDA:48,7,0,0
BRDA:48,7,1,0
BRF:16
BRH:1
end_of_record
TN:
SF:build/js/controllers/passwordreset.js
FN:2,(anonymous_0)
FN:8,(anonymous_1)
FN:9,(anonymous_2)
FN:15,(anonymous_3)
FN:25,(anonymous_4)
FN:26,(anonymous_5)
FNF:6
FNH:0
FNDA:0,(anonymous_0)
FNDA:0,(anonymous_1)
FNDA:0,(anonymous_2)
FNDA:0,(anonymous_3)
FNDA:0,(anonymous_4)
FNDA:0,(anonymous_5)
DA:1,8
DA:4,0
DA:8,0
DA:9,0
DA:10,0
DA:17,0
DA:19,0
DA:25,0
DA:26,0
DA:27,0
DA:28,0
DA:30,0
DA:31,0
DA:34,0
DA:35,0
DA:40,0
DA:41,0
LF:17
LH:1
BRDA:20,0,0,0
BRDA:20,0,1,0
BRDA:21,1,0,0
BRDA:21,1,1,0
BRDA:27,2,0,0
BRDA:27,2,1,0
BRDA:30,3,0,0
BRDA:30,3,1,0
BRDA:40,4,0,0
BRDA:40,4,1,0
BRF:10
BRH:0
end_of_record
TN:
SF:build/js/controllers/preferences.js
FN:2,(anonymous_0)
FN:20,(anonymous_1)
FN:24,(anonymous_2)
FN:28,(anonymous_3)
FN:32,(anonymous_4)
FN:33,(anonymous_5)
FN:38,(anonymous_6)
FN:39,(anonymous_7)
FN:55,(anonymous_8)
FN:75,(anonymous_9)
FN:89,(anonymous_10)
FN:94,(anonymous_11)
FN:99,(anonymous_12)
FN:100,(anonymous_13)
FN:106,(anonymous_14)
FN:107,(anonymous_15)
FN:114,(anonymous_16)
FN:120,(anonymous_17)
FNF:18
FNH:0
FNDA:0,(anonymous_0)
FNDA:0,(anonymous_1)
FNDA:0,(anonymous_2)
FNDA:0,(anonymous_3)
FNDA:0,(anonymous_4)
FNDA:0,(anonymous_5)
FNDA:0,(anonymous_6)
FNDA:0,(anonymous_7)
FNDA:0,(anonymous_8)
FNDA:0,(anonymous_9)
FNDA:0,(anonymous_10)
FNDA:0,(anonymous_11)
FNDA:0,(anonymous_12)
FNDA:0,(anonymous_13)
FNDA:0,(anonymous_14)
FNDA:0,(anonymous_15)
FNDA:0,(anonymous_16)
FNDA:0,(anonymous_17)
DA:1,8
DA:3,0
DA:14,0
DA:15,0
DA:16,0
DA:18,0
DA:20,0
DA:21,0
DA:24,0
DA:25,0
DA:28,0
DA:29,0
DA:32,0
DA:33,0
DA:34,0
DA:38,0
DA:39,0
DA:40,0
DA:41,0
DA:42,0
DA:55,0
DA:57,0
DA:59,0
DA:60,0
DA:61,0
DA:63,0
DA:65,0
DA:71,0
DA:72,0
DA:75,0
DA:76,0
DA:79,0
DA:85,0
DA:89,0
DA:90,0
DA:91,0
DA:94,0
DA:95,0
DA:99,0
DA:100,0
DA:101,0
DA:107,0
DA:108,0
DA:115,0
DA:116,0
DA:120,0
DA:121,0
LF:47
LH:1
BRDA:59,0,0,0
BRDA:59,0,1,0
BRDA:90,1,0,0
BRDA:90,1,1,0
BRF:4
BRH:0
end_of_record
TN:
SF:build/js/controllers/receipt.js
FN:1,(anonymous_0)
FN:2,(anonymous_1)
FNF:2
FNH:0
FNDA:0,(anonymous_0)
FNDA:0,(anonymous_1)
DA:1,8
DA:2,0
DA:3,0
DA:4,0
DA:7,0
LF:5
LH:1
BRDA:3,0,0,0
BRDA:3,0,1,0
BRDA:3,1,0,0
BRDA:3,1,1,0
BRF:4
BRH:0
end_of_record
TN:
SF:build/js/controllers/recipient.js
FN:2,(anonymous_0)
FN:21,(anonymous_1)
FN:52,applyFilter
FN:61,(anonymous_3)
FN:66,(anonymous_4)
FN:71,(anonymous_5)
FN:76,(anonymous_6)
FN:81,(anonymous_7)
FN:85,(anonymous_8)
FN:92,(anonymous_9)
FN:93,(anonymous_10)
FN:104,(anonymous_11)
FN:105,(anonymous_12)
FN:120,(anonymous_13)
FN:121,(anonymous_14)
FN:132,(anonymous_15)
FN:133,(anonymous_16)
FN:152,(anonymous_17)
FN:154,(anonymous_18)
FN:159,(anonymous_19)
FN:170,(anonymous_20)
FN:175,(anonymous_21)
FN:179,(anonymous_22)
FN:188,(anonymous_23)
FN:192,(anonymous_24)
FN:198,(anonymous_25)
FN:200,(anonymous_26)
FN:201,(anonymous_27)
FNF:28
FNH:0
FNDA:0,(anonymous_0)
FNDA:0,(anonymous_1)
FNDA:0,applyFilter
FNDA:0,(anonymous_3)
FNDA:0,(anonymous_4)
FNDA:0,(anonymous_5)
FNDA:0,(anonymous_6)
FNDA:0,(anonymous_7)
FNDA:0,(anonymous_8)
FNDA:0,(anonymous_9)
FNDA:0,(anonymous_10)
FNDA:0,(anonymous_11)
FNDA:0,(anonymous_12)
FNDA:0,(anonymous_13)
FNDA:0,(anonymous_14)
FNDA:0,(anonymous_15)
FNDA:0,(anonymous_16)
FNDA:0,(anonymous_17)
FNDA:0,(anonymous_18)
FNDA:0,(anonymous_19)
FNDA:0,(anonymous_20)
FNDA:0,(anonymous_21)
FNDA:0,(anonymous_22)
FNDA:0,(anonymous_23)
FNDA:0,(anonymous_24)
FNDA:0,(anonymous_25)
FNDA:0,(anonymous_26)
FNDA:0,(anonymous_27)
DA:1,8
DA:4,0
DA:5,0
DA:6,0
DA:7,0
DA:9,0
DA:10,0
DA:11,0
DA:13,0
DA:14,0
DA:15,0
DA:16,0
DA:17,0
DA:18,0
DA:20,0
DA:21,0
DA:22,0
DA:23,0
DA:24,0
DA:25,0
DA:27,0
DA:28,0
DA:29,0
DA:32,0
DA:33,0
DA:34,0
DA:37,0
DA:39,0
DA:40,0
DA:41,0
DA:45,0
DA:47,0
DA:54,0
DA:55,0
DA:56,0
DA:57,0
DA:60,0
DA:62,0
DA:66,0
DA:67,0
DA:68,0
DA:71,0
DA:72,0
DA:73,0
DA:76,0
DA:77,0
DA:78,0
DA:81,0
DA:82,0
DA:85,0
DA:86,0
DA:87,0
DA:88,0
DA:92,0
DA:93,0
DA:95,0
DA:97,0
DA:105,0
DA:106,0
DA:111,0
DA:120,0
DA:121,0
DA:123,0
DA:125,0
DA:133,0
DA:134,0
DA:139,0
DA:148,0
DA:150,0
DA:152,0
DA:153,0
DA:154,0
DA:155,0
DA:159,0
DA:160,0
DA:171,0
DA:175,0
DA:176,0
DA:179,0
DA:180,0
DA:181,0
DA:182,0
DA:184,0
DA:188,0
DA:189,0
DA:192,0
DA:193,0
DA:194,0
DA:195,0
DA:198,0
DA:199,0
DA:200,0
DA:201,0
DA:202,0
LF:94
LH:1
BRDA:27,0,0,0
BRDA:27,0,1,0
BRDA:32,1,0,0
BRDA:32,1,1,0
BRDA:39,2,0,0
BRDA:39,2,1,0
BRDA:86,3,0,0
BRDA:86,3,1,0
BRDA:181,4,0,0
BRDA:181,4,1,0
BRF:10
BRH:0
end_of_record
TN:
SF:build/js/controllers/sidebar.js
FN:1,(anonymous_0)
FNF:1
FNH:1
FNDA:6,(anonymous_0)
DA:1,8
DA:2,6
DA:3,6
DA:4,6
LF:4
LH:4
BRF:0
BRH:0
end_of_record
TN:
SF:build/js/controllers/signup.js
FN:2,(anonymous_0)
FN:30,(anonymous_1)
FN:40,(anonymous_2)
FN:47,(anonymous_3)
FN:53,(anonymous_4)
FNF:5
FNH:0
FNDA:0,(anonymous_0)
FNDA:0,(anonymous_1)
FNDA:0,(anonymous_2)
FNDA:0,(anonymous_3)
FNDA:0,(anonymous_4)
DA:1,8
DA:4,0
DA:5,0
DA:6,0
DA:9,0
DA:11,0
DA:12,0
DA:28,0
DA:30,0
DA:31,0
DA:32,0
DA:33,0
DA:34,0
DA:35,0
DA:36,0
DA:40,0
DA:41,0
DA:42,0
DA:45,0
DA:47,0
DA:48,0
DA:54,0
DA:55,0
DA:56,0
LF:24
LH:1
BRDA:4,0,0,0
BRDA:4,0,1,0
BRDA:32,1,0,0
BRDA:32,1,1,0
BRDA:41,2,0,0
BRDA:41,2,1,0
BRDA:55,3,0,0
BRDA:55,3,1,0
BRF:8
BRH:0
end_of_record
TN:
SF:build/js/controllers/submission.js
FN:3,(anonymous_0)
FN:23,(anonymous_1)
FN:27,(anonymous_2)
FN:35,(anonymous_3)
FN:43,(anonymous_4)
FN:48,(anonymous_5)
FN:52,(anonymous_6)
FN:64,(anonymous_7)
FN:72,(anonymous_8)
FN:80,(anonymous_9)
FN:95,(anonymous_10)
FN:112,(anonymous_11)
FN:129,(anonymous_12)
FN:146,(anonymous_13)
FN:150,(anonymous_14)
FN:159,(anonymous_15)
FN:167,(anonymous_16)
FN:183,(anonymous_17)
FN:194,(anonymous_18)
FN:209,(anonymous_19)
FN:215,(anonymous_20)
FN:229,(anonymous_21)
FN:257,(anonymous_22)
FN:272,(anonymous_23)
FN:278,(anonymous_24)
FN:282,(anonymous_25)
FN:286,(anonymous_26)
FN:293,(anonymous_27)
FN:304,(anonymous_28)
FN:309,(anonymous_29)
FN:321,(anonymous_30)
FN:325,(anonymous_31)
FN:329,(anonymous_32)
FN:344,(anonymous_33)
FN:356,(anonymous_34)
FN:373,(anonymous_35)
FN:386,(anonymous_36)
FN:390,(anonymous_37)
FN:398,(anonymous_38)
FN:417,(anonymous_39)
FN:430,(anonymous_40)
FN:437,(anonymous_41)
FN:443,(anonymous_42)
FN:455,(anonymous_43)
FN:460,(anonymous_44)
FN:464,(anonymous_45)
FN:468,(anonymous_46)
FN:476,(anonymous_47)
FN:487,(anonymous_48)
FN:495,(anonymous_49)
FN:502,(anonymous_50)
FN:506,(anonymous_51)
FN:509,(anonymous_52)
FN:512,(anonymous_53)
FN:520,(anonymous_54)
FN:528,(anonymous_55)
FN:550,(anonymous_56)
FN:565,(anonymous_57)
FN:577,(anonymous_58)
FN:583,(anonymous_59)
FN:594,(anonymous_60)
FN:599,(anonymous_61)
FN:604,(anonymous_62)
FNF:63
FNH:0
FNDA:0,(anonymous_0)
FNDA:0,(anonymous_1)
FNDA:0,(anonymous_2)
FNDA:0,(anonymous_3)
FNDA:0,(anonymous_4)
FNDA:0,(anonymous_5)
FNDA:0,(anonymous_6)
FNDA:0,(anonymous_7)
FNDA:0,(anonymous_8)
FNDA:0,(anonymous_9)
FNDA:0,(anonymous_10)
FNDA:0,(anonymous_11)
FNDA:0,(anonymous_12)
FNDA:0,(anonymous_13)
FNDA:0,(anonymous_14)
FNDA:0,(anonymous_15)
FNDA:0,(anonymous_16)
FNDA:0,(anonymous_17)
FNDA:0,(anonymous_18)
FNDA:0,(anonymous_19)
FNDA:0,(anonymous_20)
FNDA:0,(anonymous_21)
FNDA:0,(anonymous_22)
FNDA:0,(anonymous_23)
FNDA:0,(anonymous_24)
FNDA:0,(anonymous_25)
FNDA:0,(anonymous_26)
FNDA:0,(anonymous_27)
FNDA:0,(anonymous_28)
FNDA:0,(anonymous_29)
FNDA:0,(anonymous_30)
FNDA:0,(anonymous_31)
FNDA:0,(anonymous_32)
FNDA:0,(anonymous_33)
FNDA:0,(anonymous_34)
FNDA:0,(anonymous_35)
FNDA:0,(anonymous_36)
FNDA:0,(anonymous_37)
FNDA:0,(anonymous_38)
FNDA:0,(anonymous_39)
FNDA:0,(anonymous_40)
FNDA:0,(anonymous_41)
FNDA:0,(anonymous_42)
FNDA:0,(anonymous_43)
FNDA:0,(anonymous_44)
FNDA:0,(anonymous_45)
FNDA:0,(anonymous_46)
FNDA:0,(anonymous_47)
FNDA:0,(anonymous_48)
FNDA:0,(anonymous_49)
FNDA:0,(anonymous_50)
FNDA:0,(anonymous_51)
FNDA:0,(anonymous_52)
FNDA:0,(anonymous_53)
FNDA:0,(anonymous_54)
FNDA:0,(anonymous_55)
FNDA:0,(anonymous_56)
FNDA:0,(anonymous_57)
FNDA:0,(anonymous_58)
FNDA:0,(anonymous_59)
FNDA:0,(anonymous_60)
FNDA:0,(anonymous_61)
FNDA:0,(anonymous_62)
DA:1,8
DA:4,0
DA:6,0
DA:8,0
DA:10,0
DA:12,0
DA:14,0
DA:16,0
DA:18,0
DA:20,0
DA:21,0
DA:23,0
DA:24,0
DA:27,0
DA:28,0
DA:29,0
DA:32,0
DA:35,0
DA:36,0
DA:37,0
DA:38,0
DA:39,0
DA:43,0
DA:44,0
DA:45,0
DA:48,0
DA:49,0
DA:52,0
DA:53,0
DA:55,0
DA:56,0
DA:57,0
DA:61,0
DA:64,0
DA:65,0
DA:66,0
DA:69,0
DA:72,0
DA:73,0
DA:74,0
DA:77,0
DA:80,0
DA:81,0
DA:82,0
DA:84,0
DA:85,0
DA:86,0
DA:87,0
DA:92,0
DA:95,0
DA:96,0
DA:97,0
DA:100,0
DA:101,0
DA:102,0
DA:105,0
DA:106,0
DA:109,0
DA:112,0
DA:113,0
DA:114,0
DA:117,0
DA:118,0
DA:119,0
DA:120,0
DA:121,0
DA:122,0
DA:123,0
DA:129,0
DA:130,0
DA:131,0
DA:132,0
DA:133,0
DA:134,0
DA:135,0
DA:136,0
DA:138,0
DA:140,0
DA:146,0
DA:147,0
DA:150,0
DA:151,0
DA:152,0
DA:156,0
DA:159,0
DA:160,0
DA:161,0
DA:164,0
DA:167,0
DA:168,0
DA:169,0
DA:170,0
DA:171,0
DA:172,0
DA:173,0
DA:175,0
DA:177,0
DA:178,0
DA:180,0
DA:183,0
DA:184,0
DA:185,0
DA:188,0
DA:190,0
DA:192,0
DA:194,0
DA:195,0
DA:196,0
DA:199,0
DA:203,0
DA:205,0
DA:209,0
DA:210,0
DA:211,0
DA:215,0
DA:216,0
DA:217,0
DA:218,0
DA:222,0
DA:223,0
DA:224,0
DA:229,0
DA:230,0
DA:231,0
DA:234,0
DA:235,0
DA:238,0
DA:239,0
DA:242,0
DA:243,0
DA:244,0
DA:247,0
DA:248,0
DA:252,0
DA:255,0
DA:257,0
DA:258,0
DA:260,0
DA:261,0
DA:263,0
DA:264,0
DA:267,0
DA:268,0
DA:272,0
DA:273,0
DA:274,0
DA:278,0
DA:279,0
DA:282,0
DA:283,0
DA:286,0
DA:287,0
DA:294,0
DA:296,0
DA:298,0
DA:300,0
DA:302,0
DA:304,0
DA:305,0
DA:306,0
DA:309,0
DA:310,0
DA:312,0
DA:313,0
DA:314,0
DA:318,0
DA:321,0
DA:322,0
DA:325,0
DA:326,0
DA:329,0
DA:330,0
DA:331,0
DA:333,0
DA:334,0
DA:335,0
DA:336,0
DA:341,0
DA:344,0
DA:345,0
DA:346,0
DA:349,0
DA:350,0
DA:353,0
DA:356,0
DA:357,0
DA:358,0
DA:361,0
DA:362,0
DA:363,0
DA:364,0
DA:365,0
DA:366,0
DA:367,0
DA:373,0
DA:374,0
DA:375,0
DA:376,0
DA:377,0
DA:378,0
DA:379,0
DA:380,0
DA:386,0
DA:387,0
DA:390,0
DA:391,0
DA:392,0
DA:393,0
DA:394,0
DA:395,0
DA:398,0
DA:399,0
DA:400,0
DA:403,0
DA:405,0
DA:406,0
DA:409,0
DA:411,0
DA:412,0
DA:413,0
DA:417,0
DA:418,0
DA:419,0
DA:422,0
DA:426,0
DA:428,0
DA:431,0
DA:437,0
DA:438,0
DA:439,0
DA:443,0
DA:444,0
DA:445,0
DA:448,0
DA:449,0
DA:452,0
DA:455,0
DA:456,0
DA:460,0
DA:461,0
DA:464,0
DA:465,0
DA:468,0
DA:469,0
DA:472,0
DA:473,0
DA:477,0
DA:478,0
DA:480,0
DA:482,0
DA:488,0
DA:490,0
DA:491,0
DA:492,0
DA:493,0
DA:495,0
DA:496,0
DA:497,0
DA:498,0
DA:499,0
DA:503,0
DA:507,0
DA:510,0
DA:512,0
DA:513,0
DA:514,0
DA:517,0
DA:520,0
DA:521,0
DA:524,0
DA:525,0
DA:526,0
DA:528,0
DA:529,0
DA:530,0
DA:533,0
DA:534,0
DA:535,0
DA:536,0
DA:538,0
DA:539,0
DA:542,0
DA:543,0
DA:546,0
DA:550,0
DA:551,0
DA:553,0
DA:554,0
DA:555,0
DA:557,0
DA:558,0
DA:561,0
DA:562,0
DA:565,0
DA:566,0
DA:567,0
DA:568,0
DA:569,0
DA:572,0
DA:577,0
DA:578,0
DA:579,0
DA:583,0
DA:584,0
DA:585,0
DA:589,0
DA:594,0
DA:595,0
DA:596,0
DA:599,0
DA:600,0
DA:604,0
DA:605,0
DA:606,0
DA:609,0
DA:610,0
DA:611,0
DA:615,0
DA:618,0
DA:619,0
DA:621,0
LF:321
LH:1
BRDA:8,0,0,0
BRDA:8,0,1,0
BRDA:18,1,0,0
BRDA:18,1,1,0
BRDA:28,2,0,0
BRDA:28,2,1,0
BRDA:36,3,0,0
BRDA:36,3,1,0
BRDA:38,4,0,0
BRDA:38,4,1,0
BRDA:49,5,0,0
BRDA:49,5,1,0
BRDA:56,6,0,0
BRDA:56,6,1,0
BRDA:65,7,0,0
BRDA:65,7,1,0
BRDA:73,8,0,0
BRDA:73,8,1,0
BRDA:82,9,0,0
BRDA:82,9,1,0
BRDA:84,10,0,0
BRDA:84,10,1,0
BRDA:100,11,0,0
BRDA:100,11,1,0
BRDA:100,12,0,0
BRDA:100,12,1,0
BRDA:105,13,0,0
BRDA:105,13,1,0
BRDA:113,14,0,0
BRDA:113,14,1,0
BRDA:117,15,0,0
BRDA:117,15,1,0
BRDA:120,16,0,0
BRDA:120,16,1,0
BRDA:130,17,0,0
BRDA:130,17,1,0
BRDA:133,18,0,0
BRDA:133,18,1,0
BRDA:133,19,0,0
BRDA:133,19,1,0
BRDA:135,20,0,0
BRDA:135,20,1,0
BRDA:151,21,0,0
BRDA:151,21,1,0
BRDA:152,22,0,0
BRDA:152,22,1,0
BRDA:160,23,0,0
BRDA:160,23,1,0
BRDA:177,24,0,0
BRDA:177,24,1,0
BRDA:178,25,0,0
BRDA:178,25,1,0
BRDA:184,26,0,0
BRDA:184,26,1,0
BRDA:196,27,0,0
BRDA:196,27,1,0
BRDA:196,28,0,0
BRDA:196,28,1,0
BRDA:196,28,2,0
BRDA:210,29,0,0
BRDA:210,29,1,0
BRDA:217,30,0,0
BRDA:217,30,1,0
BRDA:223,31,0,0
BRDA:223,31,1,0
BRDA:230,32,0,0
BRDA:230,32,1,0
BRDA:230,33,0,0
BRDA:230,33,1,0
BRDA:234,34,0,0
BRDA:234,34,1,0
BRDA:234,35,0,0
BRDA:234,35,1,0
BRDA:234,36,0,0
BRDA:234,36,1,0
BRDA:238,37,0,0
BRDA:238,37,1,0
BRDA:238,38,0,0
BRDA:238,38,1,0
BRDA:242,39,0,0
BRDA:242,39,1,0
BRDA:243,40,0,0
BRDA:243,40,1,0
BRDA:243,41,0,0
BRDA:243,41,1,0
BRDA:247,42,0,0
BRDA:247,42,1,0
BRDA:260,43,0,0
BRDA:260,43,1,0
BRDA:263,44,0,0
BRDA:263,44,1,0
BRDA:267,45,0,0
BRDA:267,45,1,0
BRDA:273,46,0,0
BRDA:273,46,1,0
BRDA:273,47,0,0
BRDA:273,47,1,0
BRDA:313,48,0,0
BRDA:313,48,1,0
BRDA:331,49,0,0
BRDA:331,49,1,0
BRDA:333,50,0,0
BRDA:333,50,1,0
BRDA:349,51,0,0
BRDA:349,51,1,0
BRDA:349,52,0,0
BRDA:349,52,1,0
BRDA:357,53,0,0
BRDA:357,53,1,0
BRDA:361,54,0,0
BRDA:361,54,1,0
BRDA:364,55,0,0
BRDA:364,55,1,0
BRDA:374,56,0,0
BRDA:374,56,1,0
BRDA:377,57,0,0
BRDA:377,57,1,0
BRDA:377,58,0,0
BRDA:377,58,1,0
BRDA:405,59,0,0
BRDA:405,59,1,0
BRDA:412,60,0,0
BRDA:412,60,1,0
BRDA:419,61,0,0
BRDA:419,61,1,0
BRDA:419,62,0,0
BRDA:419,62,1,0
BRDA:419,62,2,0
BRDA:438,63,0,0
BRDA:438,63,1,0
BRDA:444,64,0,0
BRDA:444,64,1,0
BRDA:448,65,0,0
BRDA:448,65,1,0
BRDA:513,66,0,0
BRDA:513,66,1,0
BRDA:533,67,0,0
BRDA:533,67,1,0
BRDA:535,68,0,0
BRDA:535,68,1,0
BRDA:538,69,0,0
BRDA:538,69,1,0
BRDA:542,70,0,0
BRDA:542,70,1,0
BRDA:553,71,0,0
BRDA:553,71,1,0
BRDA:557,72,0,0
BRDA:557,72,1,0
BRDA:561,73,0,0
BRDA:561,73,1,0
BRDA:578,74,0,0
BRDA:578,74,1,0
BRDA:584,75,0,0
BRDA:584,75,1,0
BRDA:584,76,0,0
BRDA:584,76,1,0
BRDA:605,77,0,0
BRDA:605,77,1,0
BRDA:610,78,0,0
BRDA:610,78,1,0
BRDA:610,79,0,0
BRDA:610,79,1,0
BRDA:618,80,0,0
BRDA:618,80,1,0
BRDA:621,81,0,0
BRDA:621,81,1,0
BRF:166
BRH:0
end_of_record
TN:
SF:build/js/controllers/tip.js
FN:3,(anonymous_0)
FN:15,(anonymous_1)
FN:19,(anonymous_2)
FN:30,(anonymous_3)
FN:31,(anonymous_4)
FN:39,(anonymous_5)
FN:50,(anonymous_6)
FN:54,(anonymous_7)
FN:65,(anonymous_8)
FN:66,(anonymous_9)
FN:74,(anonymous_10)
FN:85,(anonymous_11)
FN:93,(anonymous_12)
FN:102,(anonymous_13)
FN:144,(anonymous_14)
FN:148,(anonymous_15)
FN:155,(anonymous_16)
FN:166,(anonymous_17)
FN:174,(anonymous_18)
FN:181,(anonymous_19)
FN:194,(anonymous_20)
FN:207,(anonymous_21)
FN:228,(anonymous_22)
FN:232,(anonymous_23)
FN:238,(anonymous_24)
FN:239,(anonymous_25)
FN:244,(anonymous_26)
FN:245,(anonymous_27)
FN:250,(anonymous_28)
FN:254,(anonymous_29)
FN:260,(anonymous_30)
FN:265,(anonymous_31)
FN:266,(anonymous_32)
FN:271,(anonymous_33)
FN:272,(anonymous_34)
FN:277,(anonymous_35)
FN:282,(anonymous_36)
FN:292,(anonymous_37)
FN:297,(anonymous_38)
FN:315,(anonymous_39)
FN:320,(anonymous_40)
FN:337,(anonymous_41)
FN:348,(anonymous_42)
FN:349,(anonymous_43)
FN:354,(anonymous_44)
FN:359,(anonymous_45)
FN:368,(anonymous_46)
FN:372,(anonymous_47)
FN:378,(anonymous_48)
FN:381,(anonymous_49)
FN:385,(anonymous_50)
FN:394,(anonymous_51)
FN:399,(anonymous_52)
FN:416,(anonymous_53)
FN:421,(anonymous_54)
FN:428,(anonymous_55)
FN:429,(anonymous_56)
FN:431,(anonymous_57)
FN:435,(anonymous_58)
FN:439,(anonymous_59)
FN:443,(anonymous_60)
FN:448,(anonymous_61)
FN:454,(anonymous_62)
FN:457,(anonymous_63)
FN:461,(anonymous_64)
FN:465,(anonymous_65)
FN:470,(anonymous_66)
FN:473,(anonymous_67)
FNF:68
FNH:0
FNDA:0,(anonymous_0)
FNDA:0,(anonymous_1)
FNDA:0,(anonymous_2)
FNDA:0,(anonymous_3)
FNDA:0,(anonymous_4)
FNDA:0,(anonymous_5)
FNDA:0,(anonymous_6)
FNDA:0,(anonymous_7)
FNDA:0,(anonymous_8)
FNDA:0,(anonymous_9)
FNDA:0,(anonymous_10)
FNDA:0,(anonymous_11)
FNDA:0,(anonymous_12)
FNDA:0,(anonymous_13)
FNDA:0,(anonymous_14)
FNDA:0,(anonymous_15)
FNDA:0,(anonymous_16)
FNDA:0,(anonymous_17)
FNDA:0,(anonymous_18)
FNDA:0,(anonymous_19)
FNDA:0,(anonymous_20)
FNDA:0,(anonymous_21)
FNDA:0,(anonymous_22)
FNDA:0,(anonymous_23)
FNDA:0,(anonymous_24)
FNDA:0,(anonymous_25)
FNDA:0,(anonymous_26)
FNDA:0,(anonymous_27)
FNDA:0,(anonymous_28)
FNDA:0,(anonymous_29)
FNDA:0,(anonymous_30)
FNDA:0,(anonymous_31)
FNDA:0,(anonymous_32)
FNDA:0,(anonymous_33)
FNDA:0,(anonymous_34)
FNDA:0,(anonymous_35)
FNDA:0,(anonymous_36)
FNDA:0,(anonymous_37)
FNDA:0,(anonymous_38)
FNDA:0,(anonymous_39)
FNDA:0,(anonymous_40)
FNDA:0,(anonymous_41)
FNDA:0,(anonymous_42)
FNDA:0,(anonymous_43)
FNDA:0,(anonymous_44)
FNDA:0,(anonymous_45)
FNDA:0,(anonymous_46)
FNDA:0,(anonymous_47)
FNDA:0,(anonymous_48)
FNDA:0,(anonymous_49)
FNDA:0,(anonymous_50)
FNDA:0,(anonymous_51)
FNDA:0,(anonymous_52)
FNDA:0,(anonymous_53)
FNDA:0,(anonymous_54)
FNDA:0,(anonymous_55)
FNDA:0,(anonymous_56)
FNDA:0,(anonymous_57)
FNDA:0,(anonymous_58)
FNDA:0,(anonymous_59)
FNDA:0,(anonymous_60)
FNDA:0,(anonymous_61)
FNDA:0,(anonymous_62)
FNDA:0,(anonymous_63)
FNDA:0,(anonymous_64)
FNDA:0,(anonymous_65)
FNDA:0,(anonymous_66)
FNDA:0,(anonymous_67)
DA:1,8
DA:4,0
DA:5,0
DA:7,0
DA:8,0
DA:10,0
DA:11,0
DA:13,0
DA:15,0
DA:16,0
DA:21,0
DA:23,0
DA:31,0
DA:32,0
DA:39,0
DA:40,0
DA:50,0
DA:51,0
DA:56,0
DA:58,0
DA:66,0
DA:67,0
DA:74,0
DA:75,0
DA:85,0
DA:86,0
DA:87,0
DA:90,0
DA:93,0
DA:95,0
DA:96,0
DA:97,0
DA:102,0
DA:105,0
DA:106,0
DA:107,0
DA:109,0
DA:110,0
DA:111,0
DA:112,0
DA:113,0
DA:118,0
DA:119,0
DA:120,0
DA:121,0
DA:122,0
DA:123,0
DA:124,0
DA:125,0
DA:126,0
DA:130,0
DA:131,0
DA:133,0
DA:135,0
DA:136,0
DA:144,0
DA:145,0
DA:148,0
DA:149,0
DA:152,0
DA:153,0
DA:155,0
DA:156,0
DA:157,0
DA:158,0
DA:159,0
DA:161,0
DA:162,0
DA:164,0
DA:166,0
DA:167,0
DA:171,0
DA:172,0
DA:174,0
DA:175,0
DA:176,0
DA:177,0
DA:181,0
DA:182,0
DA:183,0
DA:186,0
DA:190,0
DA:192,0
DA:195,0
DA:201,0
DA:202,0
DA:206,0
DA:207,0
DA:208,0
DA:209,0
DA:210,0
DA:212,0
DA:213,0
DA:214,0
DA:215,0
DA:217,0
DA:218,0
DA:219,0
DA:221,0
DA:223,0
DA:224,0
DA:228,0
DA:229,0
DA:232,0
DA:233,0
DA:234,0
DA:235,0
DA:238,0
DA:239,0
DA:240,0
DA:244,0
DA:245,0
DA:246,0
DA:250,0
DA:251,0
DA:253,0
DA:254,0
DA:255,0
DA:260,0
DA:261,0
DA:262,0
DA:265,0
DA:266,0
DA:267,0
DA:271,0
DA:272,0
DA:273,0
DA:277,0
DA:278,0
DA:283,0
DA:292,0
DA:293,0
DA:298,0
DA:315,0
DA:316,0
DA:321,0
DA:337,0
DA:338,0
DA:339,0
DA:341,0
DA:348,0
DA:349,0
DA:350,0
DA:354,0
DA:355,0
DA:360,0
DA:366,0
DA:368,0
DA:369,0
DA:372,0
DA:373,0
DA:379,0
DA:381,0
DA:382,0
DA:385,0
DA:386,0
DA:387,0
DA:394,0
DA:395,0
DA:399,0
DA:400,0
DA:402,0
DA:404,0
DA:405,0
DA:407,0
DA:409,0
DA:416,0
DA:417,0
DA:419,0
DA:420,0
DA:422,0
DA:423,0
DA:429,0
DA:431,0
DA:432,0
DA:435,0
DA:436,0
DA:440,0
DA:441,0
DA:442,0
DA:443,0
DA:444,0
DA:445,0
DA:448,0
DA:449,0
DA:455,0
DA:457,0
DA:458,0
DA:461,0
DA:462,0
DA:464,0
DA:466,0
DA:471,0
DA:474,0
LF:194
LH:1
BRDA:86,0,0,0
BRDA:86,0,1,0
BRDA:95,1,0,0
BRDA:95,1,1,0
BRDA:111,2,0,0
BRDA:111,2,1,0
BRDA:122,3,0,0
BRDA:122,3,1,0
BRDA:122,4,0,0
BRDA:122,4,1,0
BRDA:145,5,0,0
BRDA:145,5,1,0
BRDA:152,6,0,0
BRDA:152,6,1,0
BRDA:176,7,0,0
BRDA:176,7,1,0
BRDA:183,8,0,0
BRDA:183,8,1,0
BRDA:183,9,0,0
BRDA:183,9,1,0
BRDA:183,9,2,0
BRDA:201,10,0,0
BRDA:201,10,1,0
BRDA:201,11,0,0
BRDA:201,11,1,0
BRDA:206,12,0,0
BRDA:206,12,1,0
BRDA:402,13,0,0
BRDA:402,13,1,0
BRDA:402,14,0,0
BRDA:402,14,1,0
BRDA:404,15,0,0
BRDA:404,15,1,0
BRDA:419,16,0,0
BRDA:419,16,1,0
BRF:35
BRH:0
end_of_record
TN:
SF:build/js/controllers/wizard.js
FN:2,(anonymous_0)
FN:13,(anonymous_1)
FN:20,(anonymous_2)
FN:25,(anonymous_3)
FN:26,(anonymous_4)
FN:39,(anonymous_5)
FN:40,(anonymous_6)
FNF:7
FNH:0
FNDA:0,(anonymous_0)
FNDA:0,(anonymous_1)
FNDA:0,(anonymous_2)
FNDA:0,(anonymous_3)
FNDA:0,(anonymous_4)
FNDA:0,(anonymous_5)
FNDA:0,(anonymous_6)
DA:1,8
DA:4,0
DA:5,0
DA:6,0
DA:9,0
DA:11,0
DA:13,0
DA:14,0
DA:15,0
DA:18,0
DA:20,0
DA:21,0
DA:25,0
DA:26,0
DA:27,0
DA:31,0
DA:39,0
DA:40,0
DA:41,0
DA:42,0
DA:43,0
DA:48,0
LF:22
LH:1
BRDA:4,0,0,0
BRDA:4,0,1,0
BRDA:14,1,0,0
BRDA:14,1,1,0
BRDA:41,2,0,0
BRDA:41,2,1,0
BRDA:42,3,0,0
BRDA:42,3,1,0
BRF:8
BRH:0
end_of_record
TN:
SF:build/js/controllers/actions/forcedpasswordchange.js
FN:2,(anonymous_0)
FN:5,(anonymous_1)
FN:7,(anonymous_2)
FN:11,(anonymous_3)
FNF:4
FNH:0
FNDA:0,(anonymous_0)
FNDA:0,(anonymous_1)
FNDA:0,(anonymous_2)
FNDA:0,(anonymous_3)
DA:1,8
DA:3,0
DA:5,0
DA:6,0
DA:8,0
DA:9,0
DA:12,0
LF:7
LH:1
BRF:0
BRH:0
end_of_record
TN:
SF:build/js/controllers/actions/forcedtwofactor.js
FN:2,(anonymous_0)
FN:18,(anonymous_1)
FN:22,(anonymous_2)
FN:29,(anonymous_3)
FNF:4
FNH:0
FNDA:0,(anonymous_0)
FNDA:0,(anonymous_1)
FNDA:0,(anonymous_2)
FNDA:0,(anonymous_3)
DA:1,8
DA:3,0
DA:4,0
DA:6,0
DA:8,0
DA:14,0
DA:15,0
DA:18,0
DA:19,0
DA:22,0
DA:23,0
DA:30,0
DA:31,0
DA:32,0
LF:14
LH:1
BRF:0
BRH:0
end_of_record
TN:
SF:build/js/controllers/admin/auditlog.js
FN:2,(anonymous_0)
FNF:1
FNH:0
FNDA:0,(anonymous_0)
DA:1,8
DA:3,0
DA:22,0
DA:24,0
DA:26,0
DA:28,0
DA:29,0
LF:7
LH:1
BRF:0
BRH:0
end_of_record
TN:
SF:build/js/controllers/admin/casemanagement.js
FN:1,(anonymous_0)
FN:9,(anonymous_1)
FN:11,(anonymous_2)
FN:15,(anonymous_3)
FN:20,(anonymous_4)
FN:23,(anonymous_5)
FN:27,(anonymous_6)
FN:34,(anonymous_7)
FN:38,(anonymous_8)
FN:39,(anonymous_9)
FN:44,ss_idx
FN:53,(anonymous_11)
FN:58,swap
FN:77,(anonymous_13)
FN:79,(anonymous_14)
FN:94,(anonymous_15)
FN:95,(anonymous_16)
FN:98,(anonymous_17)
FN:101,(anonymous_18)
FN:110,(anonymous_19)
FN:115,(anonymous_20)
FN:117,(anonymous_21)
FN:119,(anonymous_22)
FN:123,(anonymous_23)
FN:124,(anonymous_24)
FN:128,(anonymous_25)
FN:135,(anonymous_26)
FN:140,swapSs
FN:157,(anonymous_28)
FN:162,(anonymous_29)
FN:163,(anonymous_30)
FN:166,(anonymous_31)
FN:169,(anonymous_32)
FN:178,(anonymous_33)
FN:184,(anonymous_34)
FN:189,(anonymous_35)
FN:203,(anonymous_36)
FN:207,(anonymous_37)
FN:216,(anonymous_38)
FNF:39
FNH:0
FNDA:0,(anonymous_0)
FNDA:0,(anonymous_1)
FNDA:0,(anonymous_2)
FNDA:0,(anonymous_3)
FNDA:0,(anonymous_4)
FNDA:0,(anonymous_5)
FNDA:0,(anonymous_6)
FNDA:0,(anonymous_7)
FNDA:0,(anonymous_8)
FNDA:0,(anonymous_9)
FNDA:0,ss_idx
FNDA:0,(anonymous_11)
FNDA:0,swap
FNDA:0,(anonymous_13)
FNDA:0,(anonymous_14)
FNDA:0,(anonymous_15)
FNDA:0,(anonymous_16)
FNDA:0,(anonymous_17)
FNDA:0,(anonymous_18)
FNDA:0,(anonymous_19)
FNDA:0,(anonymous_20)
FNDA:0,(anonymous_21)
FNDA:0,(anonymous_22)
FNDA:0,(anonymous_23)
FNDA:0,(anonymous_24)
FNDA:0,(anonymous_25)
FNDA:0,(anonymous_26)
FNDA:0,swapSs
FNDA:0,(anonymous_28)
FNDA:0,(anonymous_29)
FNDA:0,(anonymous_30)
FNDA:0,(anonymous_31)
FNDA:0,(anonymous_32)
FNDA:0,(anonymous_33)
FNDA:0,(anonymous_34)
FNDA:0,(anonymous_35)
FNDA:0,(anonymous_36)
FNDA:0,(anonymous_37)
FNDA:0,(anonymous_38)
DA:1,8
DA:2,0
DA:10,0
DA:11,0
DA:12,0
DA:15,0
DA:16,0
DA:21,0
DA:23,0
DA:24,0
DA:27,0
DA:28,0
DA:29,0
DA:33,0
DA:34,0
DA:35,0
DA:38,0
DA:39,0
DA:40,0
DA:45,0
DA:46,0
DA:47,0
DA:48,0
DA:53,0
DA:54,0
DA:55,0
DA:59,0
DA:61,0
DA:63,0
DA:64,0
DA:68,0
DA:69,0
DA:71,0
DA:72,0
DA:73,0
DA:76,0
DA:78,0
DA:80,0
DA:84,0
DA:94,0
DA:95,0
DA:99,0
DA:101,0
DA:102,0
DA:107,0
DA:111,0
DA:118,0
DA:119,0
DA:120,0
DA:123,0
DA:124,0
DA:125,0
DA:129,0
DA:130,0
DA:135,0
DA:136,0
DA:137,0
DA:141,0
DA:143,0
DA:145,0
DA:146,0
DA:149,0
DA:150,0
DA:152,0
DA:157,0
DA:162,0
DA:163,0
DA:167,0
DA:169,0
DA:170,0
DA:175,0
DA:179,0
DA:185,0
DA:187,0
DA:189,0
DA:190,0
DA:194,0
DA:195,0
DA:196,0
DA:197,0
DA:198,0
DA:204,0
DA:207,0
DA:208,0
DA:213,0
DA:217,0
LF:86
LH:1
BRDA:28,0,0,0
BRDA:28,0,1,0
BRDA:47,1,0,0
BRDA:47,1,1,0
BRDA:63,2,0,0
BRDA:63,2,1,0
BRDA:63,3,0,0
BRDA:63,3,1,0
BRDA:145,4,0,0
BRDA:145,4,1,0
BRDA:145,5,0,0
BRDA:145,5,1,0
BRDA:196,6,0,0
BRDA:196,6,1,0
BRF:14
BRH:0
end_of_record
TN:
SF:build/js/controllers/admin/contexts.js
FN:3,(anonymous_0)
FN:6,(anonymous_1)
FN:17,(anonymous_2)
FN:21,(anonymous_3)
FN:26,(anonymous_4)
FN:32,(anonymous_5)
FN:35,(anonymous_6)
FN:39,(anonymous_7)
FN:45,(anonymous_8)
FN:53,swap
FN:69,(anonymous_10)
FN:74,(anonymous_11)
FN:75,(anonymous_12)
FN:78,(anonymous_13)
FN:82,(anonymous_14)
FN:87,(anonymous_15)
FN:91,(anonymous_16)
FN:92,(anonymous_17)
FN:97,(anonymous_18)
FN:98,swap
FN:108,(anonymous_20)
FN:109,(anonymous_21)
FN:111,(anonymous_22)
FN:114,(anonymous_23)
FN:121,(anonymous_24)
FNF:25
FNH:0
FNDA:0,(anonymous_0)
FNDA:0,(anonymous_1)
FNDA:0,(anonymous_2)
FNDA:0,(anonymous_3)
FNDA:0,(anonymous_4)
FNDA:0,(anonymous_5)
FNDA:0,(anonymous_6)
FNDA:0,(anonymous_7)
FNDA:0,(anonymous_8)
FNDA:0,swap
FNDA:0,(anonymous_10)
FNDA:0,(anonymous_11)
FNDA:0,(anonymous_12)
FNDA:0,(anonymous_13)
FNDA:0,(anonymous_14)
FNDA:0,(anonymous_15)
FNDA:0,(anonymous_16)
FNDA:0,(anonymous_17)
FNDA:0,(anonymous_18)
FNDA:0,swap
FNDA:0,(anonymous_20)
FNDA:0,(anonymous_21)
FNDA:0,(anonymous_22)
FNDA:0,(anonymous_23)
FNDA:0,(anonymous_24)
DA:1,8
DA:4,0
DA:6,0
DA:7,0
DA:8,0
DA:11,0
DA:13,0
DA:16,0
DA:17,0
DA:18,0
DA:21,0
DA:22,0
DA:23,0
DA:26,0
DA:27,0
DA:28,0
DA:33,0
DA:35,0
DA:36,0
DA:39,0
DA:40,0
DA:41,0
DA:45,0
DA:46,0
DA:47,0
DA:48,0
DA:49,0
DA:54,0
DA:56,0
DA:57,0
DA:58,0
DA:61,0
DA:62,0
DA:64,0
DA:69,0
DA:74,0
DA:75,0
DA:77,0
DA:78,0
DA:79,0
DA:82,0
DA:83,0
DA:84,0
DA:87,0
DA:88,0
DA:91,0
DA:92,0
DA:93,0
DA:99,0
DA:100,0
DA:101,0
DA:102,0
DA:103,0
DA:104,0
DA:108,0
DA:109,0
DA:112,0
DA:114,0
DA:115,0
DA:117,0
DA:118,0
DA:119,0
DA:121,0
DA:122,0
DA:123,0
LF:65
LH:1
BRDA:7,0,0,0
BRDA:7,0,1,0
BRDA:40,1,0,0
BRDA:40,1,1,0
BRDA:46,2,0,0
BRDA:46,2,1,0
BRDA:48,3,0,0
BRDA:48,3,1,0
BRDA:57,4,0,0
BRDA:57,4,1,0
BRDA:57,5,0,0
BRDA:57,5,1,0
BRDA:100,6,0,0
BRDA:100,6,1,0
BRDA:100,7,0,0
BRDA:100,7,1,0
BRF:16
BRH:0
end_of_record
TN:
SF:build/js/controllers/admin/fields.js
FN:2,(anonymous_0)
FN:17,(anonymous_1)
FN:21,(anonymous_2)
FN:25,(anonymous_3)
FN:29,(anonymous_4)
FN:33,(anonymous_5)
FN:45,(anonymous_6)
FN:57,(anonymous_7)
FN:58,(anonymous_8)
FN:64,(anonymous_9)
FN:69,(anonymous_10)
FN:74,(anonymous_11)
FN:91,swapOption
FN:102,(anonymous_13)
FN:103,(anonymous_14)
FN:105,(anonymous_15)
FN:109,(anonymous_16)
FN:113,(anonymous_17)
FN:121,(anonymous_18)
FN:126,(anonymous_19)
FN:131,(anonymous_20)
FN:136,(anonymous_21)
FN:141,(anonymous_22)
FN:153,(anonymous_23)
FN:159,(anonymous_24)
FN:165,(anonymous_25)
FN:174,(anonymous_26)
FN:180,(anonymous_27)
FN:184,(anonymous_28)
FN:188,(anonymous_29)
FN:189,(anonymous_30)
FN:193,(anonymous_31)
FN:200,(anonymous_32)
FN:204,(anonymous_33)
FN:209,(anonymous_34)
FN:216,(anonymous_35)
FN:220,(anonymous_36)
FN:221,(anonymous_37)
FN:227,(anonymous_38)
FN:234,(anonymous_39)
FN:237,(anonymous_40)
FN:243,(anonymous_41)
FNF:42
FNH:0
FNDA:0,(anonymous_0)
FNDA:0,(anonymous_1)
FNDA:0,(anonymous_2)
FNDA:0,(anonymous_3)
FNDA:0,(anonymous_4)
FNDA:0,(anonymous_5)
FNDA:0,(anonymous_6)
FNDA:0,(anonymous_7)
FNDA:0,(anonymous_8)
FNDA:0,(anonymous_9)
FNDA:0,(anonymous_10)
FNDA:0,(anonymous_11)
FNDA:0,swapOption
FNDA:0,(anonymous_13)
FNDA:0,(anonymous_14)
FNDA:0,(anonymous_15)
FNDA:0,(anonymous_16)
FNDA:0,(anonymous_17)
FNDA:0,(anonymous_18)
FNDA:0,(anonymous_19)
FNDA:0,(anonymous_20)
FNDA:0,(anonymous_21)
FNDA:0,(anonymous_22)
FNDA:0,(anonymous_23)
FNDA:0,(anonymous_24)
FNDA:0,(anonymous_25)
FNDA:0,(anonymous_26)
FNDA:0,(anonymous_27)
FNDA:0,(anonymous_28)
FNDA:0,(anonymous_29)
FNDA:0,(anonymous_30)
FNDA:0,(anonymous_31)
FNDA:0,(anonymous_32)
FNDA:0,(anonymous_33)
FNDA:0,(anonymous_34)
FNDA:0,(anonymous_35)
FNDA:0,(anonymous_36)
FNDA:0,(anonymous_37)
FNDA:0,(anonymous_38)
FNDA:0,(anonymous_39)
FNDA:0,(anonymous_40)
FNDA:0,(anonymous_41)
DA:1,8
DA:3,0
DA:5,0
DA:6,0
DA:8,0
DA:9,0
DA:11,0
DA:12,0
DA:15,0
DA:17,0
DA:18,0
DA:21,0
DA:22,0
DA:25,0
DA:26,0
DA:29,0
DA:30,0
DA:33,0
DA:34,0
DA:35,0
DA:38,0
DA:39,0
DA:42,0
DA:45,0
DA:46,0
DA:47,0
DA:50,0
DA:51,0
DA:54,0
DA:57,0
DA:58,0
DA:59,0
DA:63,0
DA:64,0
DA:65,0
DA:66,0
DA:69,0
DA:70,0
DA:71,0
DA:74,0
DA:75,0
DA:86,0
DA:88,0
DA:92,0
DA:93,0
DA:94,0
DA:96,0
DA:97,0
DA:98,0
DA:99,0
DA:102,0
DA:103,0
DA:105,0
DA:106,0
DA:109,0
DA:110,0
DA:113,0
DA:114,0
DA:116,0
DA:118,0
DA:121,0
DA:122,0
DA:123,0
DA:126,0
DA:127,0
DA:128,0
DA:131,0
DA:132,0
DA:133,0
DA:136,0
DA:137,0
DA:138,0
DA:141,0
DA:142,0
DA:143,0
DA:144,0
DA:145,0
DA:147,0
DA:149,0
DA:150,0
DA:153,0
DA:154,0
DA:155,0
DA:159,0
DA:160,0
DA:161,0
DA:162,0
DA:163,0
DA:165,0
DA:166,0
DA:167,0
DA:171,0
DA:172,0
DA:174,0
DA:175,0
DA:176,0
DA:177,0
DA:180,0
DA:181,0
DA:184,0
DA:185,0
DA:188,0
DA:189,0
DA:190,0
DA:193,0
DA:194,0
DA:197,0
DA:200,0
DA:201,0
DA:204,0
DA:205,0
DA:210,0
DA:217,0
DA:218,0
DA:220,0
DA:221,0
DA:222,0
DA:228,0
DA:235,0
DA:237,0
DA:238,0
DA:239,0
DA:240,0
DA:241,0
DA:243,0
DA:244,0
DA:245,0
LF:127
LH:1
BRDA:11,0,0,0
BRDA:11,0,1,0
BRDA:34,1,0,0
BRDA:34,1,1,0
BRDA:38,2,0,0
BRDA:38,2,1,0
BRDA:46,3,0,0
BRDA:46,3,1,0
BRDA:50,4,0,0
BRDA:50,4,1,0
BRDA:93,5,0,0
BRDA:93,5,1,0
BRDA:93,6,0,0
BRDA:93,6,1,0
BRDA:149,7,0,0
BRDA:149,7,1,0
BRDA:238,8,0,0
BRDA:238,8,1,0
BRF:18
BRH:0
end_of_record
TN:
SF:build/js/controllers/admin/home.js
FN:2,(anonymous_0)
FN:3,(anonymous_1)
FN:4,(anonymous_2)
FN:7,(anonymous_3)
FN:13,(anonymous_4)
FN:22,(anonymous_5)
FNF:6
FNH:4
FNDA:11,(anonymous_0)
FNDA:7,(anonymous_1)
FNDA:7,(anonymous_2)
FNDA:0,(anonymous_3)
FNDA:0,(anonymous_4)
FNDA:11,(anonymous_5)
DA:1,8
DA:3,11
DA:4,7
DA:7,11
DA:8,0
DA:9,0
DA:12,0
DA:13,0
DA:14,0
DA:15,0
DA:19,0
DA:22,11
DA:23,11
DA:25,11
DA:26,0
DA:29,11
DA:30,66
DA:31,0
DA:35,11
LF:19
LH:10
BRDA:8,0,0,0
BRDA:8,0,1,0
BRDA:14,1,0,0
BRDA:14,1,1,0
BRDA:25,2,0,0
BRDA:25,2,1,11
BRDA:30,3,0,0
BRDA:30,3,1,66
BRDA:30,4,0,66
BRDA:30,4,1,33
BRF:10
BRH:4
end_of_record
TN:
SF:build/js/controllers/admin/network.js
FN:2,(anonymous_0)
FN:22,(anonymous_1)
FN:28,(anonymous_2)
FN:34,(anonymous_3)
FN:41,(anonymous_4)
FN:45,(anonymous_5)
FN:49,(anonymous_6)
FN:84,(anonymous_7)
FN:108,(anonymous_8)
FN:112,(anonymous_9)
FN:113,(anonymous_10)
FN:119,(anonymous_11)
FN:125,(anonymous_12)
FN:125,(anonymous_13)
FN:131,(anonymous_14)
FN:134,(anonymous_15)
FN:139,(anonymous_16)
[...]
BRDA:22,5892,1,0
BRDA:22,5893,0,0
BRDA:22,5894,0,0
BRDA:22,5894,1,0
BRDA:22,5895,0,0
BRDA:22,5895,1,0
BRDA:22,5895,2,0
BRDA:22,5896,0,0
BRDA:22,5896,1,0
BRDA:22,5897,0,0
BRDA:22,5897,1,0
BRDA:22,5898,0,0
BRDA:22,5898,1,0
BRDA:22,5899,0,0
BRDA:22,5899,1,0
BRDA:22,5900,0,0
BRDA:22,5900,1,0
BRDA:22,5901,0,0
BRDA:22,5901,1,0
BRDA:22,5902,0,0
BRDA:22,5902,1,0
BRDA:22,5903,0,0
BRDA:22,5903,1,0
BRDA:22,5904,0,0
BRDA:22,5904,1,0
BRDA:22,5904,2,0
BRDA:22,5905,0,0
BRDA:22,5905,1,0
BRDA:22,5905,2,0
BRDA:22,5905,3,0
BRDA:22,5905,4,0
BRDA:22,5906,0,0
BRDA:22,5906,1,0
BRDA:22,5907,0,0
BRDA:22,5908,0,0
BRDA:22,5908,1,0
BRDA:22,5909,0,0
BRDA:22,5909,1,0
BRDA:22,5910,0,0
BRDA:22,5910,1,0
BRDA:22,5911,0,0
BRDA:22,5911,1,0
BRDA:22,5912,0,0
BRDA:22,5912,1,0
BRDA:22,5913,0,0
BRDA:22,5913,1,0
BRDA:22,5914,0,0
BRDA:22,5914,1,0
BRDA:22,5915,0,0
BRDA:22,5915,1,0
BRDA:22,5916,0,0
BRDA:22,5916,1,0
BRDA:22,5917,0,0
BRDA:22,5917,1,0
BRDA:22,5918,0,0
BRDA:22,5918,1,0
BRDA:22,5919,0,0
BRDA:22,5919,1,0
BRDA:22,5919,2,0
BRDA:22,5920,0,0
BRDA:22,5920,1,0
BRDA:22,5921,0,0
BRDA:22,5921,1,0
BRDA:22,5922,0,0
BRDA:22,5922,1,0
BRDA:22,5923,0,0
BRDA:22,5923,1,0
BRDA:22,5924,0,0
BRDA:22,5924,1,0
BRDA:22,5925,0,0
BRDA:22,5925,1,0
BRDA:22,5926,0,0
BRDA:22,5926,1,0
BRDA:22,5927,0,0
BRDA:22,5927,1,0
BRDA:22,5928,0,0
BRDA:22,5928,1,0
BRDA:22,5929,0,0
BRDA:22,5929,1,0
BRDA:22,5929,2,0
BRDA:22,5929,3,0
BRDA:22,5930,0,0
BRDA:22,5930,1,0
BRDA:22,5931,0,0
BRDA:22,5931,1,0
BRDA:22,5932,0,0
BRDA:22,5932,1,0
BRDA:22,5933,0,0
BRDA:22,5933,1,0
BRDA:22,5934,0,0
BRDA:22,5934,1,0
BRDA:22,5935,0,0
BRDA:22,5935,1,0
BRDA:22,5936,0,0
BRDA:22,5936,1,0
BRDA:22,5937,0,0
BRDA:22,5937,1,0
BRDA:22,5938,0,0
BRDA:22,5938,1,0
BRDA:22,5939,0,0
BRDA:22,5939,1,0
BRDA:22,5940,0,0
BRDA:22,5940,1,0
BRDA:22,5941,0,0
BRDA:22,5941,1,0
BRDA:22,5942,0,0
BRDA:22,5942,1,0
BRDA:22,5943,0,0
BRDA:22,5943,1,0
BRDA:22,5944,0,0
BRDA:22,5944,1,0
BRDA:22,5945,0,0
BRDA:22,5945,1,0
BRDA:22,5946,0,0
BRDA:22,5946,1,0
BRDA:22,5947,0,0
BRDA:22,5947,1,0
BRDA:22,5948,0,0
BRDA:22,5949,0,0
BRDA:22,5949,1,0
BRDA:22,5950,0,0
BRDA:22,5950,1,0
BRDA:22,5951,0,0
BRDA:22,5951,1,0
BRDA:22,5952,0,0
BRDA:22,5952,1,0
BRDA:22,5953,0,0
BRDA:22,5953,1,0
BRDA:22,5954,0,0
BRDA:22,5954,1,0
BRDA:22,5955,0,0
BRDA:22,5955,1,0
BRDA:22,5956,0,0
BRDA:22,5956,1,0
BRDA:22,5957,0,0
BRDA:22,5957,1,0
BRDA:22,5958,0,0
BRDA:22,5958,1,0
BRDA:22,5959,0,0
BRDA:22,5959,1,0
BRDA:22,5960,0,0
BRDA:22,5960,1,0
BRDA:22,5960,2,0
BRDA:22,5961,0,0
BRDA:22,5961,1,0
BRDA:22,5961,2,0
BRDA:22,5962,0,0
BRDA:22,5962,1,0
BRDA:22,5963,0,0
BRDA:22,5963,1,0
BRDA:22,5963,2,0
BRDA:22,5964,0,0
BRDA:22,5964,1,0
BRDA:22,5965,0,0
BRDA:22,5965,1,0
BRDA:22,5966,0,0
BRDA:22,5966,1,0
BRDA:22,5967,0,0
BRDA:22,5967,1,0
BRDA:22,5967,2,0
BRDA:22,5968,0,0
BRDA:22,5968,1,0
BRDA:22,5969,0,0
BRDA:22,5970,0,0
BRDA:22,5970,1,0
BRDA:22,5971,0,0
BRDA:22,5971,1,0
BRDA:22,5972,0,0
BRDA:22,5972,1,0
BRDA:22,5973,0,0
BRDA:22,5973,1,0
BRDA:22,5974,0,0
BRDA:22,5974,1,0
BRDA:22,5975,0,0
BRDA:22,5975,1,0
BRDA:22,5976,0,0
BRDA:22,5976,1,0
BRDA:22,5977,0,0
BRDA:22,5977,1,0
BRDA:22,5978,0,0
BRDA:22,5978,1,0
BRDA:22,5979,0,0
BRDA:22,5980,0,0
BRDA:22,5981,0,0
BRDA:22,5981,1,0
BRDA:22,5982,0,0
BRDA:22,5982,1,0
BRDA:22,5983,0,0
BRDA:22,5983,1,0
BRDA:22,5984,0,0
BRDA:22,5984,1,0
BRDA:22,5985,0,0
BRDA:22,5985,1,0
BRDA:22,5986,0,0
BRDA:22,5986,1,0
BRDA:22,5987,0,0
BRDA:22,5987,1,0
BRDA:22,5988,0,0
BRDA:22,5989,0,0
BRDA:22,5989,1,0
BRDA:22,5990,0,0
BRDA:22,5990,1,0
BRDA:22,5991,0,0
BRDA:22,5991,1,0
BRDA:22,5992,0,0
BRDA:22,5992,1,0
BRDA:22,5993,0,0
BRDA:22,5993,1,0
BRDA:22,5994,0,0
BRDA:22,5994,1,0
BRDA:22,5995,0,0
BRDA:22,5995,1,0
BRDA:22,5996,0,0
BRDA:22,5996,1,0
BRDA:22,5997,0,0
BRDA:22,5997,1,0
BRDA:22,5998,0,0
BRDA:22,5998,1,0
BRDA:22,5999,0,0
BRDA:22,5999,1,0
BRDA:22,6000,0,0
BRDA:22,6000,1,0
BRDA:22,6001,0,0
BRDA:22,6001,1,0
BRDA:22,6002,0,0
BRDA:22,6002,1,0
BRDA:22,6003,0,0
BRDA:22,6003,1,0
BRDA:22,6004,0,0
BRDA:22,6004,1,0
BRDA:22,6005,0,0
BRDA:22,6005,1,0
BRDA:22,6006,0,0
BRDA:22,6006,1,0
BRDA:22,6007,0,0
BRDA:22,6007,1,0
BRDA:22,6007,2,0
BRDA:22,6008,0,0
BRDA:22,6008,1,0
BRDA:22,6009,0,0
BRDA:22,6009,1,0
BRDA:22,6010,0,0
BRDA:22,6010,1,0
BRDA:22,6011,0,0
BRDA:22,6011,1,0
BRDA:22,6012,0,0
BRDA:22,6012,1,0
BRDA:22,6013,0,0
BRDA:22,6013,1,0
BRDA:22,6014,0,0
BRDA:22,6014,1,0
BRDA:22,6015,0,0
BRDA:22,6015,1,0
BRDA:22,6016,0,0
BRDA:22,6016,1,0
BRDA:22,6017,0,0
BRDA:22,6017,1,0
BRDA:22,6018,0,0
BRDA:22,6018,1,0
BRDA:22,6019,0,0
BRDA:22,6019,1,0
BRDA:22,6020,0,0
BRDA:22,6020,1,0
BRDA:22,6021,0,0
BRDA:22,6022,0,0
BRDA:22,6022,1,0
BRDA:22,6023,0,0
BRDA:22,6024,0,0
BRDA:22,6025,0,0
BRDA:22,6025,1,0
BRDA:22,6026,0,0
BRDA:22,6026,1,0
BRDA:22,6027,0,0
BRDA:22,6027,1,0
BRDA:22,6028,0,0
BRDA:22,6028,1,0
BRDA:22,6028,2,0
BRDA:22,6029,0,0
BRDA:22,6029,1,0
BRDA:22,6029,2,0
BRDA:22,6030,0,0
BRDA:22,6031,0,0
BRDA:22,6031,1,0
BRDA:22,6032,0,0
BRDA:22,6032,1,0
BRDA:22,6033,0,0
BRDA:22,6033,1,0
BRDA:22,6034,0,0
BRDA:22,6034,1,0
BRDA:22,6035,0,0
BRDA:22,6036,0,0
BRDA:22,6036,1,0
BRDA:22,6037,0,0
BRDA:22,6037,1,0
BRDA:22,6038,0,0
BRDA:22,6038,1,0
BRDA:22,6039,0,0
BRDA:22,6039,1,0
BRDA:22,6040,0,0
BRDA:22,6040,1,0
BRDA:22,6041,0,0
BRDA:22,6041,1,0
BRDA:22,6042,0,0
BRDA:22,6042,1,0
BRDA:22,6043,0,0
BRDA:22,6043,1,0
BRDA:22,6044,0,0
BRDA:22,6044,1,0
BRDA:22,6045,0,0
BRDA:22,6045,1,0
BRDA:22,6046,0,0
BRDA:22,6046,1,0
BRDA:22,6047,0,0
BRDA:22,6047,1,0
BRDA:22,6048,0,0
BRDA:22,6048,1,0
BRDA:22,6049,0,0
BRDA:22,6049,1,0
BRDA:22,6050,0,0
BRDA:22,6050,1,0
BRDA:22,6051,0,0
BRDA:22,6051,1,0
BRDA:22,6052,0,0
BRDA:22,6052,1,0
BRDA:22,6053,0,0
BRDA:22,6054,0,0
BRDA:22,6054,1,0
BRDA:22,6055,0,0
BRDA:22,6055,1,0
BRDA:22,6056,0,0
BRDA:22,6056,1,0
BRDA:22,6057,0,0
BRDA:22,6057,1,0
BRDA:22,6058,0,0
BRDA:22,6058,1,0
BRDA:22,6059,0,0
BRDA:22,6059,1,0
BRDA:22,6059,2,0
BRDA:22,6059,3,0
BRDA:22,6060,0,0
BRDA:22,6060,1,0
BRDA:22,6060,2,0
BRDA:22,6060,3,0
BRDA:22,6061,0,0
BRDA:22,6061,1,0
BRDA:22,6062,0,0
BRDA:22,6062,1,0
BRDA:22,6063,0,0
BRDA:22,6063,1,0
BRDA:22,6064,0,0
BRDA:22,6064,1,0
BRDA:22,6065,0,0
BRDA:22,6065,1,0
BRDA:22,6066,0,0
BRDA:22,6066,1,0
BRDA:22,6067,0,0
BRDA:22,6067,1,0
BRDA:22,6068,0,0
BRDA:22,6069,0,0
BRDA:22,6069,1,0
BRDA:22,6070,0,0
BRDA:22,6070,1,0
BRDA:22,6071,0,0
BRDA:22,6071,1,0
BRDA:22,6072,0,0
BRDA:22,6072,1,0
BRDA:22,6073,0,0
BRDA:22,6073,1,0
BRDA:22,6074,0,0
BRDA:22,6074,1,0
BRDA:22,6075,0,0
BRDA:22,6075,1,0
BRDA:22,6076,0,0
BRDA:22,6076,1,0
BRDA:22,6076,2,0
BRDA:22,6077,0,0
BRDA:22,6077,1,0
BRDA:22,6078,0,0
BRDA:22,6078,1,0
BRDA:22,6079,0,0
BRDA:22,6079,1,0
BRDA:22,6080,0,0
BRDA:22,6080,1,0
BRDA:22,6081,0,0
BRDA:22,6082,0,0
BRDA:22,6083,0,0
BRDA:22,6083,1,0
BRDA:22,6084,0,0
BRDA:22,6084,1,0
BRDA:22,6085,0,0
BRDA:22,6085,1,0
BRDA:22,6086,0,0
BRDA:22,6086,1,0
BRDA:22,6087,0,0
BRDA:22,6087,1,0
BRDA:22,6088,0,0
BRDA:22,6088,1,0
BRDA:22,6089,0,0
BRDA:22,6089,1,0
BRDA:22,6090,0,0
BRDA:22,6090,1,0
BRDA:22,6090,2,0
BRDA:22,6091,0,0
BRDA:22,6091,1,0
BRDA:22,6092,0,0
BRDA:22,6092,1,0
BRDA:22,6093,0,0
BRDA:22,6093,1,0
BRDA:22,6094,0,0
BRDA:22,6094,1,0
BRDA:22,6095,0,0
BRDA:22,6095,1,0
BRDA:22,6095,2,0
BRDA:22,6096,0,0
BRDA:22,6096,1,0
BRDA:22,6097,0,0
BRDA:22,6097,1,0
BRDA:22,6098,0,0
BRDA:22,6098,1,0
BRDA:22,6099,0,0
BRDA:22,6099,1,0
BRDA:22,6100,0,0
BRDA:22,6100,1,0
BRDA:22,6101,0,0
BRDA:22,6102,0,0
BRDA:22,6102,1,0
BRDA:22,6103,0,0
BRDA:22,6103,1,0
BRDA:22,6104,0,0
BRDA:22,6104,1,0
BRDA:22,6105,0,0
BRDA:22,6105,1,0
BRDA:22,6106,0,0
BRDA:22,6106,1,0
BRDA:22,6107,0,0
BRDA:22,6107,1,0
BRDA:22,6107,2,0
BRDA:22,6107,3,0
BRDA:22,6107,4,0
BRDA:22,6108,0,0
BRDA:22,6108,1,0
BRDA:22,6109,0,0
BRDA:22,6109,1,0
BRDA:22,6110,0,0
BRDA:22,6110,1,0
BRDA:22,6111,0,0
BRDA:22,6111,1,0
BRDA:22,6112,0,0
BRDA:22,6112,1,0
BRDA:22,6113,0,0
BRDA:22,6113,1,0
BRDA:22,6114,0,0
BRDA:22,6114,1,0
BRDA:22,6115,0,0
BRDA:22,6115,1,0
BRDA:22,6116,0,0
BRDA:22,6116,1,0
BRDA:22,6117,0,0
BRDA:22,6117,1,0
BRDA:22,6118,0,0
BRDA:22,6118,1,0
BRDA:22,6119,0,0
BRDA:22,6120,0,0
BRDA:22,6121,0,0
BRDA:22,6121,1,0
BRDA:22,6122,0,0
BRDA:22,6122,1,0
BRDA:22,6123,0,0
BRDA:22,6123,1,0
BRDA:22,6124,0,0
BRDA:22,6124,1,0
BRDA:22,6125,0,0
BRDA:22,6125,1,0
BRDA:22,6126,0,0
BRDA:22,6126,1,0
BRDA:22,6127,0,0
BRDA:22,6127,1,0
BRDA:22,6128,0,0
BRDA:22,6128,1,0
BRDA:22,6129,0,0
BRDA:22,6129,1,0
BRDA:22,6130,0,0
BRDA:22,6130,1,0
BRDA:22,6131,0,0
BRDA:22,6131,1,0
BRDA:22,6132,0,0
BRDA:22,6132,1,0
BRDA:22,6133,0,0
BRDA:22,6133,1,0
BRDA:22,6134,0,0
BRDA:22,6134,1,0
BRDA:22,6135,0,0
BRDA:22,6135,1,0
BRDA:22,6136,0,0
BRDA:22,6136,1,0
BRDA:22,6137,0,0
BRDA:22,6137,1,0
BRDA:22,6138,0,0
BRDA:22,6138,1,0
BRDA:22,6139,0,0
BRDA:22,6140,0,0
BRDA:22,6140,1,0
BRDA:22,6141,0,0
BRDA:22,6141,1,0
BRDA:22,6142,0,0
BRDA:22,6142,1,0
BRDA:22,6143,0,0
BRDA:22,6143,1,0
BRDA:22,6144,0,0
BRDA:22,6144,1,0
BRDA:22,6145,0,0
BRDA:22,6145,1,0
BRDA:22,6146,0,0
BRDA:22,6146,1,0
BRDA:22,6147,0,0
BRDA:22,6147,1,0
BRDA:22,6148,0,0
BRDA:22,6148,1,0
BRDA:22,6148,2,0
BRDA:22,6148,3,0
BRDA:22,6149,0,0
BRDA:22,6149,1,0
BRDA:22,6150,0,0
BRDA:22,6150,1,0
BRDA:22,6151,0,0
BRDA:22,6151,1,0
BRDA:22,6152,0,0
BRDA:22,6152,1,0
BRDA:22,6153,0,0
BRDA:22,6153,1,0
BRDA:22,6154,0,0
BRDA:22,6154,1,0
BRDA:22,6155,0,0
BRDA:22,6155,1,0
BRDA:22,6156,0,0
BRDA:22,6156,1,0
BRDA:22,6157,0,0
BRDA:22,6157,1,0
BRDA:22,6158,0,0
BRDA:22,6158,1,0
BRDA:22,6159,0,0
BRDA:22,6159,1,0
BRDA:22,6160,0,0
BRDA:22,6160,1,0
BRDA:22,6161,0,0
BRDA:22,6161,1,0
BRDA:22,6162,0,0
BRDA:22,6162,1,0
BRDA:22,6163,0,0
BRDA:22,6163,1,0
BRDA:22,6164,0,0
BRDA:22,6164,1,0
BRDA:22,6165,0,0
BRDA:22,6165,1,0
BRDA:22,6166,0,0
BRDA:22,6166,1,0
BRDA:22,6167,0,0
BRDA:22,6167,1,0
BRDA:22,6168,0,0
BRDA:22,6168,1,0
BRDA:22,6169,0,0
BRDA:22,6169,1,0
BRDA:22,6170,0,0
BRDA:22,6170,1,0
BRDA:22,6171,0,0
BRDA:22,6171,1,0
BRDA:22,6172,0,0
BRDA:22,6172,1,0
BRDA:22,6173,0,0
BRDA:22,6173,1,0
BRDA:22,6174,0,0
BRDA:22,6174,1,0
BRDA:22,6175,0,0
BRDA:22,6175,1,0
BRDA:22,6176,0,0
BRDA:22,6176,1,0
BRDA:22,6176,2,0
BRDA:22,6177,0,0
BRDA:22,6177,1,0
BRDA:22,6177,2,0
BRDA:22,6178,0,0
BRDA:22,6178,1,0
BRDA:22,6179,0,0
BRDA:22,6179,1,0
BRDA:22,6180,0,0
BRDA:22,6180,1,0
BRDA:22,6181,0,0
BRDA:22,6181,1,0
BRDA:22,6182,0,0
BRDA:22,6182,1,0
BRDA:22,6183,0,0
BRDA:22,6183,1,0
BRDA:22,6184,0,0
BRDA:22,6184,1,0
BRDA:22,6185,0,0
BRDA:22,6185,1,0
BRDA:22,6186,0,0
BRDA:22,6186,1,0
BRDA:22,6187,0,0
BRDA:22,6187,1,0
BRDA:22,6188,0,0
BRDA:22,6188,1,0
BRDA:22,6189,0,0
BRDA:22,6189,1,0
BRDA:22,6190,0,0
BRDA:22,6190,1,0
BRDA:22,6191,0,0
BRDA:22,6191,1,0
BRDA:22,6192,0,0
BRDA:22,6192,1,0
BRDA:22,6193,0,0
BRDA:22,6193,1,0
BRDA:22,6194,0,0
BRDA:22,6194,1,0
BRDA:22,6195,0,0
BRDA:22,6195,1,0
BRDA:22,6196,0,0
BRDA:22,6196,1,0
BRDA:22,6197,0,0
BRDA:22,6197,1,0
BRDA:22,6198,0,0
BRDA:22,6198,1,0
BRDA:22,6199,0,0
BRDA:22,6199,1,0
BRDA:22,6200,0,0
BRDA:22,6200,1,0
BRDA:22,6201,0,0
BRDA:22,6201,1,0
BRDA:22,6202,0,0
BRDA:22,6202,1,0
BRDA:22,6203,0,0
BRDA:22,6203,1,0
BRDA:22,6204,0,0
BRDA:22,6204,1,0
BRDA:22,6205,0,0
BRDA:22,6205,1,0
BRDA:22,6206,0,0
BRDA:22,6206,1,0
BRDA:22,6207,0,0
BRDA:22,6207,1,0
BRDA:22,6208,0,0
BRDA:22,6208,1,0
BRDA:22,6209,0,0
BRDA:22,6209,1,0
BRDA:22,6210,0,0
BRDA:22,6210,1,0
BRDA:22,6211,0,0
BRDA:22,6211,1,0
BRDA:22,6212,0,0
BRDA:22,6212,1,0
BRDA:22,6213,0,0
BRDA:22,6213,1,0
BRDA:22,6214,0,0
BRDA:22,6214,1,0
BRDA:22,6215,0,0
BRDA:22,6215,1,0
BRDA:22,6216,0,0
BRDA:22,6216,1,0
BRDA:22,6217,0,0
BRDA:22,6217,1,0
BRDA:22,6218,0,0
BRDA:22,6218,1,0
BRDA:22,6219,0,0
BRDA:22,6219,1,0
BRDA:22,6220,0,0
BRDA:22,6220,1,0
BRDA:22,6221,0,0
BRDA:22,6221,1,0
BRDA:22,6222,0,0
BRDA:22,6222,1,0
BRDA:22,6223,0,0
BRDA:22,6223,1,0
BRDA:22,6224,0,0
BRDA:22,6224,1,0
BRDA:22,6225,0,0
BRDA:22,6225,1,0
BRDA:22,6225,2,0
BRDA:22,6225,3,0
BRDA:22,6225,4,0
BRDA:22,6226,0,0
BRDA:22,6226,1,0
BRDA:22,6227,0,0
BRDA:22,6227,1,0
BRDA:22,6228,0,0
BRDA:22,6228,1,0
BRDA:22,6229,0,0
BRDA:22,6229,1,0
BRDA:22,6230,0,0
BRDA:22,6230,1,0
BRDA:22,6231,0,0
BRDA:22,6231,1,0
BRDA:22,6232,0,0
BRDA:22,6232,1,0
BRDA:22,6233,0,0
BRDA:22,6233,1,0
BRDA:22,6234,0,0
BRDA:22,6234,1,0
BRDA:22,6235,0,0
BRDA:22,6235,1,0
BRDA:22,6236,0,0
BRDA:22,6236,1,0
BRDA:22,6237,0,0
BRDA:22,6237,1,0
BRDA:22,6238,0,0
BRDA:22,6238,1,0
BRDA:22,6239,0,0
BRDA:22,6239,1,0
BRDA:22,6240,0,0
BRDA:22,6240,1,0
BRDA:22,6241,0,0
BRDA:22,6241,1,0
BRDA:22,6242,0,0
BRDA:22,6242,1,0
BRDA:22,6243,0,0
BRDA:22,6243,1,0
BRDA:22,6244,0,0
BRDA:22,6244,1,0
BRDA:22,6245,0,0
BRDA:22,6245,1,0
BRDA:22,6246,0,0
BRDA:22,6246,1,0
BRDA:22,6247,0,0
BRDA:22,6247,1,0
BRDA:22,6247,2,0
BRDA:22,6247,3,0
BRDA:22,6248,0,0
BRDA:22,6248,1,0
BRDA:22,6248,2,0
BRDA:22,6249,0,0
BRDA:22,6249,1,0
BRDA:22,6250,0,0
BRDA:22,6250,1,0
BRDA:22,6251,0,0
BRDA:22,6251,1,0
BRDA:22,6252,0,0
BRDA:22,6253,0,0
BRDA:22,6253,1,0
BRDA:22,6254,0,0
BRDA:22,6254,1,0
BRDA:22,6255,0,0
BRDA:22,6255,1,0
BRDA:22,6256,0,0
BRDA:22,6257,0,0
BRDA:22,6257,1,0
BRDA:22,6257,2,0
BRDA:22,6257,3,0
BRDA:22,6257,4,0
BRDA:22,6257,5,0
BRDA:22,6257,6,0
BRDA:22,6257,7,0
BRDA:22,6257,8,0
BRDA:22,6257,9,0
BRDA:22,6257,10,0
BRDA:22,6258,0,0
BRDA:22,6258,1,0
BRDA:22,6258,2,0
BRDA:22,6258,3,0
BRDA:22,6259,0,0
BRDA:22,6259,1,0
BRDA:22,6260,0,0
BRDA:22,6260,1,0
BRDA:22,6261,0,0
BRDA:22,6261,1,0
BRDA:22,6262,0,0
BRDA:22,6262,1,0
BRDA:22,6263,0,0
BRDA:22,6263,1,0
BRDA:22,6264,0,0
BRDA:22,6264,1,0
BRDA:22,6265,0,0
BRDA:22,6265,1,0
BRDA:22,6266,0,0
BRDA:22,6266,1,0
BRDA:22,6267,0,0
BRDA:22,6267,1,0
BRDA:22,6268,0,0
BRDA:22,6268,1,0
BRDA:22,6269,0,0
BRDA:22,6269,1,0
BRDA:22,6270,0,0
BRDA:22,6270,1,0
BRDA:22,6271,0,0
BRDA:22,6271,1,0
BRDA:22,6272,0,0
BRDA:22,6272,1,0
BRDA:22,6273,0,0
BRDA:22,6273,1,0
BRDA:22,6274,0,0
BRDA:22,6274,1,0
BRDA:22,6275,0,0
BRDA:22,6275,1,0
BRDA:22,6276,0,0
BRDA:22,6276,1,0
BRDA:22,6277,0,0
BRDA:22,6277,1,0
BRDA:22,6278,0,0
BRDA:22,6278,1,0
BRDA:22,6279,0,0
BRDA:22,6279,1,0
BRDA:22,6280,0,0
BRDA:22,6280,1,0
BRDA:22,6281,0,0
BRDA:22,6281,1,0
BRDA:22,6282,0,0
BRDA:22,6282,1,0
BRDA:22,6283,0,0
BRDA:22,6283,1,0
BRDA:22,6284,0,0
BRDA:22,6284,1,0
BRDA:22,6285,0,0
BRDA:22,6285,1,0
BRDA:22,6286,0,0
BRDA:22,6287,0,0
BRDA:22,6287,1,0
BRDA:22,6288,0,0
BRDA:22,6288,1,0
BRDA:22,6289,0,0
BRDA:22,6289,1,0
BRDA:22,6290,0,0
BRDA:22,6290,1,0
BRDA:22,6291,0,0
BRDA:22,6291,1,0
BRDA:22,6292,0,0
BRDA:22,6292,1,0
BRDA:22,6293,0,0
BRDA:22,6293,1,0
BRDA:22,6294,0,0
BRDA:22,6294,1,0
BRDA:22,6295,0,0
BRDA:22,6295,1,0
BRDA:22,6296,0,0
BRDA:22,6296,1,0
BRDA:22,6297,0,0
BRDA:22,6297,1,0
BRDA:22,6298,0,0
BRDA:22,6298,1,0
BRDA:22,6298,2,0
BRDA:22,6299,0,0
BRDA:22,6299,1,0
BRDA:22,6300,0,0
BRDA:22,6300,1,0
BRDA:22,6301,0,0
BRDA:22,6301,1,0
BRDA:22,6302,0,0
BRDA:22,6302,1,0
BRDA:22,6303,0,0
BRDA:22,6303,1,0
BRDA:22,6304,0,0
BRDA:22,6304,1,0
BRDA:22,6305,0,0
BRDA:22,6305,1,0
BRDA:22,6306,0,0
BRDA:22,6306,1,0
BRDA:22,6307,0,0
BRDA:22,6307,1,0
BRDA:22,6308,0,0
BRDA:22,6308,1,0
BRDA:22,6308,2,0
BRDA:22,6308,3,0
BRDA:22,6309,0,0
BRDA:22,6309,1,0
BRDA:22,6309,2,0
BRDA:22,6309,3,0
BRDA:22,6310,0,0
BRDA:22,6310,1,0
BRDA:22,6311,0,0
BRDA:22,6311,1,0
BRDA:22,6312,0,0
BRDA:22,6312,1,0
BRDA:22,6313,0,0
BRDA:22,6313,1,0
BRDA:22,6314,0,0
BRDA:22,6314,1,0
BRDA:22,6315,0,0
BRDA:22,6315,1,0
BRDA:22,6316,0,0
BRDA:22,6316,1,0
BRDA:22,6317,0,0
BRDA:22,6317,1,0
BRDA:22,6318,0,0
BRDA:22,6318,1,0
BRDA:22,6318,2,0
BRDA:22,6319,0,0
BRDA:22,6319,1,0
BRDA:22,6320,0,0
BRDA:22,6320,1,0
BRDA:22,6321,0,0
BRDA:22,6321,1,0
BRDA:22,6322,0,0
BRDA:22,6322,1,0
BRDA:22,6323,0,0
BRDA:22,6323,1,0
BRDA:22,6323,2,0
BRDA:22,6323,3,0
BRDA:22,6324,0,0
BRDA:22,6324,1,0
BRDA:22,6325,0,0
BRDA:22,6325,1,0
BRDA:22,6325,2,0
BRDA:22,6325,3,0
BRDA:22,6326,0,0
BRDA:22,6326,1,0
BRDA:22,6327,0,0
BRDA:22,6327,1,0
BRDA:22,6328,0,0
BRDA:22,6328,1,0
BRDA:22,6329,0,0
BRDA:22,6329,1,0
BRDA:22,6329,2,0
BRDA:22,6329,3,0
BRDA:22,6330,0,0
BRDA:22,6330,1,0
BRDA:22,6331,0,0
BRDA:22,6331,1,0
BRDA:22,6332,0,0
BRDA:22,6332,1,0
BRDA:22,6333,0,0
BRDA:22,6333,1,0
BRDA:22,6334,0,0
BRDA:22,6334,1,0
BRDA:22,6334,2,0
BRDA:22,6335,0,0
BRDA:22,6335,1,0
BRDA:22,6336,0,0
BRDA:22,6336,1,0
BRDA:22,6337,0,0
BRDA:22,6337,1,0
BRDA:22,6338,0,0
BRDA:22,6338,1,0
BRDA:22,6339,0,0
BRDA:22,6339,1,0
BRDA:22,6340,0,0
BRDA:22,6340,1,0
BRDA:22,6341,0,0
BRDA:22,6341,1,0
BRDA:22,6342,0,0
BRDA:22,6342,1,0
BRDA:22,6343,0,0
BRDA:22,6343,1,0
BRDA:22,6344,0,0
BRDA:22,6344,1,0
BRDA:22,6345,0,0
BRDA:22,6345,1,0
BRDA:22,6345,2,0
BRDA:22,6346,0,0
BRDA:22,6346,1,0
BRDA:22,6347,0,0
BRDA:22,6347,1,0
BRDA:22,6348,0,0
BRDA:22,6348,1,0
BRDA:22,6349,0,0
BRDA:22,6349,1,0
BRDA:22,6350,0,0
BRDA:22,6350,1,0
BRDA:22,6351,0,0
BRDA:22,6351,1,0
BRDA:22,6352,0,0
BRDA:22,6352,1,0
BRDA:22,6353,0,0
BRDA:22,6353,1,0
BRDA:22,6354,0,0
BRDA:22,6354,1,0
BRDA:22,6355,0,0
BRDA:22,6355,1,0
BRDA:22,6356,0,0
BRDA:22,6356,1,0
BRDA:22,6357,0,0
BRDA:22,6357,1,0
BRDA:22,6357,2,0
BRDA:22,6357,3,0
BRDA:22,6358,0,0
BRDA:22,6358,1,0
BRDA:22,6359,0,0
BRDA:22,6359,1,0
BRDA:22,6360,0,0
BRDA:22,6361,0,0
BRDA:22,6361,1,0
BRDA:22,6362,0,0
BRDA:22,6362,1,0
BRDA:22,6363,0,0
BRDA:22,6363,1,0
BRDA:22,6364,0,0
BRDA:22,6364,1,0
BRDA:22,6365,0,0
BRDA:22,6365,1,0
BRDA:22,6366,0,0
BRDA:22,6366,1,0
BRDA:22,6367,0,0
BRDA:22,6367,1,0
BRDA:22,6368,0,0
BRDA:22,6368,1,0
BRDA:22,6368,2,0
BRDA:22,6369,0,0
BRDA:22,6369,1,0
BRDA:22,6370,0,0
BRDA:22,6370,1,0
BRDA:22,6371,0,0
BRDA:22,6371,1,0
BRDA:22,6372,0,0
BRDA:22,6372,1,0
BRDA:22,6373,0,0
BRDA:22,6373,1,0
BRDA:22,6374,0,0
BRDA:22,6374,1,0
BRDA:22,6375,0,0
BRDA:22,6375,1,0
BRDA:22,6376,0,0
BRDA:22,6376,1,0
BRDA:22,6377,0,0
BRDA:22,6377,1,0
BRDA:22,6378,0,0
BRDA:22,6378,1,0
BRDA:22,6378,2,0
BRDA:22,6379,0,0
BRDA:22,6380,0,0
BRDA:22,6380,1,0
BRDA:22,6381,0,0
BRDA:22,6382,0,0
BRDA:22,6382,1,0
BRDA:22,6383,0,0
BRDA:22,6383,1,0
BRDA:22,6384,0,0
BRDA:22,6384,1,0
BRDA:22,6384,2,0
BRDA:22,6385,0,0
BRDA:22,6385,1,0
BRDA:22,6386,0,0
BRDA:22,6386,1,0
BRDA:22,6387,0,0
BRDA:22,6387,1,0
BRDA:22,6388,0,0
BRDA:22,6388,1,0
BRDA:22,6389,0,0
BRDA:22,6389,1,0
BRDA:22,6390,0,0
BRDA:22,6391,0,0
BRDA:22,6391,1,0
BRDA:22,6392,0,0
BRDA:22,6392,1,0
BRDA:22,6393,0,0
BRDA:22,6393,1,0
BRDA:22,6394,0,0
BRDA:22,6394,1,0
BRDA:22,6395,0,0
BRDA:22,6395,1,0
BRDA:22,6395,2,0
BRDA:22,6396,0,0
BRDA:22,6396,1,0
BRDA:22,6397,0,0
BRDA:22,6397,1,0
BRDA:22,6398,0,0
BRDA:22,6398,1,0
BRDA:22,6399,0,0
BRDA:22,6399,1,0
BRDA:22,6400,0,0
BRDA:22,6400,1,0
BRDA:22,6401,0,0
BRDA:22,6401,1,0
BRDA:22,6402,0,0
BRDA:22,6403,0,0
BRDA:22,6403,1,0
BRDA:22,6404,0,0
BRDA:22,6404,1,0
BRDA:22,6405,0,0
BRDA:22,6405,1,0
BRDA:22,6406,0,0
BRDA:22,6406,1,0
BRDA:22,6407,0,0
BRDA:22,6407,1,0
BRDA:22,6408,0,0
BRDA:22,6408,1,0
BRDA:22,6409,0,0
BRDA:22,6409,1,0
BRDA:22,6410,0,0
BRDA:22,6410,1,0
BRDA:22,6411,0,0
BRDA:22,6411,1,0
BRDA:22,6412,0,0
BRDA:22,6412,1,0
BRDA:22,6412,2,0
BRDA:22,6412,3,0
BRDA:22,6413,0,0
BRDA:22,6413,1,0
BRDA:22,6414,0,0
BRDA:22,6414,1,0
BRDA:22,6415,0,0
BRDA:22,6415,1,0
BRDA:22,6416,0,0
BRDA:22,6416,1,0
BRDA:22,6416,2,0
BRDA:22,6416,3,0
BRDA:22,6416,4,0
BRDA:22,6416,5,0
BRDA:22,6417,0,0
BRDA:22,6417,1,0
BRDA:22,6417,2,0
BRDA:22,6417,3,0
BRDA:22,6418,0,0
BRDA:22,6418,1,0
BRDA:22,6418,2,0
BRDA:22,6418,3,0
BRDA:22,6418,4,0
BRDA:22,6418,5,0
BRDA:22,6419,0,0
BRDA:22,6419,1,0
BRDA:22,6420,0,0
BRDA:22,6420,1,0
BRDA:22,6421,0,0
BRDA:22,6421,1,0
BRDA:22,6422,0,0
BRDA:22,6422,1,0
BRDA:22,6423,0,0
BRDA:22,6423,1,0
BRDA:22,6424,0,0
BRDA:22,6424,1,0
BRDA:22,6425,0,0
BRDA:22,6425,1,0
BRDA:22,6426,0,0
BRDA:22,6426,1,0
BRDA:22,6427,0,0
BRDA:22,6427,1,0
BRDA:22,6428,0,0
BRDA:22,6428,1,0
BRDA:22,6429,0,0
BRDA:22,6430,0,0
BRDA:22,6430,1,0
BRDA:22,6431,0,0
BRDA:22,6431,1,0
BRDA:22,6432,0,0
BRDA:22,6432,1,0
BRDA:22,6433,0,0
BRDA:22,6433,1,0
BRDA:22,6434,0,0
BRDA:22,6434,1,0
BRDA:22,6435,0,0
BRDA:22,6435,1,0
BRDA:22,6435,2,0
BRDA:22,6435,3,0
BRDA:22,6435,4,0
BRDA:22,6435,5,0
BRDA:22,6435,6,0
BRDA:22,6435,7,0
BRDA:22,6435,8,0
BRDA:22,6436,0,0
BRDA:22,6436,1,0
BRDA:22,6437,0,0
BRDA:22,6437,1,0
BRDA:22,6438,0,0
BRDA:22,6438,1,0
BRDA:22,6439,0,0
BRDA:22,6439,1,0
BRDA:22,6439,2,0
BRDA:22,6440,0,0
BRDA:22,6440,1,0
BRDA:22,6441,0,0
BRDA:22,6441,1,0
BRDA:22,6442,0,0
BRDA:22,6442,1,0
BRDA:22,6443,0,0
BRDA:22,6443,1,0
BRDA:22,6444,0,0
BRDA:22,6444,1,0
BRDA:22,6445,0,0
BRDA:22,6445,1,0
BRDA:22,6446,0,0
BRDA:22,6446,1,0
BRDA:22,6447,0,0
BRDA:22,6447,1,0
BRDA:22,6448,0,0
BRDA:22,6448,1,0
BRDA:22,6448,2,0
BRDA:22,6449,0,0
BRDA:22,6449,1,0
BRDA:22,6449,2,0
BRF:14116
BRH:0
end_of_record
