TN:
SF:Gruntfile.js
FNF:0
FNH:0
LF:0
LH:0
BRF:0
BRH:0
end_of_record
TN:
SF:app/js/app.js
FNF:0
FNH:0
LF:0
LH:0
BRF:0
BRH:0
end_of_record
TN:
SF:app/js/constants.js
FNF:0
FNH:0
LF:0
LH:0
BRF:0
BRH:0
end_of_record
TN:
SF:app/js/crypto.js
FNF:0
FNH:0
LF:0
LH:0
BRF:0
BRH:0
end_of_record
TN:
SF:app/js/directives.js
FNF:0
FNH:0
LF:0
LH:0
BRF:0
BRH:0
end_of_record
TN:
SF:app/js/filters.js
FNF:0
FNH:0
LF:0
LH:0
BRF:0
BRH:0
end_of_record
TN:
SF:app/js/mocks.js
FNF:0
FNH:0
LF:0
LH:0
BRF:0
BRH:0
end_of_record
TN:
SF:app/js/services.js
FNF:0
FNH:0
LF:0
LH:0
BRF:0
BRH:0
end_of_record
TN:
SF:app/js/templates.js
FNF:0
FNH:0
LF:0
LH:0
BRF:0
BRH:0
end_of_record
TN:
SF:app/js/controllers/custodian.js
FNF:0
FNH:0
LF:0
LH:0
BRF:0
BRH:0
end_of_record
TN:
SF:app/js/controllers/empty.js
FNF:0
FNH:0
LF:0
LH:0
BRF:0
BRH:0
end_of_record
TN:
SF:app/js/controllers/fileupload.js
FNF:0
FNH:0
LF:0
LH:0
BRF:0
BRH:0
end_of_record
TN:
SF:app/js/controllers/login.js
FNF:0
FNH:0
LF:0
LH:0
BRF:0
BRH:0
end_of_record
TN:
SF:app/js/controllers/modal.js
FNF:0
FNH:0
LF:0
LH:0
BRF:0
BRH:0
end_of_record
TN:
SF:app/js/controllers/passwordreset.js
FNF:0
FNH:0
LF:0
LH:0
BRF:0
BRH:0
end_of_record
TN:
SF:app/js/controllers/preferences.js
FNF:0
FNH:0
LF:0
LH:0
BRF:0
BRH:0
end_of_record
TN:
SF:app/js/controllers/receipt.js
FNF:0
FNH:0
LF:0
LH:0
BRF:0
BRH:0
end_of_record
TN:
SF:app/js/controllers/recipient.js
FNF:0
FNH:0
LF:0
LH:0
BRF:0
BRH:0
end_of_record
TN:
SF:app/js/controllers/sidebar.js
FNF:0
FNH:0
LF:0
LH:0
BRF:0
BRH:0
end_of_record
TN:
SF:app/js/controllers/signup.js
FNF:0
FNH:0
LF:0
LH:0
BRF:0
BRH:0
end_of_record
TN:
SF:app/js/controllers/submission.js
FNF:0
FNH:0
LF:0
LH:0
BRF:0
BRH:0
end_of_record
TN:
SF:app/js/controllers/tip.js
FNF:0
FNH:0
LF:0
LH:0
BRF:0
BRH:0
end_of_record
TN:
SF:app/js/controllers/wizard.js
FNF:0
FNH:0
LF:0
LH:0
BRF:0
BRH:0
end_of_record
TN:
SF:app/js/controllers/actions/forcedpasswordchange.js
FNF:0
FNH:0
LF:0
LH:0
BRF:0
BRH:0
end_of_record
TN:
SF:app/js/controllers/actions/forcedtwofactor.js
FNF:0
FNH:0
LF:0
LH:0
BRF:0
BRH:0
end_of_record
TN:
SF:app/js/controllers/admin/auditlog.js
FNF:0
FNH:0
LF:0
LH:0
BRF:0
BRH:0
end_of_record
TN:
SF:app/js/controllers/admin/casemanagement.js
FNF:0
FNH:0
LF:0
LH:0
BRF:0
BRH:0
end_of_record
TN:
SF:app/js/controllers/admin/contexts.js
FNF:0
FNH:0
LF:0
LH:0
BRF:0
BRH:0
end_of_record
TN:
SF:app/js/controllers/admin/fields.js
FNF:0
FNH:0
LF:0
LH:0
BRF:0
BRH:0
end_of_record
TN:
SF:app/js/controllers/admin/home.js
FNF:0
FNH:0
LF:0
LH:0
BRF:0
BRH:0
end_of_record
TN:
SF:app/js/controllers/admin/network.js
FNF:0
FNH:0
LF:0
LH:0
BRF:0
BRH:0
end_of_record
TN:
SF:app/js/controllers/admin/notifications.js
FNF:0
FNH:0
LF:0
LH:0
BRF:0
BRH:0
end_of_record
TN:
SF:app/js/controllers/admin/questionnaires.js
FNF:0
FNH:0
LF:0
LH:0
BRF:0
BRH:0
end_of_record
TN:
SF:app/js/controllers/admin/settings.js
FNF:0
FNH:0
LF:0
LH:0
BRF:0
BRH:0
end_of_record
TN:
SF:app/js/controllers/admin/steps.js
FNF:0
FNH:0
LF:0
LH:0
BRF:0
BRH:0
end_of_record
TN:
SF:app/js/controllers/admin/tenant.js
FNF:0
FNH:0
LF:0
LH:0
BRF:0
BRH:0
end_of_record
TN:
SF:app/js/controllers/admin/users.js
FNF:0
FNH:0
LF:0
LH:0
BRF:0
BRH:0
end_of_record
TN:
SF:app/viewer/pdf.min.js
FNF:0
FNH:0
LF:0
LH:0
BRF:0
BRH:0
end_of_record
TN:
SF:app/viewer/pdf.worker.min.js
FNF:0
FNH:0
LF:0
LH:0
BRF:0
BRH:0
end_of_record
TN:
SF:app/viewer/script.js
FNF:0
FNH:0
LF:0
LH:0
BRF:0
BRH:0
end_of_record
TN:
SF:build/js/app.js
FN:26,(anonymous_0)
FN:29,(anonymous_1)
FN:32,(anonymous_2)
FN:35,(anonymous_3)
FN:38,(anonymous_4)
FN:42,(anonymous_5)
FN:43,(anonymous_6)
FN:48,(anonymous_7)
FN:59,(anonymous_8)
FN:62,(anonymous_9)
FN:67,(anonymous_10)
FN:68,requireAuth
FN:69,(anonymous_12)
FN:72,fetchResources
FN:73,(anonymous_14)
FN:75,(anonymous_15)
FN:76,(anonymous_16)
FN:77,(anonymous_17)
FN:78,(anonymous_18)
FN:79,(anonymous_19)
FN:80,(anonymous_20)
FN:81,(anonymous_21)
FN:82,(anonymous_22)
FN:83,(anonymous_23)
FN:84,(anonymous_24)
FN:85,(anonymous_25)
FN:86,(anonymous_26)
FN:87,(anonymous_27)
FN:88,(anonymous_28)
FN:89,(anonymous_29)
FN:92,(anonymous_30)
FN:100,(anonymous_31)
FN:400,(anonymous_32)
FN:409,(anonymous_33)
FN:413,(anonymous_34)
FN:417,(anonymous_35)
FN:424,(anonymous_36)
FN:427,(anonymous_37)
FN:448,(anonymous_38)
FN:452,(anonymous_39)
FN:459,(anonymous_40)
FN:478,(anonymous_41)
FN:481,(anonymous_42)
FN:486,(anonymous_43)
FN:490,(anonymous_44)
FN:495,(anonymous_45)
FN:499,(anonymous_46)
FN:503,(anonymous_47)
FN:511,(anonymous_48)
FN:517,(anonymous_49)
FN:517,(anonymous_50)
FN:523,(anonymous_51)
FN:533,(anonymous_52)
FN:541,(anonymous_53)
FN:542,(anonymous_54)
FN:582,(anonymous_55)
FN:587,(anonymous_56)
FN:603,(anonymous_57)
FN:622,(anonymous_58)
FN:625,(anonymous_59)
FN:631,(anonymous_60)
FN:639,(anonymous_61)
FN:643,(anonymous_62)
FN:652,(anonymous_63)
FN:664,(anonymous_64)
FN:673,(anonymous_65)
FN:679,(anonymous_66)
FN:683,(anonymous_67)
FN:691,(anonymous_68)
FN:694,(anonymous_69)
FN:703,(anonymous_70)
FN:709,(anonymous_71)
FN:724,(anonymous_72)
FN:726,(anonymous_73)
FN:733,(anonymous_74)
FN:741,(anonymous_75)
FN:774,(anonymous_76)
FN:781,(anonymous_77)
FN:784,(anonymous_78)
FN:787,(anonymous_79)
FN:791,(anonymous_80)
FNF:81
FNH:50
FNDA:13,(anonymous_0)
FNDA:13,(anonymous_1)
FNDA:13,(anonymous_2)
FNDA:13,(anonymous_3)
FNDA:13,(anonymous_4)
FNDA:13,(anonymous_5)
FNDA:13,(anonymous_6)
FNDA:100,(anonymous_7)
FNDA:13,(anonymous_8)
FNDA:13,(anonymous_9)
FNDA:13,(anonymous_10)
FNDA:286,requireAuth
FNDA:4,(anonymous_12)
FNDA:286,fetchResources
FNDA:4,(anonymous_14)
FNDA:0,(anonymous_15)
FNDA:4,(anonymous_16)
FNDA:0,(anonymous_17)
FNDA:0,(anonymous_18)
FNDA:3,(anonymous_19)
FNDA:0,(anonymous_20)
FNDA:0,(anonymous_21)
FNDA:0,(anonymous_22)
FNDA:0,(anonymous_23)
FNDA:0,(anonymous_24)
FNDA:0,(anonymous_25)
FNDA:0,(anonymous_26)
FNDA:0,(anonymous_27)
FNDA:0,(anonymous_28)
FNDA:4,(anonymous_29)
FNDA:4,(anonymous_30)
FNDA:4,(anonymous_31)
FNDA:13,(anonymous_32)
FNDA:13,(anonymous_33)
FNDA:13,(anonymous_34)
FNDA:13,(anonymous_35)
FNDA:13,(anonymous_36)
FNDA:13,(anonymous_37)
FNDA:13,(anonymous_38)
FNDA:13,(anonymous_39)
FNDA:13,(anonymous_40)
FNDA:0,(anonymous_41)
FNDA:0,(anonymous_42)
FNDA:0,(anonymous_43)
FNDA:0,(anonymous_44)
FNDA:0,(anonymous_45)
FNDA:0,(anonymous_46)
FNDA:0,(anonymous_47)
FNDA:0,(anonymous_48)
FNDA:0,(anonymous_49)
FNDA:0,(anonymous_50)
FNDA:0,(anonymous_51)
FNDA:0,(anonymous_52)
FNDA:14,(anonymous_53)
FNDA:7,(anonymous_54)
FNDA:6,(anonymous_55)
FNDA:6,(anonymous_56)
FNDA:553,(anonymous_57)
FNDA:1143,(anonymous_58)
FNDA:748,(anonymous_59)
FNDA:1143,(anonymous_60)
FNDA:142,(anonymous_61)
FNDA:19,(anonymous_62)
FNDA:21,(anonymous_63)
FNDA:11,(anonymous_64)
FNDA:0,(anonymous_65)
FNDA:0,(anonymous_66)
FNDA:297,(anonymous_67)
FNDA:1,(anonymous_68)
FNDA:1,(anonymous_69)
FNDA:0,(anonymous_70)
FNDA:0,(anonymous_71)
FNDA:13,(anonymous_72)
FNDA:142,(anonymous_73)
FNDA:4,(anonymous_74)
FNDA:0,(anonymous_75)
FNDA:13,(anonymous_76)
FNDA:11,(anonymous_77)
FNDA:0,(anonymous_78)
FNDA:0,(anonymous_79)
FNDA:14646,(anonymous_80)
DA:7,13
DA:9,13
DA:27,13
DA:30,13
DA:33,13
DA:36,13
DA:39,13
DA:40,13
DA:43,13
DA:46,13
DA:48,13
DA:49,100
DA:50,100
DA:53,100
DA:56,13
DA:60,13
DA:65,13
DA:69,286
DA:73,286
DA:74,4
DA:75,0
DA:76,4
DA:77,0
DA:78,0
DA:79,3
DA:80,0
DA:81,0
DA:82,0
DA:83,0
DA:84,0
DA:85,0
DA:86,0
DA:87,0
DA:88,0
DA:89,4
DA:92,4
DA:93,4
DA:95,4
DA:96,11
DA:97,11
DA:100,4
DA:101,4
DA:103,4
DA:104,4
DA:106,4
DA:107,0
DA:108,4
DA:109,0
DA:117,13
DA:401,13
DA:406,13
DA:407,13
DA:410,13
DA:411,13
DA:414,13
DA:415,13
DA:418,13
DA:419,13
DA:420,13
DA:421,13
DA:422,13
DA:425,13
DA:428,13
DA:444,13
DA:446,13
DA:450,13
DA:453,13
DA:454,13
DA:455,13
DA:456,13
DA:460,13
DA:462,13
DA:463,13
DA:464,13
DA:465,13
DA:466,13
DA:467,13
DA:468,13
DA:469,13
DA:471,13
DA:473,13
DA:479,0
DA:482,0
DA:486,13
DA:487,0
DA:490,13
DA:491,0
DA:492,0
DA:495,13
DA:496,0
DA:499,13
DA:500,0
DA:503,13
DA:504,0
DA:511,13
DA:512,0
DA:517,0
DA:523,13
DA:524,0
DA:528,0
DA:529,0
DA:533,13
DA:534,0
DA:535,0
DA:538,0
DA:541,13
DA:542,14
DA:545,7
DA:547,7
DA:548,7
DA:549,0
DA:550,0
DA:551,0
DA:552,0
DA:553,0
DA:554,0
DA:555,0
DA:556,0
DA:560,7
DA:561,0
DA:562,0
DA:563,0
DA:564,0
DA:565,0
DA:566,0
DA:570,7
DA:571,0
DA:575,7
DA:576,7
DA:577,7
DA:579,7
DA:580,7
DA:582,7
DA:583,6
DA:584,6
DA:587,7
DA:588,6
DA:589,6
DA:590,0
DA:594,7
DA:598,7
DA:600,7
DA:601,7
DA:602,7
DA:603,7
DA:604,553
DA:605,553
DA:606,85
DA:607,85
DA:611,7
DA:612,7
DA:614,7
DA:621,13
DA:622,13
DA:623,1143
DA:624,748
DA:625,748
DA:626,748
DA:627,748
DA:631,13
DA:632,1143
DA:633,1143
DA:634,688
DA:635,688
DA:638,1143
DA:640,142
DA:643,13
DA:644,19
DA:645,6
DA:646,0
DA:647,0
DA:652,13
DA:653,21
DA:654,21
DA:655,0
DA:656,0
DA:657,0
DA:662,13
DA:664,13
DA:665,11
DA:666,11
DA:667,11
DA:668,11
DA:669,11
DA:673,13
DA:674,0
DA:675,0
DA:679,13
DA:680,0
DA:683,13
DA:684,297
DA:686,0
DA:687,0
DA:691,13
DA:692,1
DA:694,1
DA:695,1
DA:697,1
DA:698,1
DA:703,13
DA:704,0
DA:705,0
DA:709,13
DA:710,0
DA:711,0
DA:712,0
DA:714,0
DA:715,0
DA:720,13
DA:722,13
DA:725,13
DA:727,142
DA:728,142
DA:730,142
DA:732,142
DA:733,4
DA:734,4
DA:735,4
DA:738,138
DA:746,0
DA:747,0
DA:748,0
DA:750,0
DA:751,0
DA:758,0
DA:759,0
DA:760,0
DA:761,0
DA:762,0
DA:763,0
DA:767,0
DA:770,0
DA:778,13
DA:780,13
DA:782,11
DA:785,0
DA:788,0
DA:789,0
DA:792,14646
LF:239
LH:160
BRDA:103,0,0,4
BRDA:103,0,1,0
BRDA:106,1,0,0
BRDA:106,1,1,4
BRDA:108,2,0,0
BRDA:108,2,1,4
BRDA:524,3,0,0
BRDA:524,3,1,0
BRDA:524,4,0,0
BRDA:524,4,1,0
BRDA:524,4,2,0
BRDA:524,4,3,0
BRDA:534,5,0,0
BRDA:534,5,1,0
BRDA:547,6,0,7
BRDA:547,6,1,0
BRDA:548,7,0,0
BRDA:548,7,1,7
BRDA:550,8,0,0
BRDA:550,8,1,0
BRDA:560,9,0,0
BRDA:560,9,1,7
BRDA:562,10,0,0
BRDA:562,10,1,0
BRDA:570,11,0,0
BRDA:570,11,1,7
BRDA:589,12,0,0
BRDA:589,12,1,6
BRDA:595,13,0,7
BRDA:595,13,1,7
BRDA:605,14,0,85
BRDA:605,14,1,468
BRDA:623,15,0,395
BRDA:623,15,1,748
BRDA:634,16,0,688
BRDA:634,16,1,0
BRDA:644,17,0,6
BRDA:644,17,1,13
BRDA:645,18,0,0
BRDA:645,18,1,6
BRDA:645,19,0,6
BRDA:645,19,1,6
BRDA:654,20,0,0
BRDA:654,20,1,21
BRDA:655,21,0,0
BRDA:655,21,1,0
BRDA:665,22,0,11
BRDA:665,22,1,0
BRDA:674,23,0,0
BRDA:674,23,1,0
BRDA:684,24,0,0
BRDA:684,24,1,297
BRDA:684,25,0,297
BRDA:684,25,1,297
BRDA:684,25,2,9
BRDA:684,25,3,9
BRDA:684,26,0,297
BRDA:684,26,1,0
BRDA:685,27,0,297
BRDA:685,27,1,0
BRDA:697,28,0,1
BRDA:697,28,1,0
BRDA:704,29,0,0
BRDA:704,29,1,0
BRDA:704,30,0,0
BRDA:704,30,1,0
BRDA:710,31,0,0
BRDA:710,31,1,0
BRDA:710,32,0,0
BRDA:710,32,1,0
BRDA:711,33,0,0
BRDA:711,33,1,0
BRDA:732,34,0,4
BRDA:732,34,1,138
BRDA:732,35,0,142
BRDA:732,35,1,93
BRDA:732,35,2,89
BRDA:750,36,0,0
BRDA:750,36,1,0
BRDA:758,37,0,0
BRDA:758,37,1,0
BRDA:761,38,0,0
BRDA:761,38,1,0
BRDA:761,39,0,0
BRDA:761,39,1,0
BRDA:762,40,0,0
BRDA:762,40,1,0
BRF:87
BRH:35
end_of_record
TN:
SF:build/js/constants.js
FNF:0
FNH:0
DA:1,13
LF:1
LH:1
BRF:0
BRH:0
end_of_record
TN:
SF:build/js/crypto.js
FN:1,(anonymous_0)
FN:7,(anonymous_1)
FN:16,(anonymous_2)
FN:19,(anonymous_3)
FN:28,(anonymous_4)
FN:31,(anonymous_5)
FN:36,(anonymous_6)
FN:54,(anonymous_7)
FNF:8
FNH:7
FNDA:13,(anonymous_0)
FNDA:549,(anonymous_1)
FNDA:13,(anonymous_2)
FNDA:549,(anonymous_3)
FNDA:4,(anonymous_4)
FNDA:549,(anonymous_5)
FNDA:549,(anonymous_6)
FNDA:0,(anonymous_7)
DA:1,13
DA:2,13
DA:8,549
DA:9,549
DA:10,36374
DA:12,549
DA:19,13
DA:20,549
DA:21,0
DA:24,549
DA:27,13
DA:29,4
DA:31,4
DA:32,549
DA:33,549
DA:36,549
DA:37,549
DA:38,549
DA:39,4
DA:41,545
DA:45,549
DA:46,549
DA:48,0
DA:51,549
DA:52,549
DA:54,0
DA:58,4
DA:60,4
LF:28
LH:25
BRDA:20,0,0,0
BRDA:20,0,1,549
BRDA:20,1,0,549
BRDA:20,1,1,549
BRDA:38,2,0,4
BRDA:38,2,1,545
BRDA:45,3,0,549
BRDA:45,3,1,0
BRDA:51,4,0,549
BRDA:51,4,1,0
BRF:10
BRH:7
end_of_record
TN:
SF:build/js/directives.js
FN:2,(anonymous_0)
FN:11,(anonymous_1)
FN:18,(anonymous_2)
FN:31,(anonymous_3)
FN:37,(anonymous_4)
FN:66,(anonymous_5)
FN:73,(anonymous_6)
FN:76,postLink
FN:79,(anonymous_8)
FN:88,(anonymous_9)
FN:96,(anonymous_10)
FN:99,(anonymous_11)
FN:101,(anonymous_12)
FN:130,(anonymous_13)
FN:133,(anonymous_14)
FN:135,(anonymous_15)
FN:164,(anonymous_16)
FN:167,(anonymous_17)
FN:168,(anonymous_18)
FN:178,(anonymous_19)
FN:184,(anonymous_20)
FN:188,(anonymous_21)
FN:203,(anonymous_22)
FN:206,(anonymous_23)
FN:207,(anonymous_24)
FN:217,(anonymous_25)
FN:224,(anonymous_26)
FN:228,(anonymous_27)
FN:230,(anonymous_28)
FN:243,(anonymous_29)
FN:256,(anonymous_30)
FN:259,(anonymous_31)
FN:260,(anonymous_32)
FN:266,(anonymous_33)
FN:273,(anonymous_34)
FN:281,(anonymous_35)
FN:282,(anonymous_36)
FN:284,(anonymous_37)
FN:292,(anonymous_38)
FN:294,(anonymous_39)
FN:295,(anonymous_40)
FN:301,(anonymous_41)
FN:304,(anonymous_42)
FN:305,(anonymous_43)
FN:311,(anonymous_44)
FN:314,(anonymous_45)
FN:315,(anonymous_46)
FN:318,(anonymous_47)
FN:324,(anonymous_48)
FN:325,link
FN:326,(anonymous_50)
FNF:51
FNH:6
FNDA:0,(anonymous_0)
FNDA:0,(anonymous_1)
FNDA:0,(anonymous_2)
FNDA:0,(anonymous_3)
FNDA:0,(anonymous_4)
FNDA:0,(anonymous_5)
FNDA:0,(anonymous_6)
FNDA:0,postLink
FNDA:0,(anonymous_8)
FNDA:0,(anonymous_9)
FNDA:0,(anonymous_10)
FNDA:0,(anonymous_11)
FNDA:0,(anonymous_12)
FNDA:0,(anonymous_13)
FNDA:0,(anonymous_14)
FNDA:0,(anonymous_15)
FNDA:0,(anonymous_16)
FNDA:0,(anonymous_17)
FNDA:0,(anonymous_18)
FNDA:2,(anonymous_19)
FNDA:3,(anonymous_20)
FNDA:5,(anonymous_21)
FNDA:0,(anonymous_22)
FNDA:0,(anonymous_23)
FNDA:0,(anonymous_24)
FNDA:0,(anonymous_25)
FNDA:0,(anonymous_26)
FNDA:0,(anonymous_27)
FNDA:0,(anonymous_28)
FNDA:0,(anonymous_29)
FNDA:0,(anonymous_30)
FNDA:0,(anonymous_31)
FNDA:0,(anonymous_32)
FNDA:0,(anonymous_33)
FNDA:0,(anonymous_34)
FNDA:0,(anonymous_35)
FNDA:0,(anonymous_36)
FNDA:0,(anonymous_37)
FNDA:0,(anonymous_38)
FNDA:0,(anonymous_39)
FNDA:0,(anonymous_40)
FNDA:0,(anonymous_41)
FNDA:0,(anonymous_42)
FNDA:0,(anonymous_43)
FNDA:0,(anonymous_44)
FNDA:0,(anonymous_45)
FNDA:0,(anonymous_46)
FNDA:0,(anonymous_47)
FNDA:2,(anonymous_48)
FNDA:3,link
FNDA:62,(anonymous_50)
DA:1,13
DA:3,0
DA:12,0
DA:17,0
DA:19,0
DA:20,0
DA:21,0
DA:22,0
DA:23,0
DA:24,0
DA:27,0
DA:31,0
DA:32,0
DA:33,0
DA:34,0
DA:37,0
DA:38,0
DA:39,0
DA:40,0
DA:41,0
DA:42,0
DA:43,0
DA:44,0
DA:45,0
DA:46,0
DA:49,0
DA:50,0
DA:51,0
DA:54,0
DA:55,0
DA:56,0
DA:58,0
DA:61,0
DA:62,0
DA:66,0
DA:67,0
DA:74,0
DA:77,0
DA:79,0
DA:80,0
DA:82,0
DA:83,0
DA:84,0
DA:88,0
DA:89,0
DA:92,0
DA:97,0
DA:100,0
DA:101,0
DA:102,0
DA:104,0
DA:105,0
DA:107,0
DA:108,0
DA:109,0
DA:110,0
DA:111,0
DA:113,0
DA:115,0
DA:119,0
DA:121,0
DA:122,0
DA:125,0
DA:131,0
DA:134,0
DA:135,0
DA:136,0
DA:138,0
DA:139,0
DA:141,0
DA:142,0
DA:143,0
DA:144,0
DA:145,0
DA:147,0
DA:149,0
DA:153,0
DA:155,0
DA:156,0
DA:159,0
DA:165,0
DA:168,0
DA:169,0
DA:170,0
DA:171,0
DA:172,0
DA:173,0
DA:179,2
DA:185,3
DA:186,3
DA:188,3
DA:189,5
DA:190,4
DA:191,4
DA:192,1
DA:193,0
DA:194,0
DA:196,1
DA:197,1
DA:204,0
DA:207,0
DA:209,0
DA:212,0
DA:219,0
DA:225,0
DA:229,0
DA:230,0
DA:231,0
DA:232,0
DA:233,0
DA:235,0
DA:236,0
DA:237,0
DA:244,0
DA:257,0
DA:260,0
DA:261,0
DA:267,0
DA:274,0
DA:282,0
DA:283,0
DA:284,0
DA:285,0
DA:293,0
DA:295,0
DA:296,0
DA:302,0
DA:305,0
DA:306,0
DA:312,0
DA:315,0
DA:316,0
DA:318,0
DA:319,0
DA:326,3
DA:327,62
DA:335,62
DA:336,62
DA:337,62
DA:338,62
DA:340,62
DA:342,59
DA:343,236
DA:347,59
DA:348,1770
DA:349,1061
DA:350,1061
DA:354,59
DA:355,49
DA:356,10
DA:357,0
DA:359,10
DA:363,62
DA:365,62
DA:369,2
LF:155
LH:31
BRDA:21,0,0,0
BRDA:21,0,1,0
BRDA:21,1,0,0
BRDA:21,1,1,0
BRDA:21,1,2,0
BRDA:23,2,0,0
BRDA:23,2,1,0
BRDA:23,3,0,0
BRDA:23,3,1,0
BRDA:38,4,0,0
BRDA:38,4,1,0
BRDA:39,5,0,0
BRDA:39,5,1,0
BRDA:41,6,0,0
BRDA:41,6,1,0
BRDA:41,7,0,0
BRDA:41,7,1,0
BRDA:44,8,0,0
BRDA:44,8,1,0
BRDA:44,9,0,0
BRDA:44,9,1,0
BRDA:54,10,0,0
BRDA:54,10,1,0
BRDA:54,11,0,0
BRDA:54,11,1,0
BRDA:54,11,2,0
BRDA:54,11,3,0
BRDA:55,12,0,0
BRDA:55,12,1,0
BRDA:55,13,0,0
BRDA:55,13,1,0
BRDA:61,14,0,0
BRDA:61,14,1,0
BRDA:67,15,0,0
BRDA:67,15,1,0
BRDA:83,16,0,0
BRDA:83,16,1,0
BRDA:109,17,0,0
BRDA:109,17,1,0
BRDA:110,18,0,0
BRDA:110,18,1,0
BRDA:121,19,0,0
BRDA:121,19,1,0
BRDA:143,20,0,0
BRDA:143,20,1,0
BRDA:144,21,0,0
BRDA:144,21,1,0
BRDA:155,22,0,0
BRDA:155,22,1,0
BRDA:189,23,0,4
BRDA:189,23,1,1
BRDA:192,24,0,0
BRDA:192,24,1,1
BRDA:231,25,0,0
BRDA:231,25,1,0
BRDA:232,26,0,0
BRDA:232,26,1,0
BRDA:283,27,0,0
BRDA:283,27,1,0
BRDA:283,28,0,0
BRDA:283,28,1,0
BRDA:316,29,0,0
BRDA:316,29,1,0
BRDA:319,30,0,0
BRDA:319,30,1,0
BRDA:340,31,0,59
BRDA:340,31,1,3
BRDA:343,32,0,149
BRDA:343,32,1,87
BRDA:348,33,0,1061
BRDA:348,33,1,709
BRDA:354,34,0,49
BRDA:354,34,1,10
BRDA:354,35,0,59
BRDA:354,35,1,10
BRDA:354,35,2,10
BRDA:356,36,0,0
BRDA:356,36,1,10
BRDA:356,37,0,10
BRDA:356,37,1,10
BRDA:356,37,2,10
BRF:81
BRH:18
end_of_record
TN:
SF:build/js/filters.js
FN:1,(anonymous_0)
FN:2,(anonymous_1)
FN:13,(anonymous_2)
FN:14,(anonymous_3)
FN:25,(anonymous_4)
FN:26,(anonymous_5)
FN:30,(anonymous_6)
FN:31,escapeHtml
FN:35,escapeRegexp
FN:39,(anonymous_9)
FNF:10
FNH:0
FNDA:0,(anonymous_0)
FNDA:0,(anonymous_1)
FNDA:0,(anonymous_2)
FNDA:0,(anonymous_3)
FNDA:0,(anonymous_4)
FNDA:0,(anonymous_5)
FNDA:0,(anonymous_6)
FNDA:0,escapeHtml
FNDA:0,escapeRegexp
FNDA:0,(anonymous_9)
DA:1,13
DA:2,0
DA:3,0
DA:4,0
DA:6,0
DA:8,0
DA:10,0
DA:14,0
DA:15,0
DA:16,0
DA:19,0
DA:20,0
DA:21,0
DA:22,0
DA:26,0
DA:27,0
DA:32,0
DA:36,0
DA:39,0
DA:40,0
DA:41,0
LF:21
LH:1
BRDA:15,0,0,0
BRDA:15,0,1,0
BRDA:41,1,0,0
BRDA:41,1,1,0
BRDA:41,2,0,0
BRDA:41,2,1,0
BRF:6
BRH:0
end_of_record
TN:
SF:build/js/mocks.js
FN:1,(anonymous_0)
FN:4,(anonymous_1)
FN:43,(anonymous_2)
FN:62,(anonymous_3)
FNF:4
FNH:2
FNDA:13,(anonymous_0)
FNDA:0,(anonymous_1)
FNDA:748,(anonymous_2)
FNDA:0,(anonymous_3)
DA:1,13
DA:2,13
DA:4,13
DA:5,0
DA:6,0
DA:7,0
DA:8,0
DA:9,0
DA:10,0
DA:12,0
DA:16,0
DA:17,0
DA:18,0
DA:21,0
DA:22,0
DA:25,0
DA:27,0
DA:28,0
DA:29,0
DA:32,0
DA:34,0
DA:35,0
DA:36,0
DA:37,0
DA:43,13
DA:44,748
DA:47,748
DA:48,0
DA:49,0
DA:50,0
DA:51,0
DA:52,0
DA:54,0
DA:62,13
DA:63,0
DA:64,0
DA:67,0
DA:68,0
DA:71,0
DA:72,0
DA:75,0
DA:77,0
DA:80,13
LF:43
LH:8
BRDA:6,0,0,0
BRDA:6,0,1,0
BRDA:7,1,0,0
BRDA:7,1,1,0
BRDA:7,2,0,0
BRDA:7,2,1,0
BRDA:9,3,0,0
BRDA:9,3,1,0
BRDA:16,4,0,0
BRDA:16,4,1,0
BRDA:17,5,0,0
BRDA:17,5,1,0
BRDA:17,6,0,0
BRDA:17,6,1,0
BRDA:21,7,0,0
BRDA:21,7,1,0
BRDA:27,8,0,0
BRDA:27,8,1,0
BRDA:34,9,0,0
BRDA:34,9,1,0
BRDA:36,10,0,0
BRDA:36,10,1,0
BRDA:48,11,0,0
BRDA:48,11,1,0
BRDA:48,12,0,0
BRDA:48,12,1,0
BRDA:63,13,0,0
BRDA:63,13,1,0
BRDA:67,14,0,0
BRDA:67,14,1,0
BRDA:71,15,0,0
BRDA:71,15,1,0
BRF:32
BRH:0
end_of_record
TN:
SF:build/js/services.js
FN:1,(anonymous_0)
FN:2,(anonymous_1)
FN:16,(anonymous_2)
FN:17,Session
FN:31,(anonymous_4)
FN:44,(anonymous_5)
FN:50,(anonymous_6)
FN:57,(anonymous_7)
FN:83,(anonymous_8)
FN:110,(anonymous_9)
FN:115,(anonymous_10)
FN:121,(anonymous_11)
FN:126,(anonymous_12)
FN:135,(anonymous_13)
FN:150,(anonymous_14)
FN:158,(anonymous_15)
FN:173,(anonymous_16)
FN:179,(anonymous_17)
FN:187,(anonymous_18)
FN:198,(anonymous_19)
FN:201,(anonymous_20)
FN:204,(anonymous_21)
FN:209,(anonymous_22)
FN:211,(anonymous_23)
FN:220,(anonymous_24)
FN:224,(anonymous_25)
FN:226,(anonymous_26)
FN:244,(anonymous_27)
FN:255,(anonymous_28)
FN:276,(anonymous_29)
FN:286,(anonymous_30)
FN:309,(anonymous_31)
FN:311,(anonymous_32)
FN:317,(anonymous_33)
FN:327,(anonymous_34)
FN:330,(anonymous_35)
FN:333,(anonymous_36)
FN:334,(anonymous_37)
FN:338,(anonymous_38)
FN:341,(anonymous_39)
FN:342,(anonymous_40)
FN:346,(anonymous_41)
FN:347,(anonymous_42)
FN:352,(anonymous_43)
FN:353,(anonymous_44)
FN:356,(anonymous_45)
FN:361,(anonymous_46)
FN:364,(anonymous_47)
FN:370,(anonymous_48)
FN:379,(anonymous_49)
FN:380,(anonymous_50)
FN:385,(anonymous_51)
FN:395,(anonymous_52)
FN:398,(anonymous_53)
FN:401,(anonymous_54)
FN:402,(anonymous_55)
FN:407,(anonymous_56)
FN:408,(anonymous_57)
FN:411,(anonymous_58)
FN:419,(anonymous_59)
FN:429,(anonymous_60)
FN:432,(anonymous_61)
FN:438,(anonymous_62)
FN:448,(anonymous_63)
FN:451,(anonymous_64)
FN:454,(anonymous_65)
FN:457,(anonymous_66)
FN:460,(anonymous_67)
FN:463,(anonymous_68)
FN:466,(anonymous_69)
FN:469,(anonymous_70)
FN:472,(anonymous_71)
FN:475,(anonymous_72)
FN:478,(anonymous_73)
FN:481,(anonymous_74)
FN:484,(anonymous_75)
FN:487,(anonymous_76)
FN:490,(anonymous_77)
FN:493,(anonymous_78)
FN:496,(anonymous_79)
FN:499,(anonymous_80)
FN:505,(anonymous_81)
FN:508,(anonymous_82)
FN:511,(anonymous_83)
FN:515,(anonymous_84)
FN:517,(anonymous_85)
FN:544,(anonymous_86)
FN:553,(anonymous_87)
FN:566,(anonymous_88)
FN:595,(anonymous_89)
FN:622,(anonymous_90)
FN:647,(anonymous_91)
FN:651,(anonymous_92)
FN:661,(anonymous_93)
FN:664,(anonymous_94)
FN:667,(anonymous_95)
FN:670,(anonymous_96)
FN:673,(anonymous_97)
FN:676,(anonymous_98)
FN:677,(anonymous_99)
FN:682,(anonymous_100)
FN:684,(anonymous_101)
FN:686,(anonymous_102)
FN:692,(anonymous_103)
FN:720,(anonymous_104)
FN:722,(anonymous_105)
FN:735,(anonymous_106)
FN:740,(anonymous_107)
FN:741,(anonymous_108)
FN:762,(anonymous_109)
FN:774,(anonymous_110)
FN:793,(anonymous_111)
FN:797,(anonymous_112)
FN:805,(anonymous_113)
FN:817,(anonymous_114)
FN:819,(anonymous_115)
FN:822,(anonymous_116)
FN:828,(anonymous_117)
FN:832,(anonymous_118)
FN:836,(anonymous_119)
FN:844,(anonymous_120)
FN:852,(anonymous_121)
FN:856,(anonymous_122)
FN:867,(anonymous_123)
FN:871,(anonymous_124)
FN:875,(anonymous_125)
FN:879,(anonymous_126)
FN:883,(anonymous_127)
FN:890,(anonymous_128)
FN:894,(anonymous_129)
FN:903,(anonymous_130)
FN:910,(anonymous_131)
FN:922,(anonymous_132)
FN:934,(anonymous_133)
FN:942,(anonymous_134)
FN:950,(anonymous_135)
FN:961,(anonymous_136)
FN:969,(anonymous_137)
FN:979,(anonymous_138)
FN:983,(anonymous_139)
FN:986,(anonymous_140)
FN:991,(anonymous_141)
FN:996,(anonymous_142)
FN:1003,(anonymous_143)
FN:1008,(anonymous_144)
FN:1017,(anonymous_145)
FN:1025,(anonymous_146)
FN:1026,(anonymous_147)
FN:1031,(anonymous_148)
FN:1032,(anonymous_149)
FN:1037,(anonymous_150)
FN:1044,(anonymous_151)
FN:1053,(anonymous_152)
FN:1073,(anonymous_153)
FN:1081,(anonymous_154)
FN:1085,(anonymous_155)
FN:1089,(anonymous_156)
FN:1090,(anonymous_157)
FN:1101,(anonymous_158)
FN:1107,(anonymous_159)
FN:1113,(anonymous_160)
FN:1114,(anonymous_161)
FN:1116,(anonymous_162)
FN:1117,(anonymous_163)
FN:1129,(anonymous_164)
FN:1135,(anonymous_165)
FN:1140,(anonymous_166)
FN:1146,(anonymous_167)
FN:1153,(anonymous_168)
FN:1158,(anonymous_169)
FN:1161,(anonymous_170)
FN:1172,(anonymous_171)
FN:1195,(anonymous_172)
FN:1207,(anonymous_173)
FN:1214,(anonymous_174)
FN:1228,(anonymous_175)
FN:1235,(anonymous_176)
FN:1242,(anonymous_177)
FN:1246,(anonymous_178)
FN:1250,(anonymous_179)
FN:1254,(anonymous_180)
FN:1265,(anonymous_181)
FN:1272,scrub
FN:1280,(anonymous_183)
FN:1281,(anonymous_184)
FN:1292,(anonymous_185)
FN:1300,(anonymous_186)
FN:1316,(anonymous_187)
FN:1320,(anonymous_188)
FN:1324,(anonymous_189)
FN:1338,(anonymous_190)
FN:1339,(anonymous_191)
FN:1344,(anonymous_192)
FN:1348,(anonymous_193)
FN:1352,(anonymous_194)
FN:1356,(anonymous_195)
FN:1374,(anonymous_196)
FN:1420,(anonymous_197)
FN:1445,(anonymous_198)
FN:1446,(anonymous_199)
FN:1465,(anonymous_200)
FN:1471,(anonymous_201)
FN:1497,(anonymous_202)
FN:1560,(anonymous_203)
FN:1576,(anonymous_204)
FN:1590,(anonymous_205)
FN:1602,(anonymous_206)
FN:1607,(anonymous_207)
FN:1615,(anonymous_208)
FN:1618,(anonymous_209)
FN:1625,(anonymous_210)
FN:1628,(anonymous_211)
FN:1637,(anonymous_212)
FN:1656,initializeStartLanguage
FN:1667,validLang
FN:1681,updateTranslationServices
FN:1687,(anonymous_216)
FN:1701,setLang
FN:1712,isSelectable
FN:1729,bestLanguage
FN:1747,determineLanguage
FN:1761,(anonymous_221)
FN:1769,(anonymous_222)
FNF:223
FNH:76
FNDA:13,(anonymous_0)
FNDA:183,(anonymous_1)
FNDA:13,(anonymous_2)
FNDA:13,Session
FNDA:2,(anonymous_4)
FNDA:4,(anonymous_5)
FNDA:2,(anonymous_6)
FNDA:2,(anonymous_7)
FNDA:0,(anonymous_8)
FNDA:2,(anonymous_9)
FNDA:2,(anonymous_10)
FNDA:0,(anonymous_11)
FNDA:2,(anonymous_12)
FNDA:2,(anonymous_13)
FNDA:0,(anonymous_14)
FNDA:142,(anonymous_15)
FNDA:13,(anonymous_16)
FNDA:0,(anonymous_17)
FNDA:8,(anonymous_18)
FNDA:13,(anonymous_19)
FNDA:13,(anonymous_20)
FNDA:13,(anonymous_21)
FNDA:4,(anonymous_22)
FNDA:4,(anonymous_23)
FNDA:0,(anonymous_24)
FNDA:0,(anonymous_25)
FNDA:0,(anonymous_26)
FNDA:0,(anonymous_27)
FNDA:0,(anonymous_28)
FNDA:0,(anonymous_29)
FNDA:0,(anonymous_30)
FNDA:0,(anonymous_31)
FNDA:0,(anonymous_32)
FNDA:0,(anonymous_33)
FNDA:0,(anonymous_34)
FNDA:0,(anonymous_35)
FNDA:0,(anonymous_36)
FNDA:0,(anonymous_37)
FNDA:0,(anonymous_38)
FNDA:0,(anonymous_39)
FNDA:0,(anonymous_40)
FNDA:0,(anonymous_41)
FNDA:0,(anonymous_42)
FNDA:0,(anonymous_43)
FNDA:0,(anonymous_44)
FNDA:0,(anonymous_45)
FNDA:0,(anonymous_46)
FNDA:0,(anonymous_47)
FNDA:0,(anonymous_48)
FNDA:0,(anonymous_49)
FNDA:0,(anonymous_50)
FNDA:0,(anonymous_51)
FNDA:0,(anonymous_52)
FNDA:0,(anonymous_53)
FNDA:0,(anonymous_54)
FNDA:0,(anonymous_55)
FNDA:0,(anonymous_56)
FNDA:0,(anonymous_57)
FNDA:0,(anonymous_58)
FNDA:0,(anonymous_59)
FNDA:0,(anonymous_60)
FNDA:0,(anonymous_61)
FNDA:0,(anonymous_62)
FNDA:2,(anonymous_63)
FNDA:0,(anonymous_64)
FNDA:2,(anonymous_65)
FNDA:13,(anonymous_66)
FNDA:13,(anonymous_67)
FNDA:13,(anonymous_68)
FNDA:13,(anonymous_69)
FNDA:13,(anonymous_70)
FNDA:13,(anonymous_71)
FNDA:13,(anonymous_72)
FNDA:13,(anonymous_73)
FNDA:2,(anonymous_74)
FNDA:0,(anonymous_75)
FNDA:13,(anonymous_76)
FNDA:2,(anonymous_77)
FNDA:13,(anonymous_78)
FNDA:0,(anonymous_79)
FNDA:0,(anonymous_80)
FNDA:0,(anonymous_81)
FNDA:0,(anonymous_82)
FNDA:0,(anonymous_83)
FNDA:13,(anonymous_84)
FNDA:0,(anonymous_85)
FNDA:0,(anonymous_86)
FNDA:0,(anonymous_87)
FNDA:0,(anonymous_88)
FNDA:0,(anonymous_89)
FNDA:0,(anonymous_90)
FNDA:0,(anonymous_91)
FNDA:0,(anonymous_92)
FNDA:2,(anonymous_93)
FNDA:2,(anonymous_94)
FNDA:2,(anonymous_95)
FNDA:0,(anonymous_96)
FNDA:0,(anonymous_97)
FNDA:0,(anonymous_98)
FNDA:0,(anonymous_99)
FNDA:13,(anonymous_100)
FNDA:28,(anonymous_101)
FNDA:33,(anonymous_102)
FNDA:18,(anonymous_103)
FNDA:0,(anonymous_104)
FNDA:0,(anonymous_105)
FNDA:0,(anonymous_106)
FNDA:0,(anonymous_107)
FNDA:0,(anonymous_108)
FNDA:0,(anonymous_109)
FNDA:29,(anonymous_110)
FNDA:0,(anonymous_111)
FNDA:0,(anonymous_112)
FNDA:0,(anonymous_113)
FNDA:0,(anonymous_114)
FNDA:0,(anonymous_115)
FNDA:0,(anonymous_116)
FNDA:0,(anonymous_117)
FNDA:2148,(anonymous_118)
FNDA:1101,(anonymous_119)
FNDA:779,(anonymous_120)
FNDA:778,(anonymous_121)
FNDA:0,(anonymous_122)
FNDA:0,(anonymous_123)
FNDA:0,(anonymous_124)
FNDA:0,(anonymous_125)
FNDA:0,(anonymous_126)
FNDA:0,(anonymous_127)
FNDA:0,(anonymous_128)
FNDA:0,(anonymous_129)
FNDA:0,(anonymous_130)
FNDA:0,(anonymous_131)
FNDA:0,(anonymous_132)
FNDA:0,(anonymous_133)
FNDA:0,(anonymous_134)
FNDA:0,(anonymous_135)
FNDA:0,(anonymous_136)
FNDA:0,(anonymous_137)
FNDA:0,(anonymous_138)
FNDA:0,(anonymous_139)
FNDA:0,(anonymous_140)
FNDA:0,(anonymous_141)
FNDA:0,(anonymous_142)
FNDA:0,(anonymous_143)
FNDA:0,(anonymous_144)
FNDA:0,(anonymous_145)
FNDA:0,(anonymous_146)
FNDA:0,(anonymous_147)
FNDA:0,(anonymous_148)
FNDA:0,(anonymous_149)
FNDA:0,(anonymous_150)
FNDA:0,(anonymous_151)
FNDA:0,(anonymous_152)
FNDA:0,(anonymous_153)
FNDA:0,(anonymous_154)
FNDA:0,(anonymous_155)
FNDA:0,(anonymous_156)
FNDA:0,(anonymous_157)
FNDA:1,(anonymous_158)
FNDA:1,(anonymous_159)
FNDA:1,(anonymous_160)
FNDA:1,(anonymous_161)
FNDA:1,(anonymous_162)
FNDA:0,(anonymous_163)
FNDA:0,(anonymous_164)
FNDA:1,(anonymous_165)
FNDA:59,(anonymous_166)
FNDA:118,(anonymous_167)
FNDA:0,(anonymous_168)
FNDA:0,(anonymous_169)
FNDA:205,(anonymous_170)
FNDA:1,(anonymous_171)
FNDA:1,(anonymous_172)
FNDA:1,(anonymous_173)
FNDA:0,(anonymous_174)
FNDA:0,(anonymous_175)
FNDA:0,(anonymous_176)
FNDA:0,(anonymous_177)
FNDA:1,(anonymous_178)
FNDA:0,(anonymous_179)
FNDA:0,(anonymous_180)
FNDA:0,(anonymous_181)
FNDA:0,scrub
FNDA:13,(anonymous_183)
FNDA:0,(anonymous_184)
FNDA:0,(anonymous_185)
FNDA:0,(anonymous_186)
FNDA:0,(anonymous_187)
FNDA:0,(anonymous_188)
FNDA:0,(anonymous_189)
FNDA:0,(anonymous_190)
FNDA:0,(anonymous_191)
FNDA:0,(anonymous_192)
FNDA:0,(anonymous_193)
FNDA:0,(anonymous_194)
FNDA:0,(anonymous_195)
FNDA:0,(anonymous_196)
FNDA:0,(anonymous_197)
FNDA:0,(anonymous_198)
FNDA:0,(anonymous_199)
FNDA:0,(anonymous_200)
FNDA:0,(anonymous_201)
FNDA:0,(anonymous_202)
FNDA:0,(anonymous_203)
FNDA:0,(anonymous_204)
FNDA:72,(anonymous_205)
FNDA:54,(anonymous_206)
FNDA:0,(anonymous_207)
FNDA:6,(anonymous_208)
FNDA:72,(anonymous_209)
FNDA:6,(anonymous_210)
FNDA:6,(anonymous_211)
FNDA:13,(anonymous_212)
FNDA:13,initializeStartLanguage
FNDA:0,validLang
FNDA:11,updateTranslationServices
FNDA:11,(anonymous_216)
FNDA:0,setLang
FNDA:92,isSelectable
FNDA:24,bestLanguage
FNDA:24,determineLanguage
FNDA:7,(anonymous_221)
FNDA:4,(anonymous_222)
DA:1,13
DA:2,13
DA:3,183
DA:9,183
DA:11,183
DA:18,13
DA:20,13
DA:21,13
DA:22,13
DA:24,13
DA:26,13
DA:27,0
DA:28,0
DA:31,13
DA:32,2
DA:34,2
DA:35,2
DA:37,2
DA:38,2
DA:40,2
DA:44,13
DA:45,4
DA:46,4
DA:47,4
DA:50,13
DA:51,2
DA:52,1
DA:55,2
DA:57,2
DA:58,2
DA:60,2
DA:61,0
DA:64,2
DA:66,2
DA:67,2
DA:68,0
DA:71,2
DA:72,0
DA:73,0
DA:74,0
DA:77,2
DA:83,2
DA:84,0
DA:86,0
DA:87,0
DA:88,0
DA:89,0
DA:90,0
DA:96,2
DA:97,0
DA:99,2
DA:100,0
DA:101,0
DA:103,2
DA:107,2
DA:110,13
DA:111,2
DA:112,2
DA:115,13
DA:118,2
DA:120,2
DA:121,0
DA:122,0
DA:123,0
DA:126,2
DA:127,2
DA:128,2
DA:132,2
DA:135,13
DA:136,2
DA:138,2
DA:139,2
DA:141,2
DA:142,0
DA:145,2
DA:146,2
DA:150,13
DA:151,0
DA:152,0
DA:155,0
DA:158,13
DA:159,142
DA:161,142
DA:162,49
DA:165,142
DA:167,142
DA:171,13
DA:174,13
DA:180,0
DA:181,0
DA:183,0
DA:188,8
DA:189,8
DA:191,0
DA:196,13
DA:199,13
DA:202,13
DA:205,13
DA:210,4
DA:211,4
DA:212,4
DA:213,4
DA:221,0
DA:226,0
DA:235,0
DA:237,0
DA:238,0
DA:239,0
DA:240,0
DA:241,0
DA:242,0
DA:244,0
DA:245,0
DA:248,0
DA:249,0
DA:252,0
DA:253,0
DA:255,0
DA:256,0
DA:258,0
DA:259,0
DA:262,0
DA:264,0
DA:265,0
DA:267,0
DA:270,0
DA:271,0
DA:276,0
DA:277,0
DA:286,0
DA:287,0
DA:289,0
DA:298,0
DA:309,0
DA:310,0
DA:311,0
DA:312,0
DA:313,0
DA:317,0
DA:318,0
DA:319,0
DA:320,0
DA:324,0
DA:328,0
DA:331,0
DA:334,0
DA:335,0
DA:339,0
DA:342,0
DA:343,0
DA:347,0
DA:348,0
DA:353,0
DA:354,0
DA:356,0
DA:357,0
DA:358,0
DA:359,0
DA:361,0
DA:362,0
DA:363,0
DA:364,0
DA:365,0
DA:366,0
DA:370,0
DA:371,0
DA:376,0
DA:379,0
DA:380,0
DA:381,0
DA:385,0
DA:386,0
DA:389,0
DA:390,0
DA:396,0
DA:399,0
DA:402,0
DA:403,0
DA:408,0
DA:409,0
DA:411,0
DA:412,0
DA:413,0
DA:414,0
DA:416,0
DA:417,0
DA:419,0
DA:420,0
DA:421,0
DA:422,0
DA:429,0
DA:430,0
DA:431,0
DA:432,0
DA:433,0
DA:434,0
DA:438,0
DA:439,0
DA:442,0
DA:443,0
DA:449,2
DA:452,0
DA:455,2
DA:458,13
DA:461,13
DA:464,13
DA:467,13
DA:470,13
DA:473,13
DA:476,13
DA:479,13
DA:482,2
DA:485,0
DA:488,13
DA:491,2
DA:494,13
DA:497,0
DA:500,0
DA:506,0
DA:509,0
DA:512,0
DA:516,13
DA:518,0
DA:519,0
DA:520,0
DA:521,0
DA:522,0
DA:523,0
DA:524,0
DA:525,0
DA:526,0
DA:527,0
DA:528,0
DA:529,0
DA:530,0
DA:531,0
DA:532,0
DA:533,0
DA:534,0
DA:535,0
DA:536,0
DA:537,0
DA:538,0
DA:539,0
DA:540,0
DA:541,0
DA:545,0
DA:546,0
DA:547,0
DA:548,0
DA:549,0
DA:550,0
DA:554,0
DA:555,0
DA:556,0
DA:557,0
DA:558,0
DA:559,0
DA:560,0
DA:561,0
DA:562,0
DA:563,0
DA:567,0
DA:568,0
DA:569,0
DA:570,0
DA:571,0
DA:572,0
DA:573,0
DA:574,0
DA:575,0
DA:576,0
DA:577,0
DA:578,0
DA:579,0
DA:580,0
DA:581,0
DA:582,0
DA:583,0
DA:584,0
DA:585,0
DA:586,0
DA:587,0
DA:588,0
DA:589,0
DA:590,0
DA:591,0
DA:592,0
DA:596,0
DA:597,0
DA:598,0
DA:599,0
DA:600,0
DA:601,0
DA:602,0
DA:603,0
DA:604,0
DA:605,0
DA:606,0
DA:607,0
DA:608,0
DA:609,0
DA:610,0
DA:611,0
DA:612,0
DA:613,0
DA:614,0
DA:615,0
DA:616,0
DA:617,0
DA:618,0
DA:619,0
DA:623,0
DA:624,0
DA:625,0
DA:626,0
DA:627,0
DA:628,0
DA:629,0
DA:630,0
DA:631,0
DA:632,0
DA:633,0
DA:634,0
DA:635,0
DA:636,0
DA:637,0
DA:638,0
DA:639,0
DA:640,0
DA:641,0
DA:642,0
DA:643,0
DA:644,0
DA:648,0
DA:652,0
DA:653,0
DA:654,0
DA:655,0
DA:656,0
DA:657,0
DA:662,2
DA:665,2
DA:668,2
DA:671,0
DA:674,0
DA:677,0
DA:678,0
DA:683,13
DA:685,28
DA:686,28
DA:687,33
DA:689,28
DA:693,18
DA:694,0
DA:697,18
DA:698,18
DA:700,18
DA:701,18
DA:702,0
DA:703,0
DA:706,18
DA:708,18
DA:709,18
DA:711,18
DA:712,12
DA:714,6
DA:717,18
DA:721,0
DA:722,0
DA:723,0
DA:724,0
DA:725,0
DA:727,0
DA:728,0
DA:732,0
DA:736,0
DA:737,0
DA:739,0
DA:740,0
DA:741,0
DA:742,0
DA:743,0
DA:744,0
DA:745,0
DA:747,0
DA:748,0
DA:749,0
DA:752,0
DA:753,0
DA:759,0
DA:763,0
DA:764,0
DA:765,0
DA:766,0
DA:767,0
DA:768,0
DA:770,0
DA:775,29
DA:776,29
DA:777,28
DA:780,29
DA:781,13
DA:784,16
DA:785,2
DA:786,14
DA:787,0
DA:788,14
DA:789,0
DA:794,0
DA:798,0
DA:799,0
DA:800,0
DA:802,0
DA:806,0
DA:807,0
DA:808,0
DA:809,0
DA:810,0
DA:811,0
DA:813,0
DA:818,0
DA:820,0
DA:823,0
DA:829,0
DA:833,2148
DA:837,1101
DA:845,779
DA:853,778
DA:857,0
DA:864,0
DA:868,0
DA:872,0
DA:876,0
DA:880,0
DA:884,0
DA:885,0
DA:886,0
DA:891,0
DA:895,0
DA:896,0
DA:899,0
DA:900,0
DA:901,0
DA:902,0
DA:903,0
DA:904,0
DA:905,0
DA:911,0
DA:912,0
DA:915,0
DA:919,0
DA:923,0
DA:924,0
DA:925,0
DA:926,0
DA:931,0
DA:935,0
DA:936,0
DA:937,0
DA:943,0
DA:945,0
DA:951,0
DA:958,0
DA:962,0
DA:963,0
DA:970,0
DA:976,0
DA:980,0
DA:984,0
DA:987,0
DA:992,0
DA:993,0
DA:997,0
DA:998,0
DA:999,0
DA:1000,0
DA:1004,0
DA:1006,0
DA:1008,0
DA:1009,0
DA:1012,0
DA:1014,0
DA:1018,0
DA:1026,0
DA:1027,0
DA:1032,0
DA:1033,0
DA:1038,0
DA:1039,0
DA:1040,0
DA:1041,0
DA:1042,0
DA:1044,0
DA:1045,0
DA:1046,0
DA:1050,0
DA:1055,0
DA:1056,0
DA:1057,0
DA:1059,0
DA:1060,0
DA:1061,0
DA:1062,0
DA:1063,0
DA:1066,0
DA:1070,0
DA:1074,0
DA:1075,0
DA:1077,0
DA:1082,0
DA:1086,0
DA:1090,0
DA:1091,0
DA:1092,0
DA:1093,0
DA:1094,0
DA:1096,0
DA:1102,1
DA:1103,1
DA:1104,0
DA:1107,1
DA:1108,1
DA:1114,1
DA:1115,1
DA:1117,0
DA:1126,1
DA:1130,0
DA:1131,0
DA:1138,1
DA:1140,59
DA:1143,1
DA:1145,1
DA:1146,1
DA:1147,118
DA:1150,1
DA:1154,0
DA:1155,0
DA:1156,0
DA:1157,0
DA:1158,0
DA:1162,205
DA:1164,205
DA:1165,205
DA:1166,205
DA:1169,205
DA:1173,1
DA:1174,1
DA:1176,1
DA:1186,1
DA:1187,1
DA:1190,1
DA:1191,1
DA:1194,1
DA:1195,1
DA:1196,1
DA:1208,1
DA:1209,0
DA:1212,1
DA:1214,0
DA:1218,1
DA:1220,0
DA:1229,0
DA:1230,0
DA:1233,0
DA:1239,1
DA:1243,0
DA:1247,1
DA:1251,0
DA:1255,0
DA:1256,0
DA:1257,0
DA:1258,0
DA:1262,0
DA:1266,0
DA:1267,0
DA:1269,0
DA:1270,0
DA:1273,0
DA:1276,0
DA:1281,13
DA:1282,0
DA:1283,0
DA:1284,0
DA:1286,0
DA:1287,0
DA:1291,13
DA:1293,0
DA:1294,0
DA:1297,0
DA:1301,0
DA:1309,0
DA:1310,0
DA:1312,0
DA:1317,0
DA:1321,0
DA:1322,0
DA:1324,0
DA:1325,0
DA:1326,0
DA:1327,0
DA:1330,0
DA:1333,0
DA:1339,0
DA:1340,0
DA:1345,0
DA:1349,0
DA:1353,0
DA:1359,0
DA:1360,0
DA:1361,0
DA:1364,0
DA:1365,0
DA:1366,0
DA:1367,0
DA:1371,0
DA:1375,0
DA:1378,0
DA:1380,0
DA:1381,0
DA:1384,0
DA:1385,0
DA:1388,0
DA:1389,0
DA:1390,0
DA:1393,0
DA:1394,0
DA:1395,0
DA:1396,0
DA:1397,0
DA:1401,0
DA:1403,0
DA:1404,0
DA:1405,0
DA:1408,0
DA:1412,0
DA:1413,0
DA:1414,0
DA:1417,0
DA:1421,0
DA:1424,0
DA:1425,0
DA:1426,0
DA:1427,0
DA:1428,0
DA:1429,0
DA:1430,0
DA:1434,0
DA:1435,0
DA:1436,0
DA:1437,0
DA:1438,0
DA:1439,0
DA:1440,0
DA:1444,0
DA:1445,0
DA:1446,0
DA:1447,0
DA:1451,0
DA:1454,0
DA:1456,0
DA:1457,0
DA:1458,0
DA:1459,0
DA:1461,0
DA:1466,0
DA:1467,0
DA:1468,0
DA:1471,0
DA:1472,0
DA:1473,0
DA:1474,0
DA:1477,0
DA:1478,0
DA:1482,0
DA:1483,0
DA:1484,0
DA:1487,0
DA:1490,0
DA:1491,0
DA:1494,0
DA:1496,0
DA:1497,0
DA:1498,0
DA:1502,0
DA:1503,0
DA:1506,0
DA:1507,0
DA:1508,0
DA:1509,0
DA:1510,0
DA:1512,0
DA:1513,0
DA:1514,0
DA:1515,0
DA:1516,0
DA:1520,0
DA:1521,0
DA:1523,0
DA:1526,0
DA:1529,0
DA:1530,0
DA:1531,0
DA:1532,0
DA:1533,0
DA:1534,0
DA:1535,0
DA:1538,0
DA:1539,0
DA:1543,0
DA:1544,0
DA:1545,0
DA:1548,0
DA:1549,0
DA:1557,0
DA:1561,0
DA:1562,0
DA:1563,0
DA:1564,0
DA:1565,0
DA:1566,0
DA:1568,0
DA:1569,0
DA:1572,0
DA:1573,0
DA:1576,0
DA:1577,0
DA:1579,0
DA:1582,0
DA:1583,0
DA:1584,0
DA:1587,0
DA:1591,72
DA:1593,72
DA:1594,6
DA:1595,6
DA:1596,6
DA:1599,72
DA:1600,18
DA:1601,18
DA:1602,18
DA:1603,54
DA:1606,54
DA:1607,0
DA:1608,0
DA:1612,72
DA:1616,6
DA:1618,6
DA:1619,72
DA:1622,6
DA:1626,6
DA:1628,6
DA:1629,6
DA:1632,6
DA:1640,13
DA:1648,13
DA:1650,13
DA:1654,13
DA:1657,13
DA:1658,13
DA:1659,0
DA:1660,0
DA:1664,13
DA:1668,0
DA:1669,0
DA:1673,0
DA:1674,0
DA:1677,0
DA:1683,11
DA:1684,11
DA:1687,11
DA:1693,11
DA:1695,11
DA:1702,0
DA:1703,0
DA:1706,0
DA:1707,0
DA:1708,0
DA:1713,92
DA:1714,81
DA:1717,11
DA:1718,11
DA:1721,0
DA:1730,24
DA:1731,24
DA:1732,0
DA:1733,24
DA:1734,0
DA:1735,24
DA:1736,4
DA:1737,20
DA:1738,7
DA:1741,24
DA:1748,24
DA:1749,24
DA:1750,11
DA:1751,11
DA:1755,13
DA:1762,7
DA:1764,7
DA:1766,7
DA:1770,4
DA:1771,4
LF:803
LH:213
BRDA:26,0,0,0
BRDA:26,0,1,13
BRDA:34,1,0,2
BRDA:34,1,1,0
BRDA:35,2,0,0
BRDA:35,2,1,2
BRDA:51,3,0,1
BRDA:51,3,1,1
BRDA:60,4,0,0
BRDA:60,4,1,2
BRDA:67,5,0,0
BRDA:67,5,1,2
BRDA:71,6,0,0
BRDA:71,6,1,2
BRDA:72,7,0,0
BRDA:72,7,1,0
BRDA:86,8,0,0
BRDA:86,8,1,0
BRDA:86,9,0,0
BRDA:86,9,1,0
BRDA:87,10,0,0
BRDA:87,10,1,0
BRDA:89,11,0,0
BRDA:89,11,1,0
BRDA:96,12,0,0
BRDA:96,12,1,2
BRDA:99,13,0,0
BRDA:99,13,1,2
BRDA:120,14,0,0
BRDA:120,14,1,2
BRDA:138,15,0,2
BRDA:138,15,1,0
BRDA:141,16,0,0
BRDA:141,16,1,2
BRDA:151,17,0,0
BRDA:151,17,1,0
BRDA:161,18,0,49
BRDA:161,18,1,93
BRDA:180,19,0,0
BRDA:180,19,1,0
BRDA:188,20,0,8
BRDA:188,20,1,0
BRDA:188,21,0,8
BRDA:188,21,1,8
BRDA:188,21,2,8
BRDA:248,22,0,0
BRDA:248,22,1,0
BRDA:248,23,0,0
BRDA:248,23,1,0
BRDA:258,24,0,0
BRDA:258,24,1,0
BRDA:264,25,0,0
BRDA:264,25,1,0
BRDA:270,26,0,0
BRDA:270,26,1,0
BRDA:270,27,0,0
BRDA:270,27,1,0
BRDA:312,28,0,0
BRDA:312,28,1,0
BRDA:380,29,0,0
BRDA:380,29,1,0
BRDA:389,30,0,0
BRDA:389,30,1,0
BRDA:420,31,0,0
BRDA:420,31,1,0
BRDA:442,32,0,0
BRDA:442,32,1,0
BRDA:693,33,0,0
BRDA:693,33,1,18
BRDA:700,34,0,18
BRDA:700,34,1,0
BRDA:702,35,0,0
BRDA:702,35,1,0
BRDA:708,36,0,0
BRDA:708,36,1,18
BRDA:709,37,0,18
BRDA:709,37,1,0
BRDA:711,38,0,12
BRDA:711,38,1,6
BRDA:727,39,0,0
BRDA:727,39,1,0
BRDA:727,40,0,0
BRDA:727,40,1,0
BRDA:727,40,2,0
BRDA:727,40,3,0
BRDA:727,40,4,0
BRDA:727,40,5,0
BRDA:727,40,6,0
BRDA:727,40,7,0
BRDA:727,40,8,0
BRDA:727,40,9,0
BRDA:727,40,10,0
BRDA:727,40,11,0
BRDA:727,40,12,0
BRDA:727,40,13,0
BRDA:727,40,14,0
BRDA:727,40,15,0
BRDA:727,40,16,0
BRDA:727,40,17,0
BRDA:736,41,0,0
BRDA:736,41,1,0
BRDA:742,42,0,0
BRDA:742,42,1,0
BRDA:744,43,0,0
BRDA:744,43,1,0
BRDA:747,44,0,0
BRDA:747,44,1,0
BRDA:748,45,0,0
BRDA:748,45,1,0
BRDA:752,46,0,0
BRDA:752,46,1,0
BRDA:763,47,0,0
BRDA:763,47,1,0
BRDA:765,48,0,0
BRDA:765,48,1,0
BRDA:767,49,0,0
BRDA:767,49,1,0
BRDA:776,50,0,28
BRDA:776,50,1,1
BRDA:780,51,0,13
BRDA:780,51,1,16
BRDA:784,52,0,2
BRDA:784,52,1,14
BRDA:786,53,0,0
BRDA:786,53,1,14
BRDA:786,54,0,14
BRDA:786,54,1,0
BRDA:788,55,0,0
BRDA:788,55,1,14
BRDA:788,56,0,14
BRDA:788,56,1,14
BRDA:788,56,2,0
BRDA:788,56,3,0
BRDA:799,57,0,0
BRDA:799,57,1,0
BRDA:806,58,0,0
BRDA:806,58,1,0
BRDA:808,59,0,0
BRDA:808,59,1,0
BRDA:810,60,0,0
BRDA:810,60,1,0
BRDA:820,61,0,0
BRDA:820,61,1,0
BRDA:823,62,0,0
BRDA:823,62,1,0
BRDA:845,63,0,779
BRDA:845,63,1,408
BRDA:845,63,2,408
BRDA:845,63,3,408
BRDA:845,63,4,234
BRDA:885,64,0,0
BRDA:885,64,1,0
BRDA:895,65,0,0
BRDA:895,65,1,0
BRDA:900,66,0,0
BRDA:900,66,1,0
BRDA:912,67,0,0
BRDA:912,67,1,0
BRDA:912,68,0,0
BRDA:912,68,1,0
BRDA:912,68,2,0
BRDA:923,69,0,0
BRDA:923,69,1,0
BRDA:925,70,0,0
BRDA:925,70,1,0
BRDA:936,71,0,0
BRDA:936,71,1,0
BRDA:943,72,0,0
BRDA:943,72,1,0
BRDA:962,73,0,0
BRDA:962,73,1,0
BRDA:1045,74,0,0
BRDA:1045,74,1,0
BRDA:1056,75,0,0
BRDA:1056,75,1,0
BRDA:1061,76,0,0
BRDA:1061,76,1,0
BRDA:1074,77,0,0
BRDA:1074,77,1,0
BRDA:1103,78,0,0
BRDA:1103,78,1,1
BRDA:1130,79,0,0
BRDA:1130,79,1,0
BRDA:1130,80,0,0
BRDA:1130,80,1,0
BRDA:1164,81,0,205
BRDA:1164,81,1,0
BRDA:1165,82,0,0
BRDA:1165,82,1,205
BRDA:1186,83,0,1
BRDA:1186,83,1,0
BRDA:1190,84,0,1
BRDA:1190,84,1,0
BRDA:1194,85,0,1
BRDA:1194,85,1,0
BRDA:1208,86,0,0
BRDA:1208,86,1,1
BRDA:1229,87,0,0
BRDA:1229,87,1,0
BRDA:1256,88,0,0
BRDA:1256,88,1,0
BRDA:1282,89,0,0
BRDA:1282,89,1,0
BRDA:1293,90,0,0
BRDA:1293,90,1,0
BRDA:1297,91,0,0
BRDA:1297,91,1,0
BRDA:1302,92,0,0
BRDA:1302,92,1,0
BRDA:1309,93,0,0
BRDA:1309,93,1,0
BRDA:1325,94,0,0
BRDA:1325,94,1,0
BRDA:1360,95,0,0
BRDA:1360,95,1,0
BRDA:1364,96,0,0
BRDA:1364,96,1,0
BRDA:1364,97,0,0
BRDA:1364,97,1,0
BRDA:1364,97,2,0
BRDA:1366,98,0,0
BRDA:1366,98,1,0
BRDA:1380,99,0,0
BRDA:1380,99,1,0
BRDA:1380,100,0,0
BRDA:1380,100,1,0
BRDA:1380,100,2,0
BRDA:1380,100,3,0
BRDA:1380,100,4,0
BRDA:1384,101,0,0
BRDA:1384,101,1,0
BRDA:1388,102,0,0
BRDA:1388,102,1,0
BRDA:1388,103,0,0
BRDA:1388,103,1,0
BRDA:1396,104,0,0
BRDA:1396,104,1,0
BRDA:1401,105,0,0
BRDA:1401,105,1,0
BRDA:1401,106,0,0
BRDA:1401,106,1,0
BRDA:1401,106,2,0
BRDA:1403,107,0,0
BRDA:1403,107,1,0
BRDA:1412,108,0,0
BRDA:1412,108,1,0
BRDA:1424,109,0,0
BRDA:1424,109,1,0
BRDA:1426,110,0,0
BRDA:1426,110,1,0
BRDA:1427,111,0,0
BRDA:1427,111,1,0
BRDA:1429,112,0,0
BRDA:1429,112,1,0
BRDA:1434,113,0,0
BRDA:1434,113,1,0
BRDA:1436,114,0,0
BRDA:1436,114,1,0
BRDA:1437,115,0,0
BRDA:1437,115,1,0
BRDA:1439,116,0,0
BRDA:1439,116,1,0
BRDA:1444,117,0,0
BRDA:1444,117,1,0
BRDA:1456,118,0,0
BRDA:1456,118,1,0
BRDA:1458,119,0,0
BRDA:1458,119,1,0
BRDA:1472,120,0,0
BRDA:1472,120,1,0
BRDA:1473,121,0,0
BRDA:1473,121,1,0
BRDA:1477,122,0,0
BRDA:1477,122,1,0
BRDA:1482,123,0,0
BRDA:1482,123,1,0
BRDA:1490,124,0,0
BRDA:1490,124,1,0
BRDA:1496,125,0,0
BRDA:1496,125,1,0
BRDA:1506,126,0,0
BRDA:1506,126,1,0
BRDA:1507,127,0,0
BRDA:1507,127,1,0
BRDA:1507,127,2,0
BRDA:1508,128,0,0
BRDA:1508,128,1,0
BRDA:1509,129,0,0
BRDA:1509,129,1,0
BRDA:1514,130,0,0
BRDA:1514,130,1,0
BRDA:1520,131,0,0
BRDA:1520,131,1,0
BRDA:1521,132,0,0
BRDA:1521,132,1,0
BRDA:1521,132,2,0
BRDA:1523,133,0,0
BRDA:1523,133,1,0
BRDA:1529,134,0,0
BRDA:1529,134,1,0
BRDA:1533,135,0,0
BRDA:1533,135,1,0
BRDA:1534,136,0,0
BRDA:1534,136,1,0
BRDA:1538,137,0,0
BRDA:1538,137,1,0
BRDA:1543,138,0,0
BRDA:1543,138,1,0
BRDA:1544,139,0,0
BRDA:1544,139,1,0
BRDA:1548,140,0,0
BRDA:1548,140,1,0
BRDA:1568,141,0,0
BRDA:1568,141,1,0
BRDA:1572,142,0,0
BRDA:1572,142,1,0
BRDA:1582,143,0,0
BRDA:1582,143,1,0
BRDA:1593,144,0,6
BRDA:1593,144,1,66
BRDA:1599,145,0,18
BRDA:1599,145,1,54
BRDA:1606,146,0,0
BRDA:1606,146,1,54
BRDA:1658,147,0,0
BRDA:1658,147,1,13
BRDA:1659,148,0,0
BRDA:1659,148,1,0
BRDA:1668,149,0,0
BRDA:1668,149,1,0
BRDA:1673,150,0,0
BRDA:1673,150,1,0
BRDA:1684,151,0,0
BRDA:1684,151,1,11
BRDA:1702,152,0,0
BRDA:1702,152,1,0
BRDA:1706,153,0,0
BRDA:1706,153,1,0
BRDA:1713,154,0,81
BRDA:1713,154,1,11
BRDA:1717,155,0,11
BRDA:1717,155,1,0
BRDA:1731,156,0,0
BRDA:1731,156,1,24
BRDA:1733,157,0,0
BRDA:1733,157,1,24
BRDA:1735,158,0,4
BRDA:1735,158,1,20
BRDA:1737,159,0,7
BRDA:1737,159,1,13
BRDA:1749,160,0,11
BRDA:1749,160,1,13
BRF:352
BRH:66
end_of_record
TN:
SF:build/js/templates.js
FNF:0
FNH:0
LF:0
LH:0
BRF:0
BRH:0
end_of_record
TN:
SF:build/js/controllers/custodian.js
FN:2,(anonymous_0)
FN:5,(anonymous_1)
FN:7,(anonymous_2)
FN:12,(anonymous_3)
FN:17,(anonymous_4)
FN:25,(anonymous_5)
FN:27,(anonymous_6)
FN:31,(anonymous_7)
FN:34,(anonymous_8)
FNF:9
FNH:0
FNDA:0,(anonymous_0)
FNDA:0,(anonymous_1)
FNDA:0,(anonymous_2)
FNDA:0,(anonymous_3)
FNDA:0,(anonymous_4)
FNDA:0,(anonymous_5)
FNDA:0,(anonymous_6)
FNDA:0,(anonymous_7)
FNDA:0,(anonymous_8)
DA:1,13
DA:3,0
DA:5,0
DA:6,0
DA:8,0
DA:12,0
DA:13,0
DA:18,0
DA:26,0
DA:27,0
DA:28,0
DA:31,0
DA:32,0
DA:33,0
DA:35,0
LF:15
LH:1
BRF:0
BRH:0
end_of_record
TN:
SF:build/js/controllers/empty.js
FN:1,(anonymous_0)
FNF:1
FNH:0
FNDA:0,(anonymous_0)
DA:1,13
LF:1
LH:1
BRF:0
BRH:0
end_of_record
TN:
SF:build/js/controllers/fileupload.js
FN:1,(anonymous_0)
FN:5,(anonymous_1)
FN:7,(anonymous_2)
FN:14,(anonymous_3)
FN:17,(anonymous_4)
FN:25,(anonymous_5)
FN:28,(anonymous_6)
FN:35,(anonymous_7)
FN:47,onDataAvailable
FN:51,onStop
FN:79,(anonymous_10)
FN:92,(anonymous_11)
FN:109,(anonymous_12)
FN:126,(anonymous_13)
FN:137,(anonymous_14)
FN:158,(anonymous_15)
FN:162,(anonymous_16)
FN:166,(anonymous_17)
FN:170,(anonymous_18)
FNF:19
FNH:0
FNDA:0,(anonymous_0)
FNDA:0,(anonymous_1)
FNDA:0,(anonymous_2)
FNDA:0,(anonymous_3)
FNDA:0,(anonymous_4)
FNDA:0,(anonymous_5)
FNDA:0,(anonymous_6)
FNDA:0,(anonymous_7)
FNDA:0,onDataAvailable
FNDA:0,onStop
FNDA:0,(anonymous_10)
FNDA:0,(anonymous_11)
FNDA:0,(anonymous_12)
FNDA:0,(anonymous_13)
FNDA:0,(anonymous_14)
FNDA:0,(anonymous_15)
FNDA:0,(anonymous_16)
FNDA:0,(anonymous_17)
FNDA:0,(anonymous_18)
DA:1,13
DA:4,0
DA:6,0
DA:7,0
DA:8,0
DA:10,0
DA:15,0
DA:17,0
DA:18,0
DA:20,0
DA:22,0
DA:26,0
DA:28,0
DA:29,0
DA:31,0
DA:32,0
DA:36,0
DA:37,0
DA:38,0
DA:39,0
DA:40,0
DA:42,0
DA:43,0
DA:44,0
DA:45,0
DA:48,0
DA:52,0
DA:53,0
DA:54,0
DA:56,0
DA:62,0
DA:64,0
DA:65,0
DA:68,0
DA:69,0
DA:72,0
DA:73,0
DA:76,0
DA:79,0
DA:80,0
DA:81,0
DA:84,0
DA:85,0
DA:86,0
DA:87,0
DA:88,0
DA:89,0
DA:92,0
DA:93,0
DA:94,0
DA:97,0
DA:99,0
DA:100,0
DA:109,0
DA:110,0
DA:111,0
DA:112,0
DA:113,0
DA:114,0
DA:115,0
DA:117,0
DA:120,0
DA:121,0
DA:122,0
DA:123,0
DA:125,0
DA:127,0
DA:129,0
DA:131,0
DA:133,0
DA:137,0
DA:138,0
DA:140,0
DA:141,0
DA:142,0
DA:143,0
DA:144,0
DA:145,0
DA:147,0
DA:148,0
DA:149,0
DA:152,0
DA:153,0
DA:159,0
DA:160,0
DA:162,0
DA:163,0
DA:166,0
DA:167,0
DA:171,0
DA:172,0
DA:174,0
LF:92
LH:1
BRDA:64,0,0,0
BRDA:64,0,1,0
BRDA:68,1,0,0
BRDA:68,1,1,0
BRDA:72,2,0,0
BRDA:72,2,1,0
BRDA:80,3,0,0
BRDA:80,3,1,0
BRDA:93,4,0,0
BRDA:93,4,1,0
BRDA:99,5,0,0
BRDA:99,5,1,0
BRDA:111,6,0,0
BRDA:111,6,1,0
BRDA:147,7,0,0
BRDA:147,7,1,0
BRDA:152,8,0,0
BRDA:152,8,1,0
BRDA:152,9,0,0
BRDA:152,9,1,0
BRDA:152,9,2,0
BRDA:171,10,0,0
BRDA:171,10,1,0
BRF:23
BRH:0
end_of_record
TN:
SF:build/js/controllers/login.js
FN:1,(anonymous_0)
FNF:1
FNH:1
FNDA:6,(anonymous_0)
DA:1,13
DA:2,6
DA:9,6
DA:10,0
DA:13,6
DA:14,0
DA:16,6
DA:19,6
DA:20,6
DA:21,0
LF:10
LH:7
BRDA:9,0,0,0
BRDA:9,0,1,6
BRDA:9,1,0,6
BRDA:9,1,1,0
BRDA:13,2,0,0
BRDA:13,2,1,6
BRDA:13,3,0,6
BRDA:13,3,1,5
BRDA:20,4,0,0
BRDA:20,4,1,6
BRF:10
BRH:6
end_of_record
TN:
SF:build/js/controllers/modal.js
FN:3,(anonymous_0)
FN:8,(anonymous_1)
FN:16,(anonymous_2)
FN:30,(anonymous_3)
FN:34,(anonymous_4)
FN:39,(anonymous_5)
FN:55,(anonymous_6)
FN:61,(anonymous_7)
FN:65,(anonymous_8)
FNF:9
FNH:3
FNDA:2,(anonymous_0)
FNDA:1,(anonymous_1)
FNDA:1,(anonymous_2)
FNDA:0,(anonymous_3)
FNDA:0,(anonymous_4)
FNDA:0,(anonymous_5)
FNDA:0,(anonymous_6)
FNDA:0,(anonymous_7)
FNDA:0,(anonymous_8)
DA:1,13
DA:4,2
DA:5,2
DA:6,2
DA:8,2
DA:9,1
DA:10,1
DA:13,1
DA:16,2
DA:17,1
DA:18,0
DA:21,1
DA:31,0
DA:32,0
DA:33,0
DA:34,0
DA:35,0
DA:39,0
DA:40,0
DA:41,0
DA:42,0
DA:43,0
DA:44,0
DA:45,0
DA:46,0
DA:47,0
DA:48,0
DA:49,0
DA:51,0
DA:55,0
DA:56,0
DA:58,0
DA:61,0
DA:62,0
DA:63,0
DA:65,0
DA:66,0
DA:70,0
LF:38
LH:11
BRDA:9,0,0,1
BRDA:9,0,1,0
BRDA:17,1,0,0
BRDA:17,1,1,1
BRDA:40,2,0,0
BRDA:40,2,1,0
BRDA:42,3,0,0
BRDA:42,3,1,0
BRDA:44,4,0,0
BRDA:44,4,1,0
BRDA:46,5,0,0
BRDA:46,5,1,0
BRDA:46,6,0,0
BRDA:46,6,1,0
BRDA:48,7,0,0
BRDA:48,7,1,0
BRF:16
BRH:2
end_of_record
TN:
SF:build/js/controllers/passwordreset.js
FN:2,(anonymous_0)
FN:8,(anonymous_1)
FN:9,(anonymous_2)
FN:15,(anonymous_3)
FN:25,(anonymous_4)
FN:26,(anonymous_5)
FNF:6
FNH:3
FNDA:1,(anonymous_0)
FNDA:1,(anonymous_1)
FNDA:1,(anonymous_2)
FNDA:0,(anonymous_3)
FNDA:0,(anonymous_4)
FNDA:0,(anonymous_5)
DA:1,13
DA:4,1
DA:8,1
DA:9,1
DA:10,1
DA:17,0
DA:19,0
DA:25,0
DA:26,0
DA:27,0
DA:28,0
DA:30,0
DA:31,0
DA:34,0
DA:35,0
DA:40,0
DA:41,0
LF:17
LH:5
BRDA:20,0,0,0
BRDA:20,0,1,0
BRDA:21,1,0,0
BRDA:21,1,1,0
BRDA:27,2,0,0
BRDA:27,2,1,0
BRDA:30,3,0,0
BRDA:30,3,1,0
BRDA:40,4,0,0
BRDA:40,4,1,0
BRF:10
BRH:0
end_of_record
TN:
SF:build/js/controllers/preferences.js
FN:2,(anonymous_0)
FN:20,(anonymous_1)
FN:24,(anonymous_2)
FN:28,(anonymous_3)
FN:32,(anonymous_4)
FN:33,(anonymous_5)
FN:38,(anonymous_6)
FN:39,(anonymous_7)
FN:55,(anonymous_8)
FN:75,(anonymous_9)
FN:89,(anonymous_10)
FN:94,(anonymous_11)
FN:99,(anonymous_12)
FN:100,(anonymous_13)
FN:106,(anonymous_14)
FN:107,(anonymous_15)
FN:114,(anonymous_16)
FN:120,(anonymous_17)
FNF:18
FNH:3
FNDA:1,(anonymous_0)
FNDA:0,(anonymous_1)
FNDA:0,(anonymous_2)
FNDA:0,(anonymous_3)
FNDA:0,(anonymous_4)
FNDA:0,(anonymous_5)
FNDA:1,(anonymous_6)
FNDA:1,(anonymous_7)
FNDA:0,(anonymous_8)
FNDA:0,(anonymous_9)
FNDA:0,(anonymous_10)
FNDA:0,(anonymous_11)
FNDA:0,(anonymous_12)
FNDA:0,(anonymous_13)
FNDA:0,(anonymous_14)
FNDA:0,(anonymous_15)
FNDA:0,(anonymous_16)
FNDA:0,(anonymous_17)
DA:1,13
DA:3,1
DA:14,1
DA:15,1
DA:16,1
DA:18,1
DA:20,1
DA:21,0
DA:24,1
DA:25,0
DA:28,1
DA:29,0
DA:32,1
DA:33,0
DA:34,0
DA:38,1
DA:39,1
DA:40,1
DA:41,1
DA:42,1
DA:55,1
DA:57,0
DA:59,0
DA:60,0
DA:61,0
DA:63,0
DA:65,0
DA:71,0
DA:72,0
DA:75,0
DA:76,0
DA:79,0
DA:85,0
DA:89,1
DA:90,0
DA:91,0
DA:94,0
DA:95,0
DA:99,1
DA:100,0
DA:101,0
DA:107,0
DA:108,0
DA:115,0
DA:116,0
DA:120,0
DA:121,0
LF:47
LH:18
BRDA:59,0,0,0
BRDA:59,0,1,0
BRDA:90,1,0,0
BRDA:90,1,1,0
BRF:4
BRH:0
end_of_record
TN:
SF:build/js/controllers/receipt.js
FN:1,(anonymous_0)
FN:2,(anonymous_1)
FNF:2
FNH:0
FNDA:0,(anonymous_0)
FNDA:0,(anonymous_1)
DA:1,13
DA:2,0
DA:3,0
DA:4,0
DA:7,0
LF:5
LH:1
BRDA:3,0,0,0
BRDA:3,0,1,0
BRDA:3,1,0,0
BRDA:3,1,1,0
BRF:4
BRH:0
end_of_record
TN:
SF:build/js/controllers/recipient.js
FN:2,(anonymous_0)
FN:21,(anonymous_1)
FN:52,applyFilter
FN:61,(anonymous_3)
FN:66,(anonymous_4)
FN:71,(anonymous_5)
FN:76,(anonymous_6)
FN:81,(anonymous_7)
FN:85,(anonymous_8)
FN:92,(anonymous_9)
FN:93,(anonymous_10)
FN:104,(anonymous_11)
FN:105,(anonymous_12)
FN:120,(anonymous_13)
FN:121,(anonymous_14)
FN:132,(anonymous_15)
FN:133,(anonymous_16)
FN:152,(anonymous_17)
FN:154,(anonymous_18)
FN:159,(anonymous_19)
FN:170,(anonymous_20)
FN:175,(anonymous_21)
FN:179,(anonymous_22)
FN:188,(anonymous_23)
FN:192,(anonymous_24)
FN:198,(anonymous_25)
FN:200,(anonymous_26)
FN:201,(anonymous_27)
FNF:28
FNH:0
FNDA:0,(anonymous_0)
FNDA:0,(anonymous_1)
FNDA:0,applyFilter
FNDA:0,(anonymous_3)
FNDA:0,(anonymous_4)
FNDA:0,(anonymous_5)
FNDA:0,(anonymous_6)
FNDA:0,(anonymous_7)
FNDA:0,(anonymous_8)
FNDA:0,(anonymous_9)
FNDA:0,(anonymous_10)
FNDA:0,(anonymous_11)
FNDA:0,(anonymous_12)
FNDA:0,(anonymous_13)
FNDA:0,(anonymous_14)
FNDA:0,(anonymous_15)
FNDA:0,(anonymous_16)
FNDA:0,(anonymous_17)
FNDA:0,(anonymous_18)
FNDA:0,(anonymous_19)
FNDA:0,(anonymous_20)
FNDA:0,(anonymous_21)
FNDA:0,(anonymous_22)
FNDA:0,(anonymous_23)
FNDA:0,(anonymous_24)
FNDA:0,(anonymous_25)
FNDA:0,(anonymous_26)
FNDA:0,(anonymous_27)
DA:1,13
DA:4,0
DA:5,0
DA:6,0
DA:7,0
DA:9,0
DA:10,0
DA:11,0
DA:13,0
DA:14,0
DA:15,0
DA:16,0
DA:17,0
DA:18,0
DA:20,0
DA:21,0
DA:22,0
DA:23,0
DA:24,0
DA:25,0
DA:27,0
DA:28,0
DA:29,0
DA:32,0
DA:33,0
DA:34,0
DA:37,0
DA:39,0
DA:40,0
DA:41,0
DA:45,0
DA:47,0
DA:54,0
DA:55,0
DA:56,0
DA:57,0
DA:60,0
DA:62,0
DA:66,0
DA:67,0
DA:68,0
DA:71,0
DA:72,0
DA:73,0
DA:76,0
DA:77,0
DA:78,0
DA:81,0
DA:82,0
DA:85,0
DA:86,0
DA:87,0
DA:88,0
DA:92,0
DA:93,0
DA:95,0
DA:97,0
DA:105,0
DA:106,0
DA:111,0
DA:120,0
DA:121,0
DA:123,0
DA:125,0
DA:133,0
DA:134,0
DA:139,0
DA:148,0
DA:150,0
DA:152,0
DA:153,0
DA:154,0
DA:155,0
DA:159,0
DA:160,0
DA:171,0
DA:175,0
DA:176,0
DA:179,0
DA:180,0
DA:181,0
DA:182,0
DA:184,0
DA:188,0
DA:189,0
DA:192,0
DA:193,0
DA:194,0
DA:195,0
DA:198,0
DA:199,0
DA:200,0
DA:201,0
DA:202,0
LF:94
LH:1
BRDA:27,0,0,0
BRDA:27,0,1,0
BRDA:32,1,0,0
BRDA:32,1,1,0
BRDA:39,2,0,0
BRDA:39,2,1,0
BRDA:86,3,0,0
BRDA:86,3,1,0
BRDA:181,4,0,0
BRDA:181,4,1,0
BRF:10
BRH:0
end_of_record
TN:
SF:build/js/controllers/sidebar.js
FN:1,(anonymous_0)
FNF:1
FNH:1
FNDA:6,(anonymous_0)
DA:1,13
DA:2,6
DA:3,6
DA:4,6
LF:4
LH:4
BRF:0
BRH:0
end_of_record
TN:
SF:build/js/controllers/signup.js
FN:2,(anonymous_0)
FN:30,(anonymous_1)
FN:40,(anonymous_2)
FN:47,(anonymous_3)
FN:53,(anonymous_4)
FNF:5
FNH:0
FNDA:0,(anonymous_0)
FNDA:0,(anonymous_1)
FNDA:0,(anonymous_2)
FNDA:0,(anonymous_3)
FNDA:0,(anonymous_4)
DA:1,13
DA:4,0
DA:5,0
DA:6,0
DA:9,0
DA:11,0
DA:12,0
DA:28,0
DA:30,0
DA:31,0
DA:32,0
DA:33,0
DA:34,0
DA:35,0
DA:36,0
DA:40,0
DA:41,0
DA:42,0
DA:45,0
DA:47,0
DA:48,0
DA:54,0
DA:55,0
DA:56,0
LF:24
LH:1
BRDA:4,0,0,0
BRDA:4,0,1,0
BRDA:32,1,0,0
BRDA:32,1,1,0
BRDA:41,2,0,0
BRDA:41,2,1,0
BRDA:55,3,0,0
BRDA:55,3,1,0
BRF:8
BRH:0
end_of_record
TN:
SF:build/js/controllers/submission.js
FN:3,(anonymous_0)
FN:23,(anonymous_1)
FN:27,(anonymous_2)
FN:35,(anonymous_3)
FN:43,(anonymous_4)
FN:48,(anonymous_5)
FN:52,(anonymous_6)
FN:64,(anonymous_7)
FN:72,(anonymous_8)
FN:80,(anonymous_9)
FN:95,(anonymous_10)
FN:112,(anonymous_11)
FN:129,(anonymous_12)
FN:146,(anonymous_13)
FN:150,(anonymous_14)
FN:159,(anonymous_15)
FN:167,(anonymous_16)
FN:183,(anonymous_17)
FN:194,(anonymous_18)
FN:209,(anonymous_19)
FN:215,(anonymous_20)
FN:229,(anonymous_21)
FN:257,(anonymous_22)
FN:272,(anonymous_23)
FN:278,(anonymous_24)
FN:282,(anonymous_25)
FN:286,(anonymous_26)
FN:293,(anonymous_27)
FN:304,(anonymous_28)
FN:309,(anonymous_29)
FN:321,(anonymous_30)
FN:325,(anonymous_31)
FN:329,(anonymous_32)
FN:344,(anonymous_33)
FN:356,(anonymous_34)
FN:373,(anonymous_35)
FN:386,(anonymous_36)
FN:390,(anonymous_37)
FN:398,(anonymous_38)
FN:417,(anonymous_39)
FN:430,(anonymous_40)
FN:437,(anonymous_41)
FN:443,(anonymous_42)
FN:455,(anonymous_43)
FN:460,(anonymous_44)
FN:464,(anonymous_45)
FN:468,(anonymous_46)
FN:476,(anonymous_47)
FN:487,(anonymous_48)
FN:495,(anonymous_49)
FN:502,(anonymous_50)
FN:506,(anonymous_51)
FN:509,(anonymous_52)
FN:512,(anonymous_53)
FN:520,(anonymous_54)
FN:528,(anonymous_55)
FN:550,(anonymous_56)
FN:565,(anonymous_57)
FN:577,(anonymous_58)
FN:583,(anonymous_59)
FN:594,(anonymous_60)
FN:599,(anonymous_61)
FN:604,(anonymous_62)
FNF:63
FNH:0
FNDA:0,(anonymous_0)
FNDA:0,(anonymous_1)
FNDA:0,(anonymous_2)
FNDA:0,(anonymous_3)
FNDA:0,(anonymous_4)
FNDA:0,(anonymous_5)
FNDA:0,(anonymous_6)
FNDA:0,(anonymous_7)
FNDA:0,(anonymous_8)
FNDA:0,(anonymous_9)
FNDA:0,(anonymous_10)
FNDA:0,(anonymous_11)
FNDA:0,(anonymous_12)
FNDA:0,(anonymous_13)
FNDA:0,(anonymous_14)
FNDA:0,(anonymous_15)
FNDA:0,(anonymous_16)
FNDA:0,(anonymous_17)
FNDA:0,(anonymous_18)
FNDA:0,(anonymous_19)
FNDA:0,(anonymous_20)
FNDA:0,(anonymous_21)
FNDA:0,(anonymous_22)
FNDA:0,(anonymous_23)
FNDA:0,(anonymous_24)
FNDA:0,(anonymous_25)
FNDA:0,(anonymous_26)
FNDA:0,(anonymous_27)
FNDA:0,(anonymous_28)
FNDA:0,(anonymous_29)
FNDA:0,(anonymous_30)
FNDA:0,(anonymous_31)
FNDA:0,(anonymous_32)
FNDA:0,(anonymous_33)
FNDA:0,(anonymous_34)
FNDA:0,(anonymous_35)
FNDA:0,(anonymous_36)
FNDA:0,(anonymous_37)
FNDA:0,(anonymous_38)
FNDA:0,(anonymous_39)
FNDA:0,(anonymous_40)
FNDA:0,(anonymous_41)
FNDA:0,(anonymous_42)
FNDA:0,(anonymous_43)
FNDA:0,(anonymous_44)
FNDA:0,(anonymous_45)
FNDA:0,(anonymous_46)
FNDA:0,(anonymous_47)
FNDA:0,(anonymous_48)
FNDA:0,(anonymous_49)
FNDA:0,(anonymous_50)
FNDA:0,(anonymous_51)
FNDA:0,(anonymous_52)
FNDA:0,(anonymous_53)
FNDA:0,(anonymous_54)
FNDA:0,(anonymous_55)
FNDA:0,(anonymous_56)
FNDA:0,(anonymous_57)
FNDA:0,(anonymous_58)
FNDA:0,(anonymous_59)
FNDA:0,(anonymous_60)
FNDA:0,(anonymous_61)
FNDA:0,(anonymous_62)
DA:1,13
DA:4,0
DA:6,0
DA:8,0
DA:10,0
DA:12,0
DA:14,0
DA:16,0
DA:18,0
DA:20,0
DA:21,0
DA:23,0
DA:24,0
DA:27,0
DA:28,0
DA:29,0
DA:32,0
DA:35,0
DA:36,0
DA:37,0
DA:38,0
DA:39,0
DA:43,0
DA:44,0
DA:45,0
DA:48,0
DA:49,0
DA:52,0
DA:53,0
DA:55,0
DA:56,0
DA:57,0
DA:61,0
DA:64,0
DA:65,0
DA:66,0
DA:69,0
DA:72,0
DA:73,0
DA:74,0
DA:77,0
DA:80,0
DA:81,0
DA:82,0
DA:84,0
DA:85,0
DA:86,0
DA:87,0
DA:92,0
DA:95,0
DA:96,0
DA:97,0
DA:100,0
DA:101,0
DA:102,0
DA:105,0
DA:106,0
DA:109,0
DA:112,0
DA:113,0
DA:114,0
DA:117,0
DA:118,0
DA:119,0
DA:120,0
DA:121,0
DA:122,0
DA:123,0
DA:129,0
DA:130,0
DA:131,0
DA:132,0
DA:133,0
DA:134,0
DA:135,0
DA:136,0
DA:138,0
DA:140,0
DA:146,0
DA:147,0
DA:150,0
DA:151,0
DA:152,0
DA:156,0
DA:159,0
DA:160,0
DA:161,0
DA:164,0
DA:167,0
DA:168,0
DA:169,0
DA:170,0
DA:171,0
DA:172,0
DA:173,0
DA:175,0
DA:177,0
DA:178,0
DA:180,0
DA:183,0
DA:184,0
DA:185,0
DA:188,0
DA:190,0
DA:192,0
DA:194,0
DA:195,0
DA:196,0
DA:199,0
DA:203,0
DA:205,0
DA:209,0
DA:210,0
DA:211,0
DA:215,0
DA:216,0
DA:217,0
DA:218,0
DA:222,0
DA:223,0
DA:224,0
DA:229,0
DA:230,0
DA:231,0
DA:234,0
DA:235,0
DA:238,0
DA:239,0
DA:242,0
DA:243,0
DA:244,0
DA:247,0
DA:248,0
DA:252,0
DA:255,0
DA:257,0
DA:258,0
DA:260,0
DA:261,0
DA:263,0
DA:264,0
DA:267,0
DA:268,0
DA:272,0
DA:273,0
DA:274,0
DA:278,0
DA:279,0
DA:282,0
DA:283,0
DA:286,0
DA:287,0
DA:294,0
DA:296,0
DA:298,0
DA:300,0
DA:302,0
DA:304,0
DA:305,0
DA:306,0
DA:309,0
DA:310,0
DA:312,0
DA:313,0
DA:314,0
DA:318,0
DA:321,0
DA:322,0
DA:325,0
DA:326,0
DA:329,0
DA:330,0
DA:331,0
DA:333,0
DA:334,0
DA:335,0
DA:336,0
DA:341,0
DA:344,0
DA:345,0
DA:346,0
DA:349,0
DA:350,0
DA:353,0
DA:356,0
DA:357,0
DA:358,0
DA:361,0
DA:362,0
DA:363,0
DA:364,0
DA:365,0
DA:366,0
DA:367,0
DA:373,0
DA:374,0
DA:375,0
DA:376,0
DA:377,0
DA:378,0
DA:379,0
DA:380,0
DA:386,0
DA:387,0
DA:390,0
DA:391,0
DA:392,0
DA:393,0
DA:394,0
DA:395,0
DA:398,0
DA:399,0
DA:400,0
DA:403,0
DA:405,0
DA:406,0
DA:409,0
DA:411,0
DA:412,0
DA:413,0
DA:417,0
DA:418,0
DA:419,0
DA:422,0
DA:426,0
DA:428,0
DA:431,0
DA:437,0
DA:438,0
DA:439,0
DA:443,0
DA:444,0
DA:445,0
DA:448,0
DA:449,0
DA:452,0
DA:455,0
DA:456,0
DA:460,0
DA:461,0
DA:464,0
DA:465,0
DA:468,0
DA:469,0
DA:472,0
DA:473,0
DA:477,0
DA:478,0
DA:480,0
DA:482,0
DA:488,0
DA:490,0
DA:491,0
DA:492,0
DA:493,0
DA:495,0
DA:496,0
DA:497,0
DA:498,0
DA:499,0
DA:503,0
DA:507,0
DA:510,0
DA:512,0
DA:513,0
DA:514,0
DA:517,0
DA:520,0
DA:521,0
DA:524,0
DA:525,0
DA:526,0
DA:528,0
DA:529,0
DA:530,0
DA:533,0
DA:534,0
DA:535,0
DA:536,0
DA:538,0
DA:539,0
DA:542,0
DA:543,0
DA:546,0
DA:550,0
DA:551,0
DA:553,0
DA:554,0
DA:555,0
DA:557,0
DA:558,0
DA:561,0
DA:562,0
DA:565,0
DA:566,0
DA:567,0
DA:568,0
DA:569,0
DA:572,0
DA:577,0
DA:578,0
DA:579,0
DA:583,0
DA:584,0
DA:585,0
DA:589,0
DA:594,0
DA:595,0
DA:596,0
DA:599,0
DA:600,0
DA:604,0
DA:605,0
DA:606,0
DA:609,0
DA:610,0
DA:611,0
DA:615,0
DA:618,0
DA:619,0
DA:621,0
LF:321
LH:1
BRDA:8,0,0,0
BRDA:8,0,1,0
BRDA:18,1,0,0
BRDA:18,1,1,0
BRDA:28,2,0,0
BRDA:28,2,1,0
BRDA:36,3,0,0
BRDA:36,3,1,0
BRDA:38,4,0,0
BRDA:38,4,1,0
BRDA:49,5,0,0
BRDA:49,5,1,0
BRDA:56,6,0,0
BRDA:56,6,1,0
BRDA:65,7,0,0
BRDA:65,7,1,0
BRDA:73,8,0,0
BRDA:73,8,1,0
BRDA:82,9,0,0
BRDA:82,9,1,0
BRDA:84,10,0,0
BRDA:84,10,1,0
BRDA:100,11,0,0
BRDA:100,11,1,0
BRDA:100,12,0,0
BRDA:100,12,1,0
BRDA:105,13,0,0
BRDA:105,13,1,0
BRDA:113,14,0,0
BRDA:113,14,1,0
BRDA:117,15,0,0
BRDA:117,15,1,0
BRDA:120,16,0,0
BRDA:120,16,1,0
BRDA:130,17,0,0
BRDA:130,17,1,0
BRDA:133,18,0,0
BRDA:133,18,1,0
BRDA:133,19,0,0
BRDA:133,19,1,0
BRDA:135,20,0,0
BRDA:135,20,1,0
BRDA:151,21,0,0
BRDA:151,21,1,0
BRDA:152,22,0,0
BRDA:152,22,1,0
BRDA:160,23,0,0
BRDA:160,23,1,0
BRDA:177,24,0,0
BRDA:177,24,1,0
BRDA:178,25,0,0
BRDA:178,25,1,0
BRDA:184,26,0,0
BRDA:184,26,1,0
BRDA:196,27,0,0
BRDA:196,27,1,0
BRDA:196,28,0,0
BRDA:196,28,1,0
BRDA:196,28,2,0
BRDA:210,29,0,0
BRDA:210,29,1,0
BRDA:217,30,0,0
BRDA:217,30,1,0
BRDA:223,31,0,0
BRDA:223,31,1,0
BRDA:230,32,0,0
BRDA:230,32,1,0
BRDA:230,33,0,0
BRDA:230,33,1,0
BRDA:234,34,0,0
BRDA:234,34,1,0
BRDA:234,35,0,0
BRDA:234,35,1,0
BRDA:234,36,0,0
BRDA:234,36,1,0
BRDA:238,37,0,0
BRDA:238,37,1,0
BRDA:238,38,0,0
BRDA:238,38,1,0
BRDA:242,39,0,0
BRDA:242,39,1,0
BRDA:243,40,0,0
BRDA:243,40,1,0
BRDA:243,41,0,0
BRDA:243,41,1,0
BRDA:247,42,0,0
BRDA:247,42,1,0
BRDA:260,43,0,0
BRDA:260,43,1,0
BRDA:263,44,0,0
BRDA:263,44,1,0
BRDA:267,45,0,0
BRDA:267,45,1,0
BRDA:273,46,0,0
BRDA:273,46,1,0
BRDA:273,47,0,0
BRDA:273,47,1,0
BRDA:313,48,0,0
BRDA:313,48,1,0
BRDA:331,49,0,0
BRDA:331,49,1,0
BRDA:333,50,0,0
BRDA:333,50,1,0
BRDA:349,51,0,0
BRDA:349,51,1,0
BRDA:349,52,0,0
BRDA:349,52,1,0
BRDA:357,53,0,0
BRDA:357,53,1,0
BRDA:361,54,0,0
BRDA:361,54,1,0
BRDA:364,55,0,0
BRDA:364,55,1,0
BRDA:374,56,0,0
BRDA:374,56,1,0
BRDA:377,57,0,0
BRDA:377,57,1,0
BRDA:377,58,0,0
BRDA:377,58,1,0
BRDA:405,59,0,0
BRDA:405,59,1,0
BRDA:412,60,0,0
BRDA:412,60,1,0
BRDA:419,61,0,0
BRDA:419,61,1,0
BRDA:419,62,0,0
BRDA:419,62,1,0
BRDA:419,62,2,0
BRDA:438,63,0,0
BRDA:438,63,1,0
BRDA:444,64,0,0
BRDA:444,64,1,0
BRDA:448,65,0,0
BRDA:448,65,1,0
BRDA:513,66,0,0
BRDA:513,66,1,0
BRDA:533,67,0,0
BRDA:533,67,1,0
BRDA:535,68,0,0
BRDA:535,68,1,0
BRDA:538,69,0,0
BRDA:538,69,1,0
BRDA:542,70,0,0
BRDA:542,70,1,0
BRDA:553,71,0,0
BRDA:553,71,1,0
BRDA:557,72,0,0
BRDA:557,72,1,0
BRDA:561,73,0,0
BRDA:561,73,1,0
BRDA:578,74,0,0
BRDA:578,74,1,0
BRDA:584,75,0,0
BRDA:584,75,1,0
BRDA:584,76,0,0
BRDA:584,76,1,0
BRDA:605,77,0,0
BRDA:605,77,1,0
BRDA:610,78,0,0
BRDA:610,78,1,0
BRDA:610,79,0,0
BRDA:610,79,1,0
BRDA:618,80,0,0
BRDA:618,80,1,0
BRDA:621,81,0,0
BRDA:621,81,1,0
BRF:166
BRH:0
end_of_record
TN:
SF:build/js/controllers/tip.js
FN:3,(anonymous_0)
FN:15,(anonymous_1)
FN:19,(anonymous_2)
FN:30,(anonymous_3)
FN:31,(anonymous_4)
FN:39,(anonymous_5)
FN:50,(anonymous_6)
FN:54,(anonymous_7)
FN:65,(anonymous_8)
FN:66,(anonymous_9)
FN:74,(anonymous_10)
FN:85,(anonymous_11)
FN:93,(anonymous_12)
FN:102,(anonymous_13)
FN:144,(anonymous_14)
FN:148,(anonymous_15)
FN:155,(anonymous_16)
FN:166,(anonymous_17)
FN:174,(anonymous_18)
FN:181,(anonymous_19)
FN:194,(anonymous_20)
FN:207,(anonymous_21)
FN:228,(anonymous_22)
FN:232,(anonymous_23)
FN:238,(anonymous_24)
FN:239,(anonymous_25)
FN:244,(anonymous_26)
FN:245,(anonymous_27)
FN:250,(anonymous_28)
FN:254,(anonymous_29)
FN:260,(anonymous_30)
FN:265,(anonymous_31)
FN:266,(anonymous_32)
FN:271,(anonymous_33)
FN:272,(anonymous_34)
FN:277,(anonymous_35)
FN:282,(anonymous_36)
FN:292,(anonymous_37)
FN:297,(anonymous_38)
FN:315,(anonymous_39)
FN:320,(anonymous_40)
FN:337,(anonymous_41)
FN:348,(anonymous_42)
FN:349,(anonymous_43)
FN:354,(anonymous_44)
FN:359,(anonymous_45)
FN:368,(anonymous_46)
FN:372,(anonymous_47)
FN:378,(anonymous_48)
FN:381,(anonymous_49)
FN:385,(anonymous_50)
FN:394,(anonymous_51)
FN:399,(anonymous_52)
FN:416,(anonymous_53)
FN:421,(anonymous_54)
FN:428,(anonymous_55)
FN:429,(anonymous_56)
FN:431,(anonymous_57)
FN:435,(anonymous_58)
FN:439,(anonymous_59)
FN:443,(anonymous_60)
FN:448,(anonymous_61)
FN:454,(anonymous_62)
FN:457,(anonymous_63)
FN:461,(anonymous_64)
FN:465,(anonymous_65)
FN:470,(anonymous_66)
FN:473,(anonymous_67)
FNF:68
FNH:0
FNDA:0,(anonymous_0)
FNDA:0,(anonymous_1)
FNDA:0,(anonymous_2)
FNDA:0,(anonymous_3)
FNDA:0,(anonymous_4)
FNDA:0,(anonymous_5)
FNDA:0,(anonymous_6)
FNDA:0,(anonymous_7)
FNDA:0,(anonymous_8)
FNDA:0,(anonymous_9)
FNDA:0,(anonymous_10)
FNDA:0,(anonymous_11)
FNDA:0,(anonymous_12)
FNDA:0,(anonymous_13)
FNDA:0,(anonymous_14)
FNDA:0,(anonymous_15)
FNDA:0,(anonymous_16)
FNDA:0,(anonymous_17)
FNDA:0,(anonymous_18)
FNDA:0,(anonymous_19)
FNDA:0,(anonymous_20)
FNDA:0,(anonymous_21)
FNDA:0,(anonymous_22)
FNDA:0,(anonymous_23)
FNDA:0,(anonymous_24)
FNDA:0,(anonymous_25)
FNDA:0,(anonymous_26)
FNDA:0,(anonymous_27)
FNDA:0,(anonymous_28)
FNDA:0,(anonymous_29)
FNDA:0,(anonymous_30)
FNDA:0,(anonymous_31)
FNDA:0,(anonymous_32)
FNDA:0,(anonymous_33)
FNDA:0,(anonymous_34)
FNDA:0,(anonymous_35)
FNDA:0,(anonymous_36)
FNDA:0,(anonymous_37)
FNDA:0,(anonymous_38)
FNDA:0,(anonymous_39)
FNDA:0,(anonymous_40)
FNDA:0,(anonymous_41)
FNDA:0,(anonymous_42)
FNDA:0,(anonymous_43)
FNDA:0,(anonymous_44)
FNDA:0,(anonymous_45)
FNDA:0,(anonymous_46)
FNDA:0,(anonymous_47)
FNDA:0,(anonymous_48)
FNDA:0,(anonymous_49)
FNDA:0,(anonymous_50)
FNDA:0,(anonymous_51)
FNDA:0,(anonymous_52)
FNDA:0,(anonymous_53)
FNDA:0,(anonymous_54)
FNDA:0,(anonymous_55)
FNDA:0,(anonymous_56)
FNDA:0,(anonymous_57)
FNDA:0,(anonymous_58)
FNDA:0,(anonymous_59)
FNDA:0,(anonymous_60)
FNDA:0,(anonymous_61)
FNDA:0,(anonymous_62)
FNDA:0,(anonymous_63)
FNDA:0,(anonymous_64)
FNDA:0,(anonymous_65)
FNDA:0,(anonymous_66)
FNDA:0,(anonymous_67)
DA:1,13
DA:4,0
DA:5,0
DA:7,0
DA:8,0
DA:10,0
DA:11,0
DA:13,0
DA:15,0
DA:16,0
DA:21,0
DA:23,0
DA:31,0
DA:32,0
DA:39,0
DA:40,0
DA:50,0
DA:51,0
DA:56,0
DA:58,0
DA:66,0
DA:67,0
DA:74,0
DA:75,0
DA:85,0
DA:86,0
DA:87,0
DA:90,0
DA:93,0
DA:95,0
DA:96,0
DA:97,0
DA:102,0
DA:105,0
DA:106,0
DA:107,0
DA:109,0
DA:110,0
DA:111,0
DA:112,0
DA:113,0
DA:118,0
DA:119,0
DA:120,0
DA:121,0
DA:122,0
DA:123,0
DA:124,0
DA:125,0
DA:126,0
DA:130,0
DA:131,0
DA:133,0
DA:135,0
DA:136,0
DA:144,0
DA:145,0
DA:148,0
DA:149,0
DA:152,0
DA:153,0
DA:155,0
DA:156,0
DA:157,0
DA:158,0
DA:159,0
DA:161,0
DA:162,0
DA:164,0
DA:166,0
DA:167,0
DA:171,0
DA:172,0
DA:174,0
DA:175,0
DA:176,0
DA:177,0
DA:181,0
DA:182,0
DA:183,0
DA:186,0
DA:190,0
DA:192,0
DA:195,0
DA:201,0
DA:202,0
DA:206,0
DA:207,0
DA:208,0
DA:209,0
DA:210,0
DA:212,0
DA:213,0
DA:214,0
DA:215,0
DA:217,0
DA:218,0
DA:219,0
DA:221,0
DA:223,0
DA:224,0
DA:228,0
DA:229,0
DA:232,0
DA:233,0
DA:234,0
DA:235,0
DA:238,0
DA:239,0
DA:240,0
DA:244,0
DA:245,0
DA:246,0
DA:250,0
DA:251,0
DA:253,0
DA:254,0
DA:255,0
DA:260,0
DA:261,0
DA:262,0
DA:265,0
DA:266,0
DA:267,0
DA:271,0
DA:272,0
DA:273,0
DA:277,0
DA:278,0
DA:283,0
DA:292,0
DA:293,0
DA:298,0
DA:315,0
DA:316,0
DA:321,0
DA:337,0
DA:338,0
DA:339,0
DA:341,0
DA:348,0
DA:349,0
DA:350,0
DA:354,0
DA:355,0
DA:360,0
DA:366,0
DA:368,0
DA:369,0
DA:372,0
DA:373,0
DA:379,0
DA:381,0
DA:382,0
DA:385,0
DA:386,0
DA:387,0
DA:394,0
DA:395,0
DA:399,0
DA:400,0
DA:402,0
DA:404,0
DA:405,0
DA:407,0
DA:409,0
DA:416,0
DA:417,0
DA:419,0
DA:420,0
DA:422,0
DA:423,0
DA:429,0
DA:431,0
DA:432,0
DA:435,0
DA:436,0
DA:440,0
DA:441,0
DA:442,0
DA:443,0
DA:444,0
DA:445,0
DA:448,0
DA:449,0
DA:455,0
DA:457,0
DA:458,0
DA:461,0
DA:462,0
DA:464,0
DA:466,0
DA:471,0
DA:474,0
LF:194
LH:1
BRDA:86,0,0,0
BRDA:86,0,1,0
BRDA:95,1,0,0
BRDA:95,1,1,0
BRDA:111,2,0,0
BRDA:111,2,1,0
BRDA:122,3,0,0
BRDA:122,3,1,0
BRDA:122,4,0,0
BRDA:122,4,1,0
BRDA:145,5,0,0
BRDA:145,5,1,0
BRDA:152,6,0,0
BRDA:152,6,1,0
BRDA:176,7,0,0
BRDA:176,7,1,0
BRDA:183,8,0,0
BRDA:183,8,1,0
BRDA:183,9,0,0
BRDA:183,9,1,0
BRDA:183,9,2,0
BRDA:201,10,0,0
BRDA:201,10,1,0
BRDA:201,11,0,0
BRDA:201,11,1,0
BRDA:206,12,0,0
BRDA:206,12,1,0
BRDA:402,13,0,0
BRDA:402,13,1,0
BRDA:402,14,0,0
BRDA:402,14,1,0
BRDA:404,15,0,0
BRDA:404,15,1,0
BRDA:419,16,0,0
BRDA:419,16,1,0
BRF:35
BRH:0
end_of_record
TN:
SF:build/js/controllers/wizard.js
FN:2,(anonymous_0)
FN:13,(anonymous_1)
FN:20,(anonymous_2)
FN:25,(anonymous_3)
FN:26,(anonymous_4)
FN:39,(anonymous_5)
FN:40,(anonymous_6)
FNF:7
FNH:5
FNDA:1,(anonymous_0)
FNDA:1,(anonymous_1)
FNDA:1,(anonymous_2)
FNDA:1,(anonymous_3)
FNDA:1,(anonymous_4)
FNDA:0,(anonymous_5)
FNDA:0,(anonymous_6)
DA:1,13
DA:4,1
DA:5,0
DA:6,0
DA:9,1
DA:11,1
DA:13,1
DA:14,1
DA:15,0
DA:18,1
DA:20,1
DA:21,1
DA:25,1
DA:26,1
DA:27,1
DA:31,1
DA:39,1
DA:40,0
DA:41,0
DA:42,0
DA:43,0
DA:48,1
LF:22
LH:15
BRDA:4,0,0,0
BRDA:4,0,1,1
BRDA:14,1,0,0
BRDA:14,1,1,1
BRDA:41,2,0,0
BRDA:41,2,1,0
BRDA:42,3,0,0
BRDA:42,3,1,0
BRF:8
BRH:2
end_of_record
TN:
SF:build/js/controllers/actions/forcedpasswordchange.js
FN:2,(anonymous_0)
FN:5,(anonymous_1)
FN:7,(anonymous_2)
FN:11,(anonymous_3)
FNF:4
FNH:0
FNDA:0,(anonymous_0)
FNDA:0,(anonymous_1)
FNDA:0,(anonymous_2)
FNDA:0,(anonymous_3)
DA:1,13
DA:3,0
DA:5,0
DA:6,0
DA:8,0
DA:9,0
DA:12,0
LF:7
LH:1
BRF:0
BRH:0
end_of_record
TN:
SF:build/js/controllers/actions/forcedtwofactor.js
FN:2,(anonymous_0)
FN:18,(anonymous_1)
FN:22,(anonymous_2)
FN:29,(anonymous_3)
FNF:4
FNH:0
FNDA:0,(anonymous_0)
FNDA:0,(anonymous_1)
FNDA:0,(anonymous_2)
FNDA:0,(anonymous_3)
DA:1,13
DA:3,0
DA:4,0
DA:6,0
DA:8,0
DA:14,0
DA:15,0
DA:18,0
DA:19,0
DA:22,0
DA:23,0
DA:30,0
DA:31,0
DA:32,0
LF:14
LH:1
BRF:0
BRH:0
end_of_record
TN:
SF:build/js/controllers/admin/auditlog.js
FN:2,(anonymous_0)
FNF:1
FNH:0
FNDA:0,(anonymous_0)
DA:1,13
DA:3,0
DA:22,0
DA:24,0
DA:26,0
DA:28,0
DA:29,0
LF:7
LH:1
BRF:0
BRH:0
end_of_record
TN:
SF:build/js/controllers/admin/casemanagement.js
FN:1,(anonymous_0)
FN:9,(anonymous_1)
FN:11,(anonymous_2)
FN:15,(anonymous_3)
FN:20,(anonymous_4)
FN:23,(anonymous_5)
FN:27,(anonymous_6)
FN:34,(anonymous_7)
FN:38,(anonymous_8)
FN:39,(anonymous_9)
FN:44,ss_idx
FN:53,(anonymous_11)
FN:58,swap
FN:77,(anonymous_13)
FN:79,(anonymous_14)
FN:94,(anonymous_15)
FN:95,(anonymous_16)
FN:98,(anonymous_17)
FN:101,(anonymous_18)
FN:110,(anonymous_19)
FN:115,(anonymous_20)
FN:117,(anonymous_21)
FN:119,(anonymous_22)
FN:123,(anonymous_23)
FN:124,(anonymous_24)
FN:128,(anonymous_25)
FN:135,(anonymous_26)
FN:140,swapSs
FN:157,(anonymous_28)
FN:162,(anonymous_29)
FN:163,(anonymous_30)
FN:166,(anonymous_31)
FN:169,(anonymous_32)
FN:178,(anonymous_33)
FN:184,(anonymous_34)
FN:189,(anonymous_35)
FN:203,(anonymous_36)
FN:207,(anonymous_37)
FN:216,(anonymous_38)
FNF:39
FNH:0
FNDA:0,(anonymous_0)
FNDA:0,(anonymous_1)
FNDA:0,(anonymous_2)
FNDA:0,(anonymous_3)
FNDA:0,(anonymous_4)
FNDA:0,(anonymous_5)
FNDA:0,(anonymous_6)
FNDA:0,(anonymous_7)
FNDA:0,(anonymous_8)
FNDA:0,(anonymous_9)
FNDA:0,ss_idx
FNDA:0,(anonymous_11)
FNDA:0,swap
FNDA:0,(anonymous_13)
FNDA:0,(anonymous_14)
FNDA:0,(anonymous_15)
FNDA:0,(anonymous_16)
FNDA:0,(anonymous_17)
FNDA:0,(anonymous_18)
FNDA:0,(anonymous_19)
FNDA:0,(anonymous_20)
FNDA:0,(anonymous_21)
FNDA:0,(anonymous_22)
FNDA:0,(anonymous_23)
FNDA:0,(anonymous_24)
FNDA:0,(anonymous_25)
FNDA:0,(anonymous_26)
FNDA:0,swapSs
FNDA:0,(anonymous_28)
FNDA:0,(anonymous_29)
FNDA:0,(anonymous_30)
FNDA:0,(anonymous_31)
FNDA:0,(anonymous_32)
FNDA:0,(anonymous_33)
FNDA:0,(anonymous_34)
FNDA:0,(anonymous_35)
FNDA:0,(anonymous_36)
FNDA:0,(anonymous_37)
FNDA:0,(anonymous_38)
DA:1,13
DA:2,0
DA:10,0
DA:11,0
DA:12,0
DA:15,0
DA:16,0
DA:21,0
DA:23,0
DA:24,0
DA:27,0
DA:28,0
DA:29,0
DA:33,0
DA:34,0
DA:35,0
DA:38,0
DA:39,0
DA:40,0
DA:45,0
DA:46,0
DA:47,0
DA:48,0
DA:53,0
DA:54,0
DA:55,0
DA:59,0
DA:61,0
DA:63,0
DA:64,0
DA:68,0
DA:69,0
DA:71,0
DA:72,0
DA:73,0
DA:76,0
DA:78,0
DA:80,0
DA:84,0
DA:94,0
DA:95,0
DA:99,0
DA:101,0
DA:102,0
DA:107,0
DA:111,0
DA:118,0
DA:119,0
DA:120,0
DA:123,0
DA:124,0
DA:125,0
DA:129,0
DA:130,0
DA:135,0
DA:136,0
DA:137,0
DA:141,0
DA:143,0
DA:145,0
DA:146,0
DA:149,0
DA:150,0
DA:152,0
DA:157,0
DA:162,0
DA:163,0
DA:167,0
DA:169,0
DA:170,0
DA:175,0
DA:179,0
DA:185,0
DA:187,0
DA:189,0
DA:190,0
DA:194,0
DA:195,0
DA:196,0
DA:197,0
DA:198,0
DA:204,0
DA:207,0
DA:208,0
DA:213,0
DA:217,0
LF:86
LH:1
BRDA:28,0,0,0
BRDA:28,0,1,0
BRDA:47,1,0,0
BRDA:47,1,1,0
BRDA:63,2,0,0
BRDA:63,2,1,0
BRDA:63,3,0,0
BRDA:63,3,1,0
BRDA:145,4,0,0
BRDA:145,4,1,0
BRDA:145,5,0,0
BRDA:145,5,1,0
BRDA:196,6,0,0
BRDA:196,6,1,0
BRF:14
BRH:0
end_of_record
TN:
SF:build/js/controllers/admin/contexts.js
FN:3,(anonymous_0)
FN:6,(anonymous_1)
FN:17,(anonymous_2)
FN:21,(anonymous_3)
FN:26,(anonymous_4)
FN:32,(anonymous_5)
FN:35,(anonymous_6)
FN:39,(anonymous_7)
FN:45,(anonymous_8)
FN:53,swap
FN:69,(anonymous_10)
FN:74,(anonymous_11)
FN:75,(anonymous_12)
FN:78,(anonymous_13)
FN:82,(anonymous_14)
FN:87,(anonymous_15)
FN:91,(anonymous_16)
FN:92,(anonymous_17)
FN:97,(anonymous_18)
FN:98,swap
FN:108,(anonymous_20)
FN:109,(anonymous_21)
FN:111,(anonymous_22)
FN:114,(anonymous_23)
FN:121,(anonymous_24)
FNF:25
FNH:0
FNDA:0,(anonymous_0)
FNDA:0,(anonymous_1)
FNDA:0,(anonymous_2)
FNDA:0,(anonymous_3)
FNDA:0,(anonymous_4)
FNDA:0,(anonymous_5)
FNDA:0,(anonymous_6)
FNDA:0,(anonymous_7)
FNDA:0,(anonymous_8)
FNDA:0,swap
FNDA:0,(anonymous_10)
FNDA:0,(anonymous_11)
FNDA:0,(anonymous_12)
FNDA:0,(anonymous_13)
FNDA:0,(anonymous_14)
FNDA:0,(anonymous_15)
FNDA:0,(anonymous_16)
FNDA:0,(anonymous_17)
FNDA:0,(anonymous_18)
FNDA:0,swap
FNDA:0,(anonymous_20)
FNDA:0,(anonymous_21)
FNDA:0,(anonymous_22)
FNDA:0,(anonymous_23)
FNDA:0,(anonymous_24)
DA:1,13
DA:4,0
DA:6,0
DA:7,0
DA:8,0
DA:11,0
DA:13,0
DA:16,0
DA:17,0
DA:18,0
DA:21,0
DA:22,0
DA:23,0
DA:26,0
DA:27,0
DA:28,0
DA:33,0
DA:35,0
DA:36,0
DA:39,0
DA:40,0
DA:41,0
DA:45,0
DA:46,0
DA:47,0
DA:48,0
DA:49,0
DA:54,0
DA:56,0
DA:57,0
DA:58,0
DA:61,0
DA:62,0
DA:64,0
DA:69,0
DA:74,0
DA:75,0
DA:77,0
DA:78,0
DA:79,0
DA:82,0
DA:83,0
DA:84,0
DA:87,0
DA:88,0
DA:91,0
DA:92,0
DA:93,0
DA:99,0
DA:100,0
DA:101,0
DA:102,0
DA:103,0
DA:104,0
DA:108,0
DA:109,0
DA:112,0
DA:114,0
DA:115,0
DA:117,0
DA:118,0
DA:119,0
DA:121,0
DA:122,0
DA:123,0
LF:65
LH:1
BRDA:7,0,0,0
BRDA:7,0,1,0
BRDA:40,1,0,0
BRDA:40,1,1,0
BRDA:46,2,0,0
BRDA:46,2,1,0
BRDA:48,3,0,0
BRDA:48,3,1,0
BRDA:57,4,0,0
BRDA:57,4,1,0
BRDA:57,5,0,0
BRDA:57,5,1,0
BRDA:100,6,0,0
BRDA:100,6,1,0
BRDA:100,7,0,0
BRDA:100,7,1,0
BRF:16
BRH:0
end_of_record
TN:
SF:build/js/controllers/admin/fields.js
FN:2,(anonymous_0)
FN:17,(anonymous_1)
FN:21,(anonymous_2)
FN:25,(anonymous_3)
FN:29,(anonymous_4)
FN:33,(anonymous_5)
FN:45,(anonymous_6)
FN:57,(anonymous_7)
FN:58,(anonymous_8)
FN:64,(anonymous_9)
FN:69,(anonymous_10)
FN:74,(anonymous_11)
FN:91,swapOption
FN:102,(anonymous_13)
FN:103,(anonymous_14)
FN:105,(anonymous_15)
FN:109,(anonymous_16)
FN:113,(anonymous_17)
FN:121,(anonymous_18)
FN:126,(anonymous_19)
FN:131,(anonymous_20)
FN:136,(anonymous_21)
FN:141,(anonymous_22)
FN:153,(anonymous_23)
FN:159,(anonymous_24)
FN:165,(anonymous_25)
FN:174,(anonymous_26)
FN:180,(anonymous_27)
FN:184,(anonymous_28)
FN:188,(anonymous_29)
FN:189,(anonymous_30)
FN:193,(anonymous_31)
FN:200,(anonymous_32)
FN:204,(anonymous_33)
FN:209,(anonymous_34)
FN:216,(anonymous_35)
FN:220,(anonymous_36)
FN:221,(anonymous_37)
FN:227,(anonymous_38)
FN:234,(anonymous_39)
FN:237,(anonymous_40)
FN:243,(anonymous_41)
FNF:42
FNH:0
FNDA:0,(anonymous_0)
FNDA:0,(anonymous_1)
FNDA:0,(anonymous_2)
FNDA:0,(anonymous_3)
FNDA:0,(anonymous_4)
FNDA:0,(anonymous_5)
FNDA:0,(anonymous_6)
FNDA:0,(anonymous_7)
FNDA:0,(anonymous_8)
FNDA:0,(anonymous_9)
FNDA:0,(anonymous_10)
FNDA:0,(anonymous_11)
FNDA:0,swapOption
FNDA:0,(anonymous_13)
FNDA:0,(anonymous_14)
FNDA:0,(anonymous_15)
FNDA:0,(anonymous_16)
FNDA:0,(anonymous_17)
FNDA:0,(anonymous_18)
FNDA:0,(anonymous_19)
FNDA:0,(anonymous_20)
FNDA:0,(anonymous_21)
FNDA:0,(anonymous_22)
FNDA:0,(anonymous_23)
FNDA:0,(anonymous_24)
FNDA:0,(anonymous_25)
FNDA:0,(anonymous_26)
FNDA:0,(anonymous_27)
FNDA:0,(anonymous_28)
FNDA:0,(anonymous_29)
FNDA:0,(anonymous_30)
FNDA:0,(anonymous_31)
FNDA:0,(anonymous_32)
FNDA:0,(anonymous_33)
FNDA:0,(anonymous_34)
FNDA:0,(anonymous_35)
FNDA:0,(anonymous_36)
FNDA:0,(anonymous_37)
FNDA:0,(anonymous_38)
FNDA:0,(anonymous_39)
FNDA:0,(anonymous_40)
FNDA:0,(anonymous_41)
DA:1,13
DA:3,0
DA:5,0
DA:6,0
DA:8,0
DA:9,0
DA:11,0
DA:12,0
DA:15,0
DA:17,0
DA:18,0
DA:21,0
DA:22,0
DA:25,0
DA:26,0
DA:29,0
DA:30,0
DA:33,0
DA:34,0
DA:35,0
DA:38,0
DA:39,0
DA:42,0
DA:45,0
DA:46,0
DA:47,0
DA:50,0
DA:51,0
DA:54,0
DA:57,0
DA:58,0
DA:59,0
DA:63,0
DA:64,0
DA:65,0
DA:66,0
DA:69,0
DA:70,0
DA:71,0
DA:74,0
DA:75,0
DA:86,0
DA:88,0
DA:92,0
DA:93,0
DA:94,0
DA:96,0
DA:97,0
DA:98,0
DA:99,0
DA:102,0
DA:103,0
DA:105,0
DA:106,0
DA:109,0
DA:110,0
DA:113,0
DA:114,0
DA:116,0
DA:118,0
DA:121,0
DA:122,0
DA:123,0
DA:126,0
DA:127,0
DA:128,0
DA:131,0
DA:132,0
DA:133,0
DA:136,0
DA:137,0
DA:138,0
DA:141,0
DA:142,0
DA:143,0
DA:144,0
DA:145,0
DA:147,0
DA:149,0
DA:150,0
DA:153,0
DA:154,0
DA:155,0
DA:159,0
DA:160,0
DA:161,0
DA:162,0
DA:163,0
DA:165,0
DA:166,0
DA:167,0
DA:171,0
DA:172,0
DA:174,0
DA:175,0
DA:176,0
DA:177,0
DA:180,0
DA:181,0
DA:184,0
DA:185,0
DA:188,0
DA:189,0
DA:190,0
DA:193,0
DA:194,0
DA:197,0
DA:200,0
DA:201,0
DA:204,0
DA:205,0
DA:210,0
DA:217,0
DA:218,0
DA:220,0
DA:221,0
DA:222,0
DA:228,0
DA:235,0
DA:237,0
DA:238,0
DA:239,0
DA:240,0
DA:241,0
DA:243,0
DA:244,0
DA:245,0
LF:127
LH:1
BRDA:11,0,0,0
BRDA:11,0,1,0
BRDA:34,1,0,0
BRDA:34,1,1,0
BRDA:38,2,0,0
BRDA:38,2,1,0
BRDA:46,3,0,0
BRDA:46,3,1,0
BRDA:50,4,0,0
BRDA:50,4,1,0
BRDA:93,5,0,0
BRDA:93,5,1,0
BRDA:93,6,0,0
BRDA:93,6,1,0
BRDA:149,7,0,0
BRDA:149,7,1,0
BRDA:238,8,0,0
BRDA:238,8,1,0
BRF:18
BRH:0
end_of_record
TN:
SF:build/js/controllers/admin/home.js
FN:2,(anonymous_0)
FN:3,(anonymous_1)
FN:4,(anonymous_2)
FN:7,(anonymous_3)
FN:13,(anonymous_4)
FN:22,(anonymous_5)
FNF:6
FNH:2
FNDA:1,(anonymous_0)
FNDA:0,(anonymous_1)
FNDA:0,(anonymous_2)
FNDA:0,(anonymous_3)
FNDA:0,(anonymous_4)
FNDA:1,(anonymous_5)
DA:1,13
DA:3,1
DA:4,0
DA:7,1
DA:8,0
DA:9,0
DA:12,0
DA:13,0
DA:14,0
DA:15,0
DA:19,0
DA:22,1
DA:23,1
DA:25,1
DA:26,0
DA:29,1
DA:30,1
DA:31,0
DA:35,1
LF:19
LH:9
BRDA:8,0,0,0
BRDA:8,0,1,0
BRDA:14,1,0,0
BRDA:14,1,1,0
BRDA:25,2,0,0
BRDA:25,2,1,1
BRDA:30,3,0,0
BRDA:30,3,1,1
BRDA:30,4,0,1
BRDA:30,4,1,0
BRF:10
BRH:3
end_of_record
TN:
SF:build/js/controllers/admin/network.js
FN:2,(anonymous_0)
FN:22,(anonymous_1)
FN:28,(anonymous_2)
FN:34,(anonymous_3)
FN:41,(anonymous_4)
FN:45,(anonymous_5)
FN:49,(anonymous_6)
FN:84,(anonymous_7)
FN:108,(anonymous_8)
FN:112,(anonymous_9)
FN:113,(anonymous_10)
FN:119,(anonymous_11)
FN:125,(anonymous_12)
FN:125,(anonymous_13)
FN:131,(anonymous_14)
FN:134,(anonymous_15)
FN:139,(anonymous_16)
FN:143,(anonymous_17)
FN:149,(anonymous_18)
FN:150,(anonymous_19)
FN:155,(anonymous_20)
FN:161,(anonymous_21)
FN:161,(anonymous_22)
FN:168,(anonymous_23)
FN:169,(anonymous_24)
FN:172,(anonymous_25)
FNF:26
FNH:0
FNDA:0,(anonymous_0)
FNDA:0,(anonymous_1)
FNDA:0,(anonymous_2)
FNDA:0,(anonymous_3)
FNDA:0,(anonymous_4)
FNDA:0,(anonymous_5)
FNDA:0,(anonymous_6)
FNDA:0,(anonymous_7)
FNDA:0,(anonymous_8)
FNDA:0,(anonymous_9)
FNDA:0,(anonymous_10)
FNDA:0,(anonymous_11)
FNDA:0,(anonymous_12)
FNDA:0,(anonymous_13)
FNDA:0,(anonymous_14)
FNDA:0,(anonymous_15)
FNDA:0,(anonymous_16)
FNDA:0,(anonymous_17)
FNDA:0,(anonymous_18)
FNDA:0,(anonymous_19)
FNDA:0,(anonymous_20)
FNDA:0,(anonymous_21)
FNDA:0,(anonymous_22)
FNDA:0,(anonymous_23)
FNDA:0,(anonymous_24)
FNDA:0,(anonymous_25)
DA:1,26
DA:3,0
DA:22,0
DA:23,0
DA:26,0
DA:28,0
DA:29,0
DA:31,0
DA:32,0
DA:34,0
DA:35,0
DA:36,0
DA:42,0
DA:43,0
DA:45,0
DA:46,0
DA:49,0
DA:50,0
DA:52,0
DA:54,0
DA:55,0
DA:56,0
DA:59,0
DA:60,0
DA:63,0
DA:64,0
DA:66,0
DA:69,0
DA:72,0
DA:73,0
DA:74,0
DA:75,0
DA:76,0
DA:79,0
DA:82,0
DA:84,0
DA:85,0
DA:88,0
DA:95,0
DA:104,0
DA:108,0
DA:109,0
DA:112,0
DA:113,0
DA:114,0
DA:115,0
DA:119,0
DA:120,0
DA:125,0
DA:131,0
DA:132,0
DA:133,0
DA:135,0
DA:139,0
DA:140,0
DA:141,0
DA:143,0
DA:144,0
DA:149,0
DA:150,0
DA:151,0
DA:155,0
DA:156,0
DA:161,0
DA:169,0
DA:170,0
DA:173,0
LF:67
LH:1
BRDA:54,0,0,0
BRDA:54,0,1,0
BRDA:55,1,0,0
BRDA:55,1,1,0
BRDA:59,2,0,0
BRDA:59,2,1,0
BRDA:63,3,0,0
BRDA:63,3,1,0
BRDA:66,4,0,0
BRDA:66,4,1,0
BRDA:66,5,0,0
BRDA:66,5,1,0
BRDA:66,5,2,0
BRDA:72,6,0,0
BRDA:72,6,1,0
BRDA:75,7,0,0
BRDA:75,7,1,0
BRDA:140,8,0,0
BRDA:140,8,1,0
BRF:19
BRH:0
end_of_record
TN:
SF:build/js/controllers/admin/notifications.js
FN:3,(anonymous_0)
FN:16,(anonymous_1)
FN:18,(anonymous_2)
FN:18,(anonymous_3)
FNF:4
FNH:0
FNDA:0,(anonymous_0)
FNDA:0,(anonymous_1)
FNDA:0,(anonymous_2)
FNDA:0,(anonymous_3)
DA:1,13
DA:5,0
DA:16,0
DA:17,0
DA:18,0
LF:5
LH:1
BRF:0
BRH:0
end_of_record
TN:
SF:build/js/controllers/admin/questionnaires.js
FN:3,(anonymous_0)
FN:18,(anonymous_1)
FN:23,(anonymous_2)
FN:27,(anonymous_3)
FN:28,(anonymous_4)
FN:34,(anonymous_5)
FN:39,(anonymous_6)
FN:45,(anonymous_7)
FN:46,(anonymous_8)
FN:52,(anonymous_9)
FN:56,(anonymous_10)
FN:61,(anonymous_11)
FN:67,(anonymous_12)
FN:68,(anonymous_13)
FN:73,(anonymous_14)
FN:78,(anonymous_15)
FN:81,(anonymous_16)
FN:88,(anonymous_17)
FN:93,(anonymous_18)
FN:98,(anonymous_19)
FN:101,(anonymous_20)
FN:106,(anonymous_21)
FN:114,(anonymous_22)
FN:118,(anonymous_23)
FN:122,(anonymous_24)
FN:132,(anonymous_25)
FNF:26
FNH:0
FNDA:0,(anonymous_0)
FNDA:0,(anonymous_1)
FNDA:0,(anonymous_2)
FNDA:0,(anonymous_3)
FNDA:0,(anonymous_4)
FNDA:0,(anonymous_5)
FNDA:0,(anonymous_6)
FNDA:0,(anonymous_7)
FNDA:0,(anonymous_8)
FNDA:0,(anonymous_9)
FNDA:0,(anonymous_10)
FNDA:0,(anonymous_11)
FNDA:0,(anonymous_12)
FNDA:0,(anonymous_13)
FNDA:0,(anonymous_14)
FNDA:0,(anonymous_15)
FNDA:0,(anonymous_16)
FNDA:0,(anonymous_17)
FNDA:0,(anonymous_18)
FNDA:0,(anonymous_19)
FNDA:0,(anonymous_20)
FNDA:0,(anonymous_21)
FNDA:0,(anonymous_22)
FNDA:0,(anonymous_23)
FNDA:0,(anonymous_24)
FNDA:0,(anonymous_25)
DA:1,13
DA:4,0
DA:15,0
DA:17,0
DA:18,0
DA:19,0
DA:22,0
DA:23,0
DA:24,0
DA:27,0
DA:28,0
DA:29,0
DA:35,0
DA:39,0
DA:40,0
DA:42,0
DA:45,0
DA:46,0
DA:47,0
DA:54,0
DA:56,0
DA:57,0
DA:60,0
DA:61,0
DA:62,0
DA:65,0
DA:67,0
DA:68,0
DA:69,0
DA:73,0
DA:74,0
DA:79,0
DA:82,0
DA:88,0
DA:89,0
DA:94,0
DA:99,0
DA:101,0
DA:102,0
DA:104,0
DA:106,0
DA:107,0
DA:108,0
DA:115,0
DA:116,0
DA:118,0
DA:119,0
DA:122,0
DA:123,0
DA:125,0
DA:126,0
DA:133,0
LF:52
LH:1
BRDA:57,0,0,0
BRDA:57,0,1,0
BRDA:125,1,0,0
BRDA:125,1,1,0
BRF:4
BRH:0
end_of_record
TN:
SF:build/js/controllers/admin/settings.js
FN:2,(anonymous_0)
FN:53,(anonymous_1)
FN:57,(anonymous_2)
FN:61,(anonymous_3)
FN:65,(anonymous_4)
FN:70,(anonymous_5)
FN:76,(anonymous_6)
FN:102,(anonymous_7)
FN:103,(anonymous_8)
FN:108,(anonymous_9)
FN:109,(anonymous_10)
FN:116,(anonymous_11)
FN:117,(anonymous_12)
FN:122,(anonymous_13)
FN:128,(anonymous_14)
FN:130,(anonymous_15)
FN:133,(anonymous_16)
FN:136,(anonymous_17)
FN:141,(anonymous_18)
FN:145,(anonymous_19)
FN:148,(anonymous_20)
FN:152,(anonymous_21)
FN:157,(anonymous_22)
FN:160,(anonymous_23)
FN:164,(anonymous_24)
FN:167,(anonymous_25)
FNF:26
FNH:0
FNDA:0,(anonymous_0)
FNDA:0,(anonymous_1)
FNDA:0,(anonymous_2)
FNDA:0,(anonymous_3)
FNDA:0,(anonymous_4)
FNDA:0,(anonymous_5)
FNDA:0,(anonymous_6)
FNDA:0,(anonymous_7)
FNDA:0,(anonymous_8)
FNDA:0,(anonymous_9)
FNDA:0,(anonymous_10)
FNDA:0,(anonymous_11)
FNDA:0,(anonymous_12)
FNDA:0,(anonymous_13)
FNDA:0,(anonymous_14)
FNDA:0,(anonymous_15)
FNDA:0,(anonymous_16)
FNDA:0,(anonymous_17)
FNDA:0,(anonymous_18)
FNDA:0,(anonymous_19)
FNDA:0,(anonymous_20)
FNDA:0,(anonymous_21)
FNDA:0,(anonymous_22)
FNDA:0,(anonymous_23)
FNDA:0,(anonymous_24)
FNDA:0,(anonymous_25)
DA:1,13
DA:3,0
DA:10,0
[...]
FNF:0
FNH:0
LF:0
LH:0
BRF:0
BRH:0
end_of_record
TN:
SF:build/lib/js/locale/angular-locale_ru-ru.js
FNF:0
FNH:0
LF:0
LH:0
BRF:0
BRH:0
end_of_record
TN:
SF:build/lib/js/locale/angular-locale_ru-ua.js
FNF:0
FNH:0
LF:0
LH:0
BRF:0
BRH:0
end_of_record
TN:
SF:build/lib/js/locale/angular-locale_ru.js
FNF:0
FNH:0
LF:0
LH:0
BRF:0
BRH:0
end_of_record
TN:
SF:build/lib/js/locale/angular-locale_rw-rw.js
FNF:0
FNH:0
LF:0
LH:0
BRF:0
BRH:0
end_of_record
TN:
SF:build/lib/js/locale/angular-locale_rw.js
FNF:0
FNH:0
LF:0
LH:0
BRF:0
BRH:0
end_of_record
TN:
SF:build/lib/js/locale/angular-locale_rwk-tz.js
FNF:0
FNH:0
LF:0
LH:0
BRF:0
BRH:0
end_of_record
TN:
SF:build/lib/js/locale/angular-locale_rwk.js
FNF:0
FNH:0
LF:0
LH:0
BRF:0
BRH:0
end_of_record
TN:
SF:build/lib/js/locale/angular-locale_sah-ru.js
FNF:0
FNH:0
LF:0
LH:0
BRF:0
BRH:0
end_of_record
TN:
SF:build/lib/js/locale/angular-locale_sah.js
FNF:0
FNH:0
LF:0
LH:0
BRF:0
BRH:0
end_of_record
TN:
SF:build/lib/js/locale/angular-locale_saq-ke.js
FNF:0
FNH:0
LF:0
LH:0
BRF:0
BRH:0
end_of_record
TN:
SF:build/lib/js/locale/angular-locale_saq.js
FNF:0
FNH:0
LF:0
LH:0
BRF:0
BRH:0
end_of_record
TN:
SF:build/lib/js/locale/angular-locale_sbp-tz.js
FNF:0
FNH:0
LF:0
LH:0
BRF:0
BRH:0
end_of_record
TN:
SF:build/lib/js/locale/angular-locale_sbp.js
FNF:0
FNH:0
LF:0
LH:0
BRF:0
BRH:0
end_of_record
TN:
SF:build/lib/js/locale/angular-locale_se-fi.js
FNF:0
FNH:0
LF:0
LH:0
BRF:0
BRH:0
end_of_record
TN:
SF:build/lib/js/locale/angular-locale_se-no.js
FNF:0
FNH:0
LF:0
LH:0
BRF:0
BRH:0
end_of_record
TN:
SF:build/lib/js/locale/angular-locale_se-se.js
FNF:0
FNH:0
LF:0
LH:0
BRF:0
BRH:0
end_of_record
TN:
SF:build/lib/js/locale/angular-locale_se.js
FNF:0
FNH:0
LF:0
LH:0
BRF:0
BRH:0
end_of_record
TN:
SF:build/lib/js/locale/angular-locale_seh-mz.js
FNF:0
FNH:0
LF:0
LH:0
BRF:0
BRH:0
end_of_record
TN:
SF:build/lib/js/locale/angular-locale_seh.js
FNF:0
FNH:0
LF:0
LH:0
BRF:0
BRH:0
end_of_record
TN:
SF:build/lib/js/locale/angular-locale_ses-ml.js
FNF:0
FNH:0
LF:0
LH:0
BRF:0
BRH:0
end_of_record
TN:
SF:build/lib/js/locale/angular-locale_ses.js
FNF:0
FNH:0
LF:0
LH:0
BRF:0
BRH:0
end_of_record
TN:
SF:build/lib/js/locale/angular-locale_sg-cf.js
FNF:0
FNH:0
LF:0
LH:0
BRF:0
BRH:0
end_of_record
TN:
SF:build/lib/js/locale/angular-locale_sg.js
FNF:0
FNH:0
LF:0
LH:0
BRF:0
BRH:0
end_of_record
TN:
SF:build/lib/js/locale/angular-locale_sh.js
FNF:0
FNH:0
LF:0
LH:0
BRF:0
BRH:0
end_of_record
TN:
SF:build/lib/js/locale/angular-locale_shi-latn-ma.js
FNF:0
FNH:0
LF:0
LH:0
BRF:0
BRH:0
end_of_record
TN:
SF:build/lib/js/locale/angular-locale_shi-latn.js
FNF:0
FNH:0
LF:0
LH:0
BRF:0
BRH:0
end_of_record
TN:
SF:build/lib/js/locale/angular-locale_shi-tfng-ma.js
FNF:0
FNH:0
LF:0
LH:0
BRF:0
BRH:0
end_of_record
TN:
SF:build/lib/js/locale/angular-locale_shi-tfng.js
FNF:0
FNH:0
LF:0
LH:0
BRF:0
BRH:0
end_of_record
TN:
SF:build/lib/js/locale/angular-locale_shi.js
FNF:0
FNH:0
LF:0
LH:0
BRF:0
BRH:0
end_of_record
TN:
SF:build/lib/js/locale/angular-locale_si-lk.js
FNF:0
FNH:0
LF:0
LH:0
BRF:0
BRH:0
end_of_record
TN:
SF:build/lib/js/locale/angular-locale_si.js
FNF:0
FNH:0
LF:0
LH:0
BRF:0
BRH:0
end_of_record
TN:
SF:build/lib/js/locale/angular-locale_sk-sk.js
FNF:0
FNH:0
LF:0
LH:0
BRF:0
BRH:0
end_of_record
TN:
SF:build/lib/js/locale/angular-locale_sk.js
FNF:0
FNH:0
LF:0
LH:0
BRF:0
BRH:0
end_of_record
TN:
SF:build/lib/js/locale/angular-locale_sl-si.js
FNF:0
FNH:0
LF:0
LH:0
BRF:0
BRH:0
end_of_record
TN:
SF:build/lib/js/locale/angular-locale_sl.js
FNF:0
FNH:0
LF:0
LH:0
BRF:0
BRH:0
end_of_record
TN:
SF:build/lib/js/locale/angular-locale_smn-fi.js
FNF:0
FNH:0
LF:0
LH:0
BRF:0
BRH:0
end_of_record
TN:
SF:build/lib/js/locale/angular-locale_smn.js
FNF:0
FNH:0
LF:0
LH:0
BRF:0
BRH:0
end_of_record
TN:
SF:build/lib/js/locale/angular-locale_sn-zw.js
FNF:0
FNH:0
LF:0
LH:0
BRF:0
BRH:0
end_of_record
TN:
SF:build/lib/js/locale/angular-locale_sn.js
FNF:0
FNH:0
LF:0
LH:0
BRF:0
BRH:0
end_of_record
TN:
SF:build/lib/js/locale/angular-locale_so-dj.js
FNF:0
FNH:0
LF:0
LH:0
BRF:0
BRH:0
end_of_record
TN:
SF:build/lib/js/locale/angular-locale_so-et.js
FNF:0
FNH:0
LF:0
LH:0
BRF:0
BRH:0
end_of_record
TN:
SF:build/lib/js/locale/angular-locale_so-ke.js
FNF:0
FNH:0
LF:0
LH:0
BRF:0
BRH:0
end_of_record
TN:
SF:build/lib/js/locale/angular-locale_so-so.js
FNF:0
FNH:0
LF:0
LH:0
BRF:0
BRH:0
end_of_record
TN:
SF:build/lib/js/locale/angular-locale_so.js
FNF:0
FNH:0
LF:0
LH:0
BRF:0
BRH:0
end_of_record
TN:
SF:build/lib/js/locale/angular-locale_sq-al.js
FNF:0
FNH:0
LF:0
LH:0
BRF:0
BRH:0
end_of_record
TN:
SF:build/lib/js/locale/angular-locale_sq-mk.js
FNF:0
FNH:0
LF:0
LH:0
BRF:0
BRH:0
end_of_record
TN:
SF:build/lib/js/locale/angular-locale_sq-xk.js
FNF:0
FNH:0
LF:0
LH:0
BRF:0
BRH:0
end_of_record
TN:
SF:build/lib/js/locale/angular-locale_sq.js
FNF:0
FNH:0
LF:0
LH:0
BRF:0
BRH:0
end_of_record
TN:
SF:build/lib/js/locale/angular-locale_sr-cyrl-ba.js
FNF:0
FNH:0
LF:0
LH:0
BRF:0
BRH:0
end_of_record
TN:
SF:build/lib/js/locale/angular-locale_sr-cyrl-me.js
FNF:0
FNH:0
LF:0
LH:0
BRF:0
BRH:0
end_of_record
TN:
SF:build/lib/js/locale/angular-locale_sr-cyrl-rs.js
FNF:0
FNH:0
LF:0
LH:0
BRF:0
BRH:0
end_of_record
TN:
SF:build/lib/js/locale/angular-locale_sr-cyrl-xk.js
FNF:0
FNH:0
LF:0
LH:0
BRF:0
BRH:0
end_of_record
TN:
SF:build/lib/js/locale/angular-locale_sr-cyrl.js
FNF:0
FNH:0
LF:0
LH:0
BRF:0
BRH:0
end_of_record
TN:
SF:build/lib/js/locale/angular-locale_sr-latn-ba.js
FNF:0
FNH:0
LF:0
LH:0
BRF:0
BRH:0
end_of_record
TN:
SF:build/lib/js/locale/angular-locale_sr-latn-me.js
FNF:0
FNH:0
LF:0
LH:0
BRF:0
BRH:0
end_of_record
TN:
SF:build/lib/js/locale/angular-locale_sr-latn-rs.js
FNF:0
FNH:0
LF:0
LH:0
BRF:0
BRH:0
end_of_record
TN:
SF:build/lib/js/locale/angular-locale_sr-latn-xk.js
FNF:0
FNH:0
LF:0
LH:0
BRF:0
BRH:0
end_of_record
TN:
SF:build/lib/js/locale/angular-locale_sr-latn.js
FNF:0
FNH:0
LF:0
LH:0
BRF:0
BRH:0
end_of_record
TN:
SF:build/lib/js/locale/angular-locale_sr.js
FNF:0
FNH:0
LF:0
LH:0
BRF:0
BRH:0
end_of_record
TN:
SF:build/lib/js/locale/angular-locale_ss-sz.js
FNF:0
FNH:0
LF:0
LH:0
BRF:0
BRH:0
end_of_record
TN:
SF:build/lib/js/locale/angular-locale_ss-za.js
FNF:0
FNH:0
LF:0
LH:0
BRF:0
BRH:0
end_of_record
TN:
SF:build/lib/js/locale/angular-locale_ss.js
FNF:0
FNH:0
LF:0
LH:0
BRF:0
BRH:0
end_of_record
TN:
SF:build/lib/js/locale/angular-locale_ssy-er.js
FNF:0
FNH:0
LF:0
LH:0
BRF:0
BRH:0
end_of_record
TN:
SF:build/lib/js/locale/angular-locale_ssy.js
FNF:0
FNH:0
LF:0
LH:0
BRF:0
BRH:0
end_of_record
TN:
SF:build/lib/js/locale/angular-locale_st-ls.js
FNF:0
FNH:0
LF:0
LH:0
BRF:0
BRH:0
end_of_record
TN:
SF:build/lib/js/locale/angular-locale_st-za.js
FNF:0
FNH:0
LF:0
LH:0
BRF:0
BRH:0
end_of_record
TN:
SF:build/lib/js/locale/angular-locale_st.js
FNF:0
FNH:0
LF:0
LH:0
BRF:0
BRH:0
end_of_record
TN:
SF:build/lib/js/locale/angular-locale_sv-ax.js
FNF:0
FNH:0
LF:0
LH:0
BRF:0
BRH:0
end_of_record
TN:
SF:build/lib/js/locale/angular-locale_sv-fi.js
FNF:0
FNH:0
LF:0
LH:0
BRF:0
BRH:0
end_of_record
TN:
SF:build/lib/js/locale/angular-locale_sv-se.js
FNF:0
FNH:0
LF:0
LH:0
BRF:0
BRH:0
end_of_record
TN:
SF:build/lib/js/locale/angular-locale_sv.js
FNF:0
FNH:0
LF:0
LH:0
BRF:0
BRH:0
end_of_record
TN:
SF:build/lib/js/locale/angular-locale_sw-cd.js
FNF:0
FNH:0
LF:0
LH:0
BRF:0
BRH:0
end_of_record
TN:
SF:build/lib/js/locale/angular-locale_sw-ke.js
FNF:0
FNH:0
LF:0
LH:0
BRF:0
BRH:0
end_of_record
TN:
SF:build/lib/js/locale/angular-locale_sw-tz.js
FNF:0
FNH:0
LF:0
LH:0
BRF:0
BRH:0
end_of_record
TN:
SF:build/lib/js/locale/angular-locale_sw-ug.js
FNF:0
FNH:0
LF:0
LH:0
BRF:0
BRH:0
end_of_record
TN:
SF:build/lib/js/locale/angular-locale_sw.js
FNF:0
FNH:0
LF:0
LH:0
BRF:0
BRH:0
end_of_record
TN:
SF:build/lib/js/locale/angular-locale_swc-cd.js
FNF:0
FNH:0
LF:0
LH:0
BRF:0
BRH:0
end_of_record
TN:
SF:build/lib/js/locale/angular-locale_swc.js
FNF:0
FNH:0
LF:0
LH:0
BRF:0
BRH:0
end_of_record
TN:
SF:build/lib/js/locale/angular-locale_ta-in.js
FNF:0
FNH:0
LF:0
LH:0
BRF:0
BRH:0
end_of_record
TN:
SF:build/lib/js/locale/angular-locale_ta-lk.js
FNF:0
FNH:0
LF:0
LH:0
BRF:0
BRH:0
end_of_record
TN:
SF:build/lib/js/locale/angular-locale_ta-my.js
FNF:0
FNH:0
LF:0
LH:0
BRF:0
BRH:0
end_of_record
TN:
SF:build/lib/js/locale/angular-locale_ta-sg.js
FNF:0
FNH:0
LF:0
LH:0
BRF:0
BRH:0
end_of_record
TN:
SF:build/lib/js/locale/angular-locale_ta.js
FNF:0
FNH:0
LF:0
LH:0
BRF:0
BRH:0
end_of_record
TN:
SF:build/lib/js/locale/angular-locale_te-in.js
FNF:0
FNH:0
LF:0
LH:0
BRF:0
BRH:0
end_of_record
TN:
SF:build/lib/js/locale/angular-locale_te.js
FNF:0
FNH:0
LF:0
LH:0
BRF:0
BRH:0
end_of_record
TN:
SF:build/lib/js/locale/angular-locale_teo-ke.js
FNF:0
FNH:0
LF:0
LH:0
BRF:0
BRH:0
end_of_record
TN:
SF:build/lib/js/locale/angular-locale_teo-ug.js
FNF:0
FNH:0
LF:0
LH:0
BRF:0
BRH:0
end_of_record
TN:
SF:build/lib/js/locale/angular-locale_teo.js
FNF:0
FNH:0
LF:0
LH:0
BRF:0
BRH:0
end_of_record
TN:
SF:build/lib/js/locale/angular-locale_tg-cyrl-tj.js
FNF:0
FNH:0
LF:0
LH:0
BRF:0
BRH:0
end_of_record
TN:
SF:build/lib/js/locale/angular-locale_tg-cyrl.js
FNF:0
FNH:0
LF:0
LH:0
BRF:0
BRH:0
end_of_record
TN:
SF:build/lib/js/locale/angular-locale_tg.js
FNF:0
FNH:0
LF:0
LH:0
BRF:0
BRH:0
end_of_record
TN:
SF:build/lib/js/locale/angular-locale_th-th.js
FNF:0
FNH:0
LF:0
LH:0
BRF:0
BRH:0
end_of_record
TN:
SF:build/lib/js/locale/angular-locale_th.js
FNF:0
FNH:0
LF:0
LH:0
BRF:0
BRH:0
end_of_record
TN:
SF:build/lib/js/locale/angular-locale_ti-er.js
FNF:0
FNH:0
LF:0
LH:0
BRF:0
BRH:0
end_of_record
TN:
SF:build/lib/js/locale/angular-locale_ti-et.js
FNF:0
FNH:0
LF:0
LH:0
BRF:0
BRH:0
end_of_record
TN:
SF:build/lib/js/locale/angular-locale_ti.js
FNF:0
FNH:0
LF:0
LH:0
BRF:0
BRH:0
end_of_record
TN:
SF:build/lib/js/locale/angular-locale_tig-er.js
FNF:0
FNH:0
LF:0
LH:0
BRF:0
BRH:0
end_of_record
TN:
SF:build/lib/js/locale/angular-locale_tig.js
FNF:0
FNH:0
LF:0
LH:0
BRF:0
BRH:0
end_of_record
TN:
SF:build/lib/js/locale/angular-locale_tk-tm.js
FNF:0
FNH:0
LF:0
LH:0
BRF:0
BRH:0
end_of_record
TN:
SF:build/lib/js/locale/angular-locale_tk.js
FNF:0
FNH:0
LF:0
LH:0
BRF:0
BRH:0
end_of_record
TN:
SF:build/lib/js/locale/angular-locale_tl.js
FNF:0
FNH:0
LF:0
LH:0
BRF:0
BRH:0
end_of_record
TN:
SF:build/lib/js/locale/angular-locale_tn-bw.js
FNF:0
FNH:0
LF:0
LH:0
BRF:0
BRH:0
end_of_record
TN:
SF:build/lib/js/locale/angular-locale_tn-za.js
FNF:0
FNH:0
LF:0
LH:0
BRF:0
BRH:0
end_of_record
TN:
SF:build/lib/js/locale/angular-locale_tn.js
FNF:0
FNH:0
LF:0
LH:0
BRF:0
BRH:0
end_of_record
TN:
SF:build/lib/js/locale/angular-locale_to-to.js
FNF:0
FNH:0
LF:0
LH:0
BRF:0
BRH:0
end_of_record
TN:
SF:build/lib/js/locale/angular-locale_to.js
FNF:0
FNH:0
LF:0
LH:0
BRF:0
BRH:0
end_of_record
TN:
SF:build/lib/js/locale/angular-locale_tr-cy.js
FNF:0
FNH:0
LF:0
LH:0
BRF:0
BRH:0
end_of_record
TN:
SF:build/lib/js/locale/angular-locale_tr-tr.js
FNF:0
FNH:0
LF:0
LH:0
BRF:0
BRH:0
end_of_record
TN:
SF:build/lib/js/locale/angular-locale_tr.js
FNF:0
FNH:0
LF:0
LH:0
BRF:0
BRH:0
end_of_record
TN:
SF:build/lib/js/locale/angular-locale_ts-za.js
FNF:0
FNH:0
LF:0
LH:0
BRF:0
BRH:0
end_of_record
TN:
SF:build/lib/js/locale/angular-locale_ts.js
FNF:0
FNH:0
LF:0
LH:0
BRF:0
BRH:0
end_of_record
TN:
SF:build/lib/js/locale/angular-locale_twq-ne.js
FNF:0
FNH:0
LF:0
LH:0
BRF:0
BRH:0
end_of_record
TN:
SF:build/lib/js/locale/angular-locale_twq.js
FNF:0
FNH:0
LF:0
LH:0
BRF:0
BRH:0
end_of_record
TN:
SF:build/lib/js/locale/angular-locale_tzm-latn-ma.js
FNF:0
FNH:0
LF:0
LH:0
BRF:0
BRH:0
end_of_record
TN:
SF:build/lib/js/locale/angular-locale_tzm-latn.js
FNF:0
FNH:0
LF:0
LH:0
BRF:0
BRH:0
end_of_record
TN:
SF:build/lib/js/locale/angular-locale_tzm-ma.js
FNF:0
FNH:0
LF:0
LH:0
BRF:0
BRH:0
end_of_record
TN:
SF:build/lib/js/locale/angular-locale_tzm.js
FNF:0
FNH:0
LF:0
LH:0
BRF:0
BRH:0
end_of_record
TN:
SF:build/lib/js/locale/angular-locale_ug-arab-cn.js
FNF:0
FNH:0
LF:0
LH:0
BRF:0
BRH:0
end_of_record
TN:
SF:build/lib/js/locale/angular-locale_ug-arab.js
FNF:0
FNH:0
LF:0
LH:0
BRF:0
BRH:0
end_of_record
TN:
SF:build/lib/js/locale/angular-locale_ug-cn.js
FNF:0
FNH:0
LF:0
LH:0
BRF:0
BRH:0
end_of_record
TN:
SF:build/lib/js/locale/angular-locale_ug.js
FNF:0
FNH:0
LF:0
LH:0
BRF:0
BRH:0
end_of_record
TN:
SF:build/lib/js/locale/angular-locale_uk-ua.js
FNF:0
FNH:0
LF:0
LH:0
BRF:0
BRH:0
end_of_record
TN:
SF:build/lib/js/locale/angular-locale_uk.js
FNF:0
FNH:0
LF:0
LH:0
BRF:0
BRH:0
end_of_record
TN:
SF:build/lib/js/locale/angular-locale_ur-in.js
FNF:0
FNH:0
LF:0
LH:0
BRF:0
BRH:0
end_of_record
TN:
SF:build/lib/js/locale/angular-locale_ur-pk.js
FNF:0
FNH:0
LF:0
LH:0
BRF:0
BRH:0
end_of_record
TN:
SF:build/lib/js/locale/angular-locale_ur.js
FNF:0
FNH:0
LF:0
LH:0
BRF:0
BRH:0
end_of_record
TN:
SF:build/lib/js/locale/angular-locale_uz-arab-af.js
FNF:0
FNH:0
LF:0
LH:0
BRF:0
BRH:0
end_of_record
TN:
SF:build/lib/js/locale/angular-locale_uz-arab.js
FNF:0
FNH:0
LF:0
LH:0
BRF:0
BRH:0
end_of_record
TN:
SF:build/lib/js/locale/angular-locale_uz-cyrl-uz.js
FNF:0
FNH:0
LF:0
LH:0
BRF:0
BRH:0
end_of_record
TN:
SF:build/lib/js/locale/angular-locale_uz-cyrl.js
FNF:0
FNH:0
LF:0
LH:0
BRF:0
BRH:0
end_of_record
TN:
SF:build/lib/js/locale/angular-locale_uz-latn-uz.js
FNF:0
FNH:0
LF:0
LH:0
BRF:0
BRH:0
end_of_record
TN:
SF:build/lib/js/locale/angular-locale_uz-latn.js
FNF:0
FNH:0
LF:0
LH:0
BRF:0
BRH:0
end_of_record
TN:
SF:build/lib/js/locale/angular-locale_uz.js
FNF:0
FNH:0
LF:0
LH:0
BRF:0
BRH:0
end_of_record
TN:
SF:build/lib/js/locale/angular-locale_vai-latn-lr.js
FNF:0
FNH:0
LF:0
LH:0
BRF:0
BRH:0
end_of_record
TN:
SF:build/lib/js/locale/angular-locale_vai-latn.js
FNF:0
FNH:0
LF:0
LH:0
BRF:0
BRH:0
end_of_record
TN:
SF:build/lib/js/locale/angular-locale_vai-vaii-lr.js
FNF:0
FNH:0
LF:0
LH:0
BRF:0
BRH:0
end_of_record
TN:
SF:build/lib/js/locale/angular-locale_vai-vaii.js
FNF:0
FNH:0
LF:0
LH:0
BRF:0
BRH:0
end_of_record
TN:
SF:build/lib/js/locale/angular-locale_vai.js
FNF:0
FNH:0
LF:0
LH:0
BRF:0
BRH:0
end_of_record
TN:
SF:build/lib/js/locale/angular-locale_ve-za.js
FNF:0
FNH:0
LF:0
LH:0
BRF:0
BRH:0
end_of_record
TN:
SF:build/lib/js/locale/angular-locale_ve.js
FNF:0
FNH:0
LF:0
LH:0
BRF:0
BRH:0
end_of_record
TN:
SF:build/lib/js/locale/angular-locale_vi-vn.js
FNF:0
FNH:0
LF:0
LH:0
BRF:0
BRH:0
end_of_record
TN:
SF:build/lib/js/locale/angular-locale_vi.js
FNF:0
FNH:0
LF:0
LH:0
BRF:0
BRH:0
end_of_record
TN:
SF:build/lib/js/locale/angular-locale_vo-001.js
FNF:0
FNH:0
LF:0
LH:0
BRF:0
BRH:0
end_of_record
TN:
SF:build/lib/js/locale/angular-locale_vo.js
FNF:0
FNH:0
LF:0
LH:0
BRF:0
BRH:0
end_of_record
TN:
SF:build/lib/js/locale/angular-locale_vun-tz.js
FNF:0
FNH:0
LF:0
LH:0
BRF:0
BRH:0
end_of_record
TN:
SF:build/lib/js/locale/angular-locale_vun.js
FNF:0
FNH:0
LF:0
LH:0
BRF:0
BRH:0
end_of_record
TN:
SF:build/lib/js/locale/angular-locale_wae-ch.js
FNF:0
FNH:0
LF:0
LH:0
BRF:0
BRH:0
end_of_record
TN:
SF:build/lib/js/locale/angular-locale_wae.js
FNF:0
FNH:0
LF:0
LH:0
BRF:0
BRH:0
end_of_record
TN:
SF:build/lib/js/locale/angular-locale_wal-et.js
FNF:0
FNH:0
LF:0
LH:0
BRF:0
BRH:0
end_of_record
TN:
SF:build/lib/js/locale/angular-locale_wal.js
FNF:0
FNH:0
LF:0
LH:0
BRF:0
BRH:0
end_of_record
TN:
SF:build/lib/js/locale/angular-locale_xh-za.js
FNF:0
FNH:0
LF:0
LH:0
BRF:0
BRH:0
end_of_record
TN:
SF:build/lib/js/locale/angular-locale_xh.js
FNF:0
FNH:0
LF:0
LH:0
BRF:0
BRH:0
end_of_record
TN:
SF:build/lib/js/locale/angular-locale_xog-ug.js
FNF:0
FNH:0
LF:0
LH:0
BRF:0
BRH:0
end_of_record
TN:
SF:build/lib/js/locale/angular-locale_xog.js
FNF:0
FNH:0
LF:0
LH:0
BRF:0
BRH:0
end_of_record
TN:
SF:build/lib/js/locale/angular-locale_yav-cm.js
FNF:0
FNH:0
LF:0
LH:0
BRF:0
BRH:0
end_of_record
TN:
SF:build/lib/js/locale/angular-locale_yav.js
FNF:0
FNH:0
LF:0
LH:0
BRF:0
BRH:0
end_of_record
TN:
SF:build/lib/js/locale/angular-locale_yi-001.js
FNF:0
FNH:0
LF:0
LH:0
BRF:0
BRH:0
end_of_record
TN:
SF:build/lib/js/locale/angular-locale_yi.js
FNF:0
FNH:0
LF:0
LH:0
BRF:0
BRH:0
end_of_record
TN:
SF:build/lib/js/locale/angular-locale_yo-bj.js
FNF:0
FNH:0
LF:0
LH:0
BRF:0
BRH:0
end_of_record
TN:
SF:build/lib/js/locale/angular-locale_yo-ng.js
FNF:0
FNH:0
LF:0
LH:0
BRF:0
BRH:0
end_of_record
TN:
SF:build/lib/js/locale/angular-locale_yo.js
FNF:0
FNH:0
LF:0
LH:0
BRF:0
BRH:0
end_of_record
TN:
SF:build/lib/js/locale/angular-locale_yue-hk.js
FNF:0
FNH:0
LF:0
LH:0
BRF:0
BRH:0
end_of_record
TN:
SF:build/lib/js/locale/angular-locale_yue.js
FNF:0
FNH:0
LF:0
LH:0
BRF:0
BRH:0
end_of_record
TN:
SF:build/lib/js/locale/angular-locale_zgh-ma.js
FNF:0
FNH:0
LF:0
LH:0
BRF:0
BRH:0
end_of_record
TN:
SF:build/lib/js/locale/angular-locale_zgh.js
FNF:0
FNH:0
LF:0
LH:0
BRF:0
BRH:0
end_of_record
TN:
SF:build/lib/js/locale/angular-locale_zh-cn.js
FNF:0
FNH:0
LF:0
LH:0
BRF:0
BRH:0
end_of_record
TN:
SF:build/lib/js/locale/angular-locale_zh-hans-cn.js
FNF:0
FNH:0
LF:0
LH:0
BRF:0
BRH:0
end_of_record
TN:
SF:build/lib/js/locale/angular-locale_zh-hans-hk.js
FNF:0
FNH:0
LF:0
LH:0
BRF:0
BRH:0
end_of_record
TN:
SF:build/lib/js/locale/angular-locale_zh-hans-mo.js
FNF:0
FNH:0
LF:0
LH:0
BRF:0
BRH:0
end_of_record
TN:
SF:build/lib/js/locale/angular-locale_zh-hans-sg.js
FNF:0
FNH:0
LF:0
LH:0
BRF:0
BRH:0
end_of_record
TN:
SF:build/lib/js/locale/angular-locale_zh-hans.js
FNF:0
FNH:0
LF:0
LH:0
BRF:0
BRH:0
end_of_record
TN:
SF:build/lib/js/locale/angular-locale_zh-hant-hk.js
FNF:0
FNH:0
LF:0
LH:0
BRF:0
BRH:0
end_of_record
TN:
SF:build/lib/js/locale/angular-locale_zh-hant-mo.js
FNF:0
FNH:0
LF:0
LH:0
BRF:0
BRH:0
end_of_record
TN:
SF:build/lib/js/locale/angular-locale_zh-hant-tw.js
FNF:0
FNH:0
LF:0
LH:0
BRF:0
BRH:0
end_of_record
TN:
SF:build/lib/js/locale/angular-locale_zh-hant.js
FNF:0
FNH:0
LF:0
LH:0
BRF:0
BRH:0
end_of_record
TN:
SF:build/lib/js/locale/angular-locale_zh-hk.js
FNF:0
FNH:0
LF:0
LH:0
BRF:0
BRH:0
end_of_record
TN:
SF:build/lib/js/locale/angular-locale_zh-tw.js
FNF:0
FNH:0
LF:0
LH:0
BRF:0
BRH:0
end_of_record
TN:
SF:build/lib/js/locale/angular-locale_zh.js
FNF:0
FNH:0
LF:0
LH:0
BRF:0
BRH:0
end_of_record
TN:
SF:build/lib/js/locale/angular-locale_zu-za.js
FNF:0
FNH:0
LF:0
LH:0
BRF:0
BRH:0
end_of_record
TN:
SF:build/lib/js/locale/angular-locale_zu.js
FNF:0
FNH:0
LF:0
LH:0
BRF:0
BRH:0
end_of_record
TN:
SF:build/lib/webfonts/@fortawesome/fontawesome-free/attribution.js
FNF:0
FNH:0
LF:0
LH:0
BRF:0
BRH:0
end_of_record
TN:
SF:build/lib/webfonts/@fortawesome/fontawesome-free/js/all.js
FNF:0
FNH:0
LF:0
LH:0
BRF:0
BRH:0
end_of_record
TN:
SF:build/lib/webfonts/@fortawesome/fontawesome-free/js/all.min.js
FNF:0
FNH:0
LF:0
LH:0
BRF:0
BRH:0
end_of_record
TN:
SF:build/lib/webfonts/@fortawesome/fontawesome-free/js/brands.js
FNF:0
FNH:0
LF:0
LH:0
BRF:0
BRH:0
end_of_record
TN:
SF:build/lib/webfonts/@fortawesome/fontawesome-free/js/brands.min.js
FNF:0
FNH:0
LF:0
LH:0
BRF:0
BRH:0
end_of_record
TN:
SF:build/lib/webfonts/@fortawesome/fontawesome-free/js/conflict-detection.js
FNF:0
FNH:0
LF:0
LH:0
BRF:0
BRH:0
end_of_record
TN:
SF:build/lib/webfonts/@fortawesome/fontawesome-free/js/conflict-detection.min.js
FNF:0
FNH:0
LF:0
LH:0
BRF:0
BRH:0
end_of_record
TN:
SF:build/lib/webfonts/@fortawesome/fontawesome-free/js/fontawesome.js
FNF:0
FNH:0
LF:0
LH:0
BRF:0
BRH:0
end_of_record
TN:
SF:build/lib/webfonts/@fortawesome/fontawesome-free/js/fontawesome.min.js
FNF:0
FNH:0
LF:0
LH:0
BRF:0
BRH:0
end_of_record
TN:
SF:build/lib/webfonts/@fortawesome/fontawesome-free/js/regular.js
FNF:0
FNH:0
LF:0
LH:0
BRF:0
BRH:0
end_of_record
TN:
SF:build/lib/webfonts/@fortawesome/fontawesome-free/js/regular.min.js
FNF:0
FNH:0
LF:0
LH:0
BRF:0
BRH:0
end_of_record
TN:
SF:build/lib/webfonts/@fortawesome/fontawesome-free/js/solid.js
FNF:0
FNH:0
LF:0
LH:0
BRF:0
BRH:0
end_of_record
TN:
SF:build/lib/webfonts/@fortawesome/fontawesome-free/js/solid.min.js
FNF:0
FNH:0
LF:0
LH:0
BRF:0
BRH:0
end_of_record
TN:
SF:build/lib/webfonts/@fortawesome/fontawesome-free/js/v4-shims.js
FNF:0
FNH:0
LF:0
LH:0
BRF:0
BRH:0
end_of_record
TN:
SF:build/lib/webfonts/@fortawesome/fontawesome-free/js/v4-shims.min.js
FNF:0
FNH:0
LF:0
LH:0
BRF:0
BRH:0
end_of_record
TN:
SF:build/viewer/pdf.min.js
FNF:0
FNH:0
LF:0
LH:0
BRF:0
BRH:0
end_of_record
TN:
SF:build/viewer/pdf.worker.min.js
FNF:0
FNH:0
LF:0
LH:0
BRF:0
BRH:0
end_of_record
TN:
SF:build/viewer/script.js
FNF:0
FNH:0
LF:0
LH:0
BRF:0
BRH:0
end_of_record
